ARM GAS  C:\Users\Louis\AppData\Local\Temp\cc6xAM2B.s 			page 1


   1              		.syntax unified
   2              		.cpu cortex-m3
   3              		.fpu softvfp
   4              		.eabi_attribute 20, 1
   5              		.eabi_attribute 21, 1
   6              		.eabi_attribute 23, 3
   7              		.eabi_attribute 24, 1
   8              		.eabi_attribute 25, 1
   9              		.eabi_attribute 26, 1
  10              		.eabi_attribute 30, 1
  11              		.eabi_attribute 34, 1
  12              		.eabi_attribute 18, 4
  13              		.thumb
  14              		.syntax unified
  15              		.file	"cymetadata.c"
  16              		.text
  17              	.Ltext0:
  18              		.cfi_sections	.debug_frame
  19              		.global	cy_metadata
  20              		.global	cy_meta_flashprotect
  21              		.global	cy_meta_wonvl
  22              		.global	cy_meta_custnvl
  23              		.global	cy_meta_configecc
  24              		.section	.cyconfigecc,"a",%progbits
  25              		.align	2
  26              		.type	cy_meta_configecc, %object
  27              		.size	cy_meta_configecc, 956
  28              	cy_meta_configecc:
  29 0000 02       		.byte	2
  30 0001 52       		.byte	82
  31 0002 00       		.byte	0
  32 0003 40       		.byte	64
  33 0004 01       		.byte	1
  34 0005 64       		.byte	100
  35 0006 00       		.byte	0
  36 0007 40       		.byte	64
  37 0008 02       		.byte	2
  38 0009 65       		.byte	101
  39 000a 00       		.byte	0
  40 000b 40       		.byte	64
  41 000c 5C       		.byte	92
  42 000d 08       		.byte	8
  43 000e 01       		.byte	1
  44 000f 40       		.byte	64
  45 0010 36       		.byte	54
  46 0011 09       		.byte	9
  47 0012 01       		.byte	1
  48 0013 40       		.byte	64
  49 0014 01       		.byte	1
  50 0015 17       		.byte	23
  51 0016 01       		.byte	1
  52 0017 40       		.byte	64
  53 0018 44       		.byte	68
  54 0019 18       		.byte	24
  55 001a 01       		.byte	1
  56 001b 40       		.byte	64
  57 001c 34       		.byte	52
ARM GAS  C:\Users\Louis\AppData\Local\Temp\cc6xAM2B.s 			page 2


  58 001d 19       		.byte	25
  59 001e 01       		.byte	1
  60 001f 40       		.byte	64
  61 0020 40       		.byte	64
  62 0021 1A       		.byte	26
  63 0022 01       		.byte	1
  64 0023 40       		.byte	64
  65 0024 47       		.byte	71
  66 0025 1B       		.byte	27
  67 0026 01       		.byte	1
  68 0027 40       		.byte	64
  69 0028 02       		.byte	2
  70 0029 40       		.byte	64
  71 002a 01       		.byte	1
  72 002b 40       		.byte	64
  73 002c 01       		.byte	1
  74 002d 41       		.byte	65
  75 002e 01       		.byte	1
  76 002f 40       		.byte	64
  77 0030 01       		.byte	1
  78 0031 42       		.byte	66
  79 0032 01       		.byte	1
  80 0033 40       		.byte	64
  81 0034 01       		.byte	1
  82 0035 43       		.byte	67
  83 0036 01       		.byte	1
  84 0037 40       		.byte	64
  85 0038 03       		.byte	3
  86 0039 48       		.byte	72
  87 003a 01       		.byte	1
  88 003b 40       		.byte	64
  89 003c 07       		.byte	7
  90 003d 4D       		.byte	77
  91 003e 01       		.byte	1
  92 003f 40       		.byte	64
  93 0040 04       		.byte	4
  94 0041 50       		.byte	80
  95 0042 01       		.byte	1
  96 0043 40       		.byte	64
  97 0044 01       		.byte	1
  98 0045 51       		.byte	81
  99 0046 01       		.byte	1
 100 0047 40       		.byte	64
 101 0048 61       		.byte	97
 102 0049 80       		.byte	-128
 103 004a 64       		.byte	100
 104 004b 40       		.byte	64
 105 004c 88       		.byte	-120
 106 004d 0F       		.byte	15
 107 004e 88       		.byte	-120
 108 004f 38       		.byte	56
 109 0050 8B       		.byte	-117
 110 0051 72       		.byte	114
 111 0052 00       		.byte	0
 112 0053 13       		.byte	19
 113 0054 02       		.byte	2
 114 0055 0C       		.byte	12
ARM GAS  C:\Users\Louis\AppData\Local\Temp\cc6xAM2B.s 			page 3


 115 0056 04       		.byte	4
 116 0057 0A       		.byte	10
 117 0058 05       		.byte	5
 118 0059 09       		.byte	9
 119 005a 06       		.byte	6
 120 005b 14       		.byte	20
 121 005c 07       		.byte	7
 122 005d 10       		.byte	16
 123 005e 0A       		.byte	10
 124 005f 15       		.byte	21
 125 0060 0D       		.byte	13
 126 0061 14       		.byte	20
 127 0062 11       		.byte	17
 128 0063 0C       		.byte	12
 129 0064 13       		.byte	19
 130 0065 11       		.byte	17
 131 0066 16       		.byte	22
 132 0067 20       		.byte	32
 133 0068 19       		.byte	25
 134 0069 1C       		.byte	28
 135 006a 1A       		.byte	26
 136 006b 08       		.byte	8
 137 006c 1B       		.byte	27
 138 006d 02       		.byte	2
 139 006e 1C       		.byte	28
 140 006f 13       		.byte	19
 141 0070 1E       		.byte	30
 142 0071 04       		.byte	4
 143 0072 1F       		.byte	31
 144 0073 03       		.byte	3
 145 0074 21       		.byte	33
 146 0075 10       		.byte	16
 147 0076 22       		.byte	34
 148 0077 20       		.byte	32
 149 0078 23       		.byte	35
 150 0079 0C       		.byte	12
 151 007a 24       		.byte	36
 152 007b 03       		.byte	3
 153 007c 26       		.byte	38
 154 007d 14       		.byte	20
 155 007e 2D       		.byte	45
 156 007f 10       		.byte	16
 157 0080 30       		.byte	48
 158 0081 10       		.byte	16
 159 0082 31       		.byte	49
 160 0083 1F       		.byte	31
 161 0084 34       		.byte	52
 162 0085 20       		.byte	32
 163 0086 36       		.byte	54
 164 0087 0F       		.byte	15
 165 0088 3A       		.byte	58
 166 0089 80       		.byte	-128
 167 008a 3E       		.byte	62
 168 008b 11       		.byte	17
 169 008c 40       		.byte	64
 170 008d 16       		.byte	22
 171 008e 41       		.byte	65
ARM GAS  C:\Users\Louis\AppData\Local\Temp\cc6xAM2B.s 			page 4


 172 008f 04       		.byte	4
 173 0090 46       		.byte	70
 174 0091 CB       		.byte	-53
 175 0092 47       		.byte	71
 176 0093 E0       		.byte	-32
 177 0094 48       		.byte	72
 178 0095 2C       		.byte	44
 179 0096 49       		.byte	73
 180 0097 FF       		.byte	-1
 181 0098 4A       		.byte	74
 182 0099 FF       		.byte	-1
 183 009a 4B       		.byte	75
 184 009b FF       		.byte	-1
 185 009c 4E       		.byte	78
 186 009d F0       		.byte	-16
 187 009e 4F       		.byte	79
 188 009f 44       		.byte	68
 189 00a0 50       		.byte	80
 190 00a1 0C       		.byte	12
 191 00a2 54       		.byte	84
 192 00a3 01       		.byte	1
 193 00a4 58       		.byte	88
 194 00a5 04       		.byte	4
 195 00a6 59       		.byte	89
 196 00a7 04       		.byte	4
 197 00a8 5A       		.byte	90
 198 00a9 04       		.byte	4
 199 00aa 5B       		.byte	91
 200 00ab 04       		.byte	4
 201 00ac 5F       		.byte	95
 202 00ad 01       		.byte	1
 203 00ae 66       		.byte	102
 204 00af C0       		.byte	-64
 205 00b0 6A       		.byte	106
 206 00b1 40       		.byte	64
 207 00b2 6B       		.byte	107
 208 00b3 02       		.byte	2
 209 00b4 85       		.byte	-123
 210 00b5 80       		.byte	-128
 211 00b6 87       		.byte	-121
 212 00b7 13       		.byte	19
 213 00b8 8A       		.byte	-118
 214 00b9 01       		.byte	1
 215 00ba 8E       		.byte	-114
 216 00bb 02       		.byte	2
 217 00bc 94       		.byte	-108
 218 00bd 06       		.byte	6
 219 00be 95       		.byte	-107
 220 00bf 2C       		.byte	44
 221 00c0 96       		.byte	-106
 222 00c1 01       		.byte	1
 223 00c2 97       		.byte	-105
 224 00c3 43       		.byte	67
 225 00c4 9B       		.byte	-101
 226 00c5 0C       		.byte	12
 227 00c6 9E       		.byte	-98
 228 00c7 05       		.byte	5
ARM GAS  C:\Users\Louis\AppData\Local\Temp\cc6xAM2B.s 			page 5


 229 00c8 9F       		.byte	-97
 230 00c9 08       		.byte	8
 231 00ca A1       		.byte	-95
 232 00cb 71       		.byte	113
 233 00cc A2       		.byte	-94
 234 00cd 03       		.byte	3
 235 00ce A3       		.byte	-93
 236 00cf 0E       		.byte	14
 237 00d0 A6       		.byte	-90
 238 00d1 06       		.byte	6
 239 00d2 AD       		.byte	-83
 240 00d3 71       		.byte	113
 241 00d4 AF       		.byte	-81
 242 00d5 06       		.byte	6
 243 00d6 B0       		.byte	-80
 244 00d7 07       		.byte	7
 245 00d8 B1       		.byte	-79
 246 00d9 30       		.byte	48
 247 00da B3       		.byte	-77
 248 00db 0F       		.byte	15
 249 00dc B5       		.byte	-75
 250 00dd C0       		.byte	-64
 251 00de B9       		.byte	-71
 252 00df 22       		.byte	34
 253 00e0 BA       		.byte	-70
 254 00e1 02       		.byte	2
 255 00e2 BB       		.byte	-69
 256 00e3 08       		.byte	8
 257 00e4 BF       		.byte	-65
 258 00e5 01       		.byte	1
 259 00e6 C0       		.byte	-64
 260 00e7 04       		.byte	4
 261 00e8 C5       		.byte	-59
 262 00e9 40       		.byte	64
 263 00ea C9       		.byte	-55
 264 00eb FF       		.byte	-1
 265 00ec CA       		.byte	-54
 266 00ed 07       		.byte	7
 267 00ee CB       		.byte	-53
 268 00ef FF       		.byte	-1
 269 00f0 CC       		.byte	-52
 270 00f1 40       		.byte	64
 271 00f2 CD       		.byte	-51
 272 00f3 20       		.byte	32
 273 00f4 CE       		.byte	-50
 274 00f5 F0       		.byte	-16
 275 00f6 CF       		.byte	-49
 276 00f7 05       		.byte	5
 277 00f8 D0       		.byte	-48
 278 00f9 08       		.byte	8
 279 00fa D8       		.byte	-40
 280 00fb 04       		.byte	4
 281 00fc D9       		.byte	-39
 282 00fd 04       		.byte	4
 283 00fe DA       		.byte	-38
 284 00ff 04       		.byte	4
 285 0100 DF       		.byte	-33
ARM GAS  C:\Users\Louis\AppData\Local\Temp\cc6xAM2B.s 			page 6


 286 0101 01       		.byte	1
 287 0102 E0       		.byte	-32
 288 0103 40       		.byte	64
 289 0104 E1       		.byte	-31
 290 0105 A8       		.byte	-88
 291 0106 E2       		.byte	-30
 292 0107 40       		.byte	64
 293 0108 E3       		.byte	-29
 294 0109 20       		.byte	32
 295 010a 00       		.byte	0
 296 010b 80       		.byte	-128
 297 010c 02       		.byte	2
 298 010d 04       		.byte	4
 299 010e 03       		.byte	3
 300 010f 02       		.byte	2
 301 0110 06       		.byte	6
 302 0111 44       		.byte	68
 303 0112 07       		.byte	7
 304 0113 20       		.byte	32
 305 0114 09       		.byte	9
 306 0115 88       		.byte	-120
 307 0116 0E       		.byte	14
 308 0117 20       		.byte	32
 309 0118 0F       		.byte	15
 310 0119 06       		.byte	6
 311 011a 10       		.byte	16
 312 011b 40       		.byte	64
 313 011c 13       		.byte	19
 314 011d 04       		.byte	4
 315 011e 14       		.byte	20
 316 011f 20       		.byte	32
 317 0120 16       		.byte	22
 318 0121 A0       		.byte	-96
 319 0122 19       		.byte	25
 320 0123 01       		.byte	1
 321 0124 1B       		.byte	27
 322 0125 01       		.byte	1
 323 0126 1D       		.byte	29
 324 0127 C0       		.byte	-64
 325 0128 1E       		.byte	30
 326 0129 40       		.byte	64
 327 012a 1F       		.byte	31
 328 012b 60       		.byte	96
 329 012c 20       		.byte	32
 330 012d 40       		.byte	64
 331 012e 21       		.byte	33
 332 012f 08       		.byte	8
 333 0130 22       		.byte	34
 334 0131 10       		.byte	16
 335 0132 23       		.byte	35
 336 0133 24       		.byte	36
 337 0134 26       		.byte	38
 338 0135 02       		.byte	2
 339 0136 27       		.byte	39
 340 0137 40       		.byte	64
 341 0138 28       		.byte	40
 342 0139 40       		.byte	64
ARM GAS  C:\Users\Louis\AppData\Local\Temp\cc6xAM2B.s 			page 7


 343 013a 29       		.byte	41
 344 013b 41       		.byte	65
 345 013c 2A       		.byte	42
 346 013d 40       		.byte	64
 347 013e 2F       		.byte	47
 348 013f 42       		.byte	66
 349 0140 30       		.byte	48
 350 0141 80       		.byte	-128
 351 0142 31       		.byte	49
 352 0143 08       		.byte	8
 353 0144 32       		.byte	50
 354 0145 10       		.byte	16
 355 0146 35       		.byte	53
 356 0147 01       		.byte	1
 357 0148 37       		.byte	55
 358 0149 60       		.byte	96
 359 014a 38       		.byte	56
 360 014b 08       		.byte	8
 361 014c 3F       		.byte	63
 362 014d 84       		.byte	-124
 363 014e 40       		.byte	64
 364 014f 40       		.byte	64
 365 0150 44       		.byte	68
 366 0151 40       		.byte	64
 367 0152 45       		.byte	69
 368 0153 80       		.byte	-128
 369 0154 48       		.byte	72
 370 0155 C0       		.byte	-64
 371 0156 4C       		.byte	76
 372 0157 04       		.byte	4
 373 0158 50       		.byte	80
 374 0159 04       		.byte	4
 375 015a 52       		.byte	82
 376 015b 04       		.byte	4
 377 015c 56       		.byte	86
 378 015d 21       		.byte	33
 379 015e 57       		.byte	87
 380 015f 40       		.byte	64
 381 0160 5C       		.byte	92
 382 0161 22       		.byte	34
 383 0162 5E       		.byte	94
 384 0163 48       		.byte	72
 385 0164 C0       		.byte	-64
 386 0165 73       		.byte	115
 387 0166 C2       		.byte	-62
 388 0167 E5       		.byte	-27
 389 0168 C4       		.byte	-60
 390 0169 3C       		.byte	60
 391 016a CA       		.byte	-54
 392 016b 99       		.byte	-103
 393 016c CC       		.byte	-52
 394 016d BE       		.byte	-66
 395 016e CE       		.byte	-50
 396 016f 52       		.byte	82
 397 0170 D0       		.byte	-48
 398 0171 91       		.byte	-111
 399 0172 D2       		.byte	-46
ARM GAS  C:\Users\Louis\AppData\Local\Temp\cc6xAM2B.s 			page 8


 400 0173 20       		.byte	32
 401 0174 D6       		.byte	-42
 402 0175 F0       		.byte	-16
 403 0176 E6       		.byte	-26
 404 0177 08       		.byte	8
 405 0178 01       		.byte	1
 406 0179 1C       		.byte	28
 407 017a 02       		.byte	2
 408 017b 01       		.byte	1
 409 017c 03       		.byte	3
 410 017d 01       		.byte	1
 411 017e 05       		.byte	5
 412 017f 07       		.byte	7
 413 0180 06       		.byte	6
 414 0181 01       		.byte	1
 415 0182 07       		.byte	7
 416 0183 18       		.byte	24
 417 0184 09       		.byte	9
 418 0185 1F       		.byte	31
 419 0186 0D       		.byte	13
 420 0187 10       		.byte	16
 421 0188 12       		.byte	18
 422 0189 02       		.byte	2
 423 018a 13       		.byte	19
 424 018b 03       		.byte	3
 425 018c 14       		.byte	20
 426 018d 01       		.byte	1
 427 018e 17       		.byte	23
 428 018f 04       		.byte	4
 429 0190 19       		.byte	25
 430 0191 18       		.byte	24
 431 0192 1F       		.byte	31
 432 0193 20       		.byte	32
 433 0194 20       		.byte	32
 434 0195 01       		.byte	1
 435 0196 21       		.byte	33
 436 0197 1C       		.byte	28
 437 0198 23       		.byte	35
 438 0199 02       		.byte	2
 439 019a 25       		.byte	37
 440 019b 08       		.byte	8
 441 019c 26       		.byte	38
 442 019d 02       		.byte	2
 443 019e 2B       		.byte	43
 444 019f 40       		.byte	64
 445 01a0 2C       		.byte	44
 446 01a1 04       		.byte	4
 447 01a2 2D       		.byte	45
 448 01a3 04       		.byte	4
 449 01a4 2F       		.byte	47
 450 01a5 40       		.byte	64
 451 01a6 30       		.byte	48
 452 01a7 01       		.byte	1
 453 01a8 31       		.byte	49
 454 01a9 60       		.byte	96
 455 01aa 32       		.byte	50
 456 01ab 02       		.byte	2
ARM GAS  C:\Users\Louis\AppData\Local\Temp\cc6xAM2B.s 			page 9


 457 01ac 33       		.byte	51
 458 01ad 1F       		.byte	31
 459 01ae 34       		.byte	52
 460 01af 04       		.byte	4
 461 01b0 38       		.byte	56
 462 01b1 02       		.byte	2
 463 01b2 3B       		.byte	59
 464 01b3 08       		.byte	8
 465 01b4 3E       		.byte	62
 466 01b5 14       		.byte	20
 467 01b6 3F       		.byte	63
 468 01b7 01       		.byte	1
 469 01b8 40       		.byte	64
 470 01b9 46       		.byte	70
 471 01ba 41       		.byte	65
 472 01bb 03       		.byte	3
 473 01bc 42       		.byte	66
 474 01bd 02       		.byte	2
 475 01be 44       		.byte	68
 476 01bf 01       		.byte	1
 477 01c0 45       		.byte	69
 478 01c1 0E       		.byte	14
 479 01c2 46       		.byte	70
 480 01c3 0C       		.byte	12
 481 01c4 48       		.byte	72
 482 01c5 05       		.byte	5
 483 01c6 49       		.byte	73
 484 01c7 FF       		.byte	-1
 485 01c8 4A       		.byte	74
 486 01c9 FF       		.byte	-1
 487 01ca 4B       		.byte	75
 488 01cb FF       		.byte	-1
 489 01cc 4C       		.byte	76
 490 01cd 62       		.byte	98
 491 01ce 4D       		.byte	77
 492 01cf A0       		.byte	-96
 493 01d0 4E       		.byte	78
 494 01d1 F0       		.byte	-16
 495 01d2 4F       		.byte	79
 496 01d3 41       		.byte	65
 497 01d4 50       		.byte	80
 498 01d5 0C       		.byte	12
 499 01d6 54       		.byte	84
 500 01d7 18       		.byte	24
 501 01d8 56       		.byte	86
 502 01d9 04       		.byte	4
 503 01da 58       		.byte	88
 504 01db 04       		.byte	4
 505 01dc 59       		.byte	89
 506 01dd 04       		.byte	4
 507 01de 5A       		.byte	90
 508 01df 04       		.byte	4
 509 01e0 5B       		.byte	91
 510 01e1 04       		.byte	4
 511 01e2 5F       		.byte	95
 512 01e3 01       		.byte	1
 513 01e4 66       		.byte	102
ARM GAS  C:\Users\Louis\AppData\Local\Temp\cc6xAM2B.s 			page 10


 514 01e5 40       		.byte	64
 515 01e6 67       		.byte	103
 516 01e7 02       		.byte	2
 517 01e8 69       		.byte	105
 518 01e9 10       		.byte	16
 519 01ea 6A       		.byte	106
 520 01eb 30       		.byte	48
 521 01ec 6B       		.byte	107
 522 01ed 10       		.byte	16
 523 01ee 6D       		.byte	109
 524 01ef 10       		.byte	16
 525 01f0 6E       		.byte	110
 526 01f1 10       		.byte	16
 527 01f2 6F       		.byte	111
 528 01f3 12       		.byte	18
 529 01f4 84       		.byte	-124
 530 01f5 01       		.byte	1
 531 01f6 88       		.byte	-120
 532 01f7 01       		.byte	1
 533 01f8 8C       		.byte	-116
 534 01f9 01       		.byte	1
 535 01fa B4       		.byte	-76
 536 01fb 01       		.byte	1
 537 01fc D8       		.byte	-40
 538 01fd 04       		.byte	4
 539 01fe DF       		.byte	-33
 540 01ff 01       		.byte	1
 541 0200 01       		.byte	1
 542 0201 40       		.byte	64
 543 0202 03       		.byte	3
 544 0203 28       		.byte	40
 545 0204 04       		.byte	4
 546 0205 01       		.byte	1
 547 0206 07       		.byte	7
 548 0207 10       		.byte	16
 549 0208 0E       		.byte	14
 550 0209 90       		.byte	-112
 551 020a 14       		.byte	20
 552 020b 82       		.byte	-126
 553 020c 15       		.byte	21
 554 020d 04       		.byte	4
 555 020e 16       		.byte	22
 556 020f 01       		.byte	1
 557 0210 1A       		.byte	26
 558 0211 08       		.byte	8
 559 0212 1E       		.byte	30
 560 0213 88       		.byte	-120
 561 0214 1F       		.byte	31
 562 0215 04       		.byte	4
 563 0216 27       		.byte	39
 564 0217 50       		.byte	80
 565 0218 2C       		.byte	44
 566 0219 82       		.byte	-126
 567 021a 2D       		.byte	45
 568 021b 20       		.byte	32
 569 021c 2E       		.byte	46
 570 021d 08       		.byte	8
ARM GAS  C:\Users\Louis\AppData\Local\Temp\cc6xAM2B.s 			page 11


 571 021e 35       		.byte	53
 572 021f 0A       		.byte	10
 573 0220 36       		.byte	54
 574 0221 80       		.byte	-128
 575 0222 37       		.byte	55
 576 0223 20       		.byte	32
 577 0224 3C       		.byte	60
 578 0225 89       		.byte	-119
 579 0226 3E       		.byte	62
 580 0227 10       		.byte	16
 581 0228 44       		.byte	68
 582 0229 80       		.byte	-128
 583 022a 45       		.byte	69
 584 022b 18       		.byte	24
 585 022c 47       		.byte	71
 586 022d 40       		.byte	64
 587 022e 4D       		.byte	77
 588 022f 04       		.byte	4
 589 0230 4E       		.byte	78
 590 0231 04       		.byte	4
 591 0232 56       		.byte	86
 592 0233 80       		.byte	-128
 593 0234 5D       		.byte	93
 594 0235 01       		.byte	1
 595 0236 66       		.byte	102
 596 0237 02       		.byte	2
 597 0238 67       		.byte	103
 598 0239 0A       		.byte	10
 599 023a 86       		.byte	-122
 600 023b 02       		.byte	2
 601 023c 89       		.byte	-119
 602 023d 02       		.byte	2
 603 023e 8A       		.byte	-118
 604 023f 04       		.byte	4
 605 0240 8B       		.byte	-117
 606 0241 01       		.byte	1
 607 0242 8C       		.byte	-116
 608 0243 80       		.byte	-128
 609 0244 8F       		.byte	-113
 610 0245 10       		.byte	16
 611 0246 93       		.byte	-109
 612 0247 02       		.byte	2
 613 0248 9A       		.byte	-102
 614 0249 01       		.byte	1
 615 024a 9C       		.byte	-100
 616 024b 02       		.byte	2
 617 024c 9E       		.byte	-98
 618 024d 80       		.byte	-128
 619 024e A2       		.byte	-94
 620 024f 02       		.byte	2
 621 0250 A6       		.byte	-90
 622 0251 14       		.byte	20
 623 0252 B7       		.byte	-73
 624 0253 21       		.byte	33
 625 0254 C0       		.byte	-64
 626 0255 37       		.byte	55
 627 0256 C2       		.byte	-62
ARM GAS  C:\Users\Louis\AppData\Local\Temp\cc6xAM2B.s 			page 12


 628 0257 30       		.byte	48
 629 0258 C4       		.byte	-60
 630 0259 B0       		.byte	-80
 631 025a CA       		.byte	-54
 632 025b F0       		.byte	-16
 633 025c CC       		.byte	-52
 634 025d F0       		.byte	-16
 635 025e CE       		.byte	-50
 636 025f F0       		.byte	-16
 637 0260 D0       		.byte	-48
 638 0261 F0       		.byte	-16
 639 0262 D2       		.byte	-46
 640 0263 20       		.byte	32
 641 0264 D6       		.byte	-42
 642 0265 80       		.byte	-128
 643 0266 D8       		.byte	-40
 644 0267 B0       		.byte	-80
 645 0268 01       		.byte	1
 646 0269 02       		.byte	2
 647 026a 03       		.byte	3
 648 026b 01       		.byte	1
 649 026c 04       		.byte	4
 650 026d 06       		.byte	6
 651 026e 08       		.byte	8
 652 026f 04       		.byte	4
 653 0270 0A       		.byte	10
 654 0271 02       		.byte	2
 655 0272 15       		.byte	21
 656 0273 07       		.byte	7
 657 0274 19       		.byte	25
 658 0275 07       		.byte	7
 659 0276 1D       		.byte	29
 660 0277 01       		.byte	1
 661 0278 1F       		.byte	31
 662 0279 06       		.byte	6
 663 027a 28       		.byte	40
 664 027b 06       		.byte	6
 665 027c 29       		.byte	41
 666 027d 04       		.byte	4
 667 027e 2B       		.byte	43
 668 027f 01       		.byte	1
 669 0280 2C       		.byte	44
 670 0281 02       		.byte	2
 671 0282 2E       		.byte	46
 672 0283 05       		.byte	5
 673 0284 32       		.byte	50
 674 0285 01       		.byte	1
 675 0286 34       		.byte	52
 676 0287 06       		.byte	6
 677 0288 37       		.byte	55
 678 0289 07       		.byte	7
 679 028a 58       		.byte	88
 680 028b 04       		.byte	4
 681 028c 59       		.byte	89
 682 028d 04       		.byte	4
 683 028e 5F       		.byte	95
 684 028f 01       		.byte	1
ARM GAS  C:\Users\Louis\AppData\Local\Temp\cc6xAM2B.s 			page 13


 685 0290 80       		.byte	-128
 686 0291 1F       		.byte	31
 687 0292 81       		.byte	-127
 688 0293 08       		.byte	8
 689 0294 82       		.byte	-126
 690 0295 20       		.byte	32
 691 0296 84       		.byte	-124
 692 0297 0C       		.byte	12
 693 0298 85       		.byte	-123
 694 0299 04       		.byte	4
 695 029a 88       		.byte	-120
 696 029b 04       		.byte	4
 697 029c 89       		.byte	-119
 698 029d 0C       		.byte	12
 699 029e 8C       		.byte	-116
 700 029f 01       		.byte	1
 701 02a0 8D       		.byte	-115
 702 02a1 10       		.byte	16
 703 02a2 91       		.byte	-111
 704 02a3 01       		.byte	1
 705 02a4 94       		.byte	-108
 706 02a5 3F       		.byte	63
 707 02a6 95       		.byte	-107
 708 02a7 3E       		.byte	62
 709 02a8 98       		.byte	-104
 710 02a9 33       		.byte	51
 711 02aa 99       		.byte	-103
 712 02ab 20       		.byte	32
 713 02ac 9A       		.byte	-102
 714 02ad 0C       		.byte	12
 715 02ae 9D       		.byte	-99
 716 02af 30       		.byte	48
 717 02b0 9E       		.byte	-98
 718 02b1 23       		.byte	35
 719 02b2 A0       		.byte	-96
 720 02b3 03       		.byte	3
 721 02b4 A3       		.byte	-93
 722 02b5 32       		.byte	50
 723 02b6 A4       		.byte	-92
 724 02b7 02       		.byte	2
 725 02b8 A5       		.byte	-91
 726 02b9 32       		.byte	50
 727 02ba A7       		.byte	-89
 728 02bb 0C       		.byte	12
 729 02bc A8       		.byte	-88
 730 02bd 1C       		.byte	28
 731 02be A9       		.byte	-87
 732 02bf 0E       		.byte	14
 733 02c0 AA       		.byte	-86
 734 02c1 23       		.byte	35
 735 02c2 AB       		.byte	-85
 736 02c3 30       		.byte	48
 737 02c4 AC       		.byte	-84
 738 02c5 08       		.byte	8
 739 02c6 AD       		.byte	-83
 740 02c7 0C       		.byte	12
 741 02c8 AF       		.byte	-81
ARM GAS  C:\Users\Louis\AppData\Local\Temp\cc6xAM2B.s 			page 14


 742 02c9 32       		.byte	50
 743 02ca B0       		.byte	-80
 744 02cb 10       		.byte	16
 745 02cc B3       		.byte	-77
 746 02cd 30       		.byte	48
 747 02ce B4       		.byte	-76
 748 02cf 0F       		.byte	15
 749 02d0 B5       		.byte	-75
 750 02d1 0E       		.byte	14
 751 02d2 B6       		.byte	-74
 752 02d3 2C       		.byte	44
 753 02d4 B7       		.byte	-73
 754 02d5 01       		.byte	1
 755 02d6 BA       		.byte	-70
 756 02d7 A8       		.byte	-88
 757 02d8 BE       		.byte	-66
 758 02d9 01       		.byte	1
 759 02da BF       		.byte	-65
 760 02db 40       		.byte	64
 761 02dc D6       		.byte	-42
 762 02dd 02       		.byte	2
 763 02de D7       		.byte	-41
 764 02df 10       		.byte	16
 765 02e0 D8       		.byte	-40
 766 02e1 04       		.byte	4
 767 02e2 D9       		.byte	-39
 768 02e3 04       		.byte	4
 769 02e4 DB       		.byte	-37
 770 02e5 04       		.byte	4
 771 02e6 DF       		.byte	-33
 772 02e7 01       		.byte	1
 773 02e8 01       		.byte	1
 774 02e9 20       		.byte	32
 775 02ea 03       		.byte	3
 776 02eb 20       		.byte	32
 777 02ec 04       		.byte	4
 778 02ed 01       		.byte	1
 779 02ee 06       		.byte	6
 780 02ef 89       		.byte	-119
 781 02f0 07       		.byte	7
 782 02f1 20       		.byte	32
 783 02f2 0C       		.byte	12
 784 02f3 80       		.byte	-128
 785 02f4 0E       		.byte	14
 786 02f5 18       		.byte	24
 787 02f6 0F       		.byte	15
 788 02f7 02       		.byte	2
 789 02f8 10       		.byte	16
 790 02f9 0A       		.byte	10
 791 02fa 14       		.byte	20
 792 02fb 10       		.byte	16
 793 02fc 15       		.byte	21
 794 02fd 10       		.byte	16
 795 02fe 16       		.byte	22
 796 02ff 02       		.byte	2
 797 0300 17       		.byte	23
 798 0301 12       		.byte	18
ARM GAS  C:\Users\Louis\AppData\Local\Temp\cc6xAM2B.s 			page 15


 799 0302 19       		.byte	25
 800 0303 28       		.byte	40
 801 0304 1C       		.byte	28
 802 0305 09       		.byte	9
 803 0306 1D       		.byte	29
 804 0307 0C       		.byte	12
 805 0308 1E       		.byte	30
 806 0309 58       		.byte	88
 807 030a 1F       		.byte	31
 808 030b 10       		.byte	16
 809 030c 22       		.byte	34
 810 030d 80       		.byte	-128
 811 030e 23       		.byte	35
 812 030f 02       		.byte	2
 813 0310 25       		.byte	37
 814 0311 50       		.byte	80
 815 0312 26       		.byte	38
 816 0313 18       		.byte	24
 817 0314 29       		.byte	41
 818 0315 20       		.byte	32
 819 0316 2C       		.byte	44
 820 0317 80       		.byte	-128
 821 0318 2D       		.byte	45
 822 0319 10       		.byte	16
 823 031a 2E       		.byte	46
 824 031b 80       		.byte	-128
 825 031c 2F       		.byte	47
 826 031d 10       		.byte	16
 827 031e 30       		.byte	48
 828 031f 08       		.byte	8
 829 0320 32       		.byte	50
 830 0321 80       		.byte	-128
 831 0322 33       		.byte	51
 832 0323 20       		.byte	32
 833 0324 34       		.byte	52
 834 0325 10       		.byte	16
 835 0326 35       		.byte	53
 836 0327 24       		.byte	36
 837 0328 36       		.byte	54
 838 0329 82       		.byte	-126
 839 032a 3A       		.byte	58
 840 032b 01       		.byte	1
 841 032c 3E       		.byte	62
 842 032d 2A       		.byte	42
 843 032e 3F       		.byte	63
 844 032f 80       		.byte	-128
 845 0330 5E       		.byte	94
 846 0331 40       		.byte	64
 847 0332 6C       		.byte	108
 848 0333 08       		.byte	8
 849 0334 6D       		.byte	109
 850 0335 40       		.byte	64
 851 0336 6F       		.byte	111
 852 0337 28       		.byte	40
 853 0338 74       		.byte	116
 854 0339 40       		.byte	64
 855 033a 76       		.byte	118
ARM GAS  C:\Users\Louis\AppData\Local\Temp\cc6xAM2B.s 			page 16


 856 033b 2A       		.byte	42
 857 033c 77       		.byte	119
 858 033d 20       		.byte	32
 859 033e 85       		.byte	-123
 860 033f 41       		.byte	65
 861 0340 86       		.byte	-122
 862 0341 08       		.byte	8
 863 0342 88       		.byte	-120
 864 0343 84       		.byte	-124
 865 0344 8C       		.byte	-116
 866 0345 02       		.byte	2
 867 0346 8E       		.byte	-114
 868 0347 01       		.byte	1
 869 0348 8F       		.byte	-113
 870 0349 40       		.byte	64
 871 034a 94       		.byte	-108
 872 034b 01       		.byte	1
 873 034c 95       		.byte	-107
 874 034d 41       		.byte	65
 875 034e 96       		.byte	-106
 876 034f 10       		.byte	16
 877 0350 9B       		.byte	-101
 878 0351 10       		.byte	16
 879 0352 9C       		.byte	-100
 880 0353 80       		.byte	-128
 881 0354 9D       		.byte	-99
 882 0355 28       		.byte	40
 883 0356 9E       		.byte	-98
 884 0357 08       		.byte	8
 885 0358 9F       		.byte	-97
 886 0359 20       		.byte	32
 887 035a A2       		.byte	-94
 888 035b 02       		.byte	2
 889 035c A3       		.byte	-93
 890 035d 01       		.byte	1
 891 035e A4       		.byte	-92
 892 035f 46       		.byte	70
 893 0360 A5       		.byte	-91
 894 0361 18       		.byte	24
 895 0362 A6       		.byte	-90
 896 0363 90       		.byte	-112
 897 0364 A7       		.byte	-89
 898 0365 28       		.byte	40
 899 0366 C0       		.byte	-64
 900 0367 F6       		.byte	-10
 901 0368 C2       		.byte	-62
 902 0369 E0       		.byte	-32
 903 036a C4       		.byte	-60
 904 036b F3       		.byte	-13
 905 036c CA       		.byte	-54
 906 036d F4       		.byte	-12
 907 036e CC       		.byte	-52
 908 036f FE       		.byte	-2
 909 0370 CE       		.byte	-50
 910 0371 F1       		.byte	-15
 911 0372 D6       		.byte	-42
 912 0373 10       		.byte	16
ARM GAS  C:\Users\Louis\AppData\Local\Temp\cc6xAM2B.s 			page 17


 913 0374 E0       		.byte	-32
 914 0375 02       		.byte	2
 915 0376 33       		.byte	51
 916 0377 80       		.byte	-128
 917 0378 CC       		.byte	-52
 918 0379 10       		.byte	16
 919 037a A7       		.byte	-89
 920 037b 80       		.byte	-128
 921 037c A7       		.byte	-89
 922 037d 80       		.byte	-128
 923 037e A7       		.byte	-89
 924 037f 80       		.byte	-128
 925 0380 87       		.byte	-121
 926 0381 80       		.byte	-128
 927 0382 A7       		.byte	-89
 928 0383 80       		.byte	-128
 929 0384 E6       		.byte	-26
 930 0385 10       		.byte	16
 931 0386 10       		.byte	16
 932 0387 80       		.byte	-128
 933 0388 71       		.byte	113
 934 0389 02       		.byte	2
 935 038a 85       		.byte	-123
 936 038b 02       		.byte	2
 937 038c 8C       		.byte	-116
 938 038d 80       		.byte	-128
 939 038e C4       		.byte	-60
 940 038f 08       		.byte	8
 941 0390 DC       		.byte	-36
 942 0391 01       		.byte	1
 943 0392 E6       		.byte	-26
 944 0393 02       		.byte	2
 945 0394 00       		.byte	0
 946 0395 01       		.byte	1
 947 0396 0C       		.byte	12
 948 0397 01       		.byte	1
 949 0398 10       		.byte	16
 950 0399 01       		.byte	1
 951 039a 1C       		.byte	28
 952 039b 01       		.byte	1
 953 039c 00       		.byte	0
 954 039d 03       		.byte	3
 955 039e 00       		.byte	0
 956 039f 00       		.byte	0
 957 03a0 80       		.byte	-128
 958 03a1 00       		.byte	0
 959 03a2 40       		.byte	64
 960 03a3 80       		.byte	-128
 961 03a4 80       		.byte	-128
 962 03a5 00       		.byte	0
 963 03a6 80       		.byte	-128
 964 03a7 00       		.byte	0
 965 03a8 00       		.byte	0
 966 03a9 00       		.byte	0
 967 03aa 00       		.byte	0
 968 03ab 00       		.byte	0
 969 03ac 00       		.byte	0
ARM GAS  C:\Users\Louis\AppData\Local\Temp\cc6xAM2B.s 			page 18


 970 03ad FB       		.byte	-5
 971 03ae FB       		.byte	-5
 972 03af 00       		.byte	0
 973 03b0 00       		.byte	0
 974 03b1 00       		.byte	0
 975 03b2 00       		.byte	0
 976 03b3 00       		.byte	0
 977 03b4 F0       		.byte	-16
 978 03b5 00       		.byte	0
 979 03b6 00       		.byte	0
 980 03b7 00       		.byte	0
 981 03b8 00       		.byte	0
 982 03b9 00       		.byte	0
 983 03ba 00       		.byte	0
 984 03bb 00       		.byte	0
 985              		.section	.cywolatch,"a",%progbits
 986              		.align	2
 987              		.type	cy_meta_wonvl, %object
 988              		.size	cy_meta_wonvl, 4
 989              	cy_meta_wonvl:
 990 0000 BC       		.byte	-68
 991 0001 90       		.byte	-112
 992 0002 AC       		.byte	-84
 993 0003 AF       		.byte	-81
 994              		.section	.cycustnvl,"a",%progbits
 995              		.align	2
 996              		.type	cy_meta_custnvl, %object
 997              		.size	cy_meta_custnvl, 4
 998              	cy_meta_custnvl:
 999 0000 00       		.byte	0
 1000 0001 00       		.byte	0
 1001 0002 40       		.byte	64
 1002 0003 05       		.byte	5
 1003              		.section	.cymeta,"a",%progbits
 1004              		.align	2
 1005              		.type	cy_metadata, %object
 1006              		.size	cy_metadata, 12
 1007              	cy_metadata:
 1008 0000 00       		.byte	0
 1009 0001 01       		.byte	1
 1010 0002 2E       		.byte	46
 1011 0003 16       		.byte	22
 1012 0004 10       		.byte	16
 1013 0005 69       		.byte	105
 1014 0006 00       		.byte	0
 1015 0007 01       		.byte	1
 1016 0008 00       		.byte	0
 1017 0009 00       		.byte	0
 1018 000a 00       		.byte	0
 1019 000b 00       		.byte	0
 1020              		.section	.cyflashprotect,"a",%progbits
 1021              		.align	2
 1022              		.type	cy_meta_flashprotect, %object
 1023              		.size	cy_meta_flashprotect, 256
 1024              	cy_meta_flashprotect:
 1025 0000 00000000 		.space	256
 1025      00000000 
ARM GAS  C:\Users\Louis\AppData\Local\Temp\cc6xAM2B.s 			page 19


 1025      00000000 
 1025      00000000 
 1025      00000000 
 1026              		.text
 1027              	.Letext0:
 1028              		.file 1 "c:\\program files (x86)\\cypress\\psoc creator\\4.2\\psoc creator\\import\\gnu\\arm\\5.4.
 1029              		.file 2 "c:\\program files (x86)\\cypress\\psoc creator\\4.2\\psoc creator\\import\\gnu\\arm\\5.4.
 1030              		.file 3 "Generated_Source\\PSoC5\\cymetadata.c"
 1031              		.section	.debug_info,"",%progbits
 1032              	.Ldebug_info0:
 1033 0000 31010000 		.4byte	0x131
 1034 0004 0400     		.2byte	0x4
 1035 0006 00000000 		.4byte	.Ldebug_abbrev0
 1036 000a 04       		.byte	0x4
 1037 000b 01       		.uleb128 0x1
 1038 000c 24000000 		.4byte	.LASF17
 1039 0010 0C       		.byte	0xc
 1040 0011 B1010000 		.4byte	.LASF18
 1041 0015 7E010000 		.4byte	.LASF19
 1042 0019 00000000 		.4byte	.Ldebug_line0
 1043 001d 02       		.uleb128 0x2
 1044 001e 01       		.byte	0x1
 1045 001f 06       		.byte	0x6
 1046 0020 72010000 		.4byte	.LASF0
 1047 0024 03       		.uleb128 0x3
 1048 0025 00000000 		.4byte	.LASF9
 1049 0029 01       		.byte	0x1
 1050 002a 1D       		.byte	0x1d
 1051 002b 2F000000 		.4byte	0x2f
 1052 002f 02       		.uleb128 0x2
 1053 0030 01       		.byte	0x1
 1054 0031 08       		.byte	0x8
 1055 0032 16000000 		.4byte	.LASF1
 1056 0036 02       		.uleb128 0x2
 1057 0037 02       		.byte	0x2
 1058 0038 05       		.byte	0x5
 1059 0039 5F010000 		.4byte	.LASF2
 1060 003d 02       		.uleb128 0x2
 1061 003e 02       		.byte	0x2
 1062 003f 07       		.byte	0x7
 1063 0040 C4000000 		.4byte	.LASF3
 1064 0044 02       		.uleb128 0x2
 1065 0045 04       		.byte	0x4
 1066 0046 05       		.byte	0x5
 1067 0047 69010000 		.4byte	.LASF4
 1068 004b 02       		.uleb128 0x2
 1069 004c 04       		.byte	0x4
 1070 004d 07       		.byte	0x7
 1071 004e B2000000 		.4byte	.LASF5
 1072 0052 02       		.uleb128 0x2
 1073 0053 08       		.byte	0x8
 1074 0054 05       		.byte	0x5
 1075 0055 51010000 		.4byte	.LASF6
 1076 0059 02       		.uleb128 0x2
 1077 005a 08       		.byte	0x8
 1078 005b 07       		.byte	0x7
 1079 005c 06010000 		.4byte	.LASF7
ARM GAS  C:\Users\Louis\AppData\Local\Temp\cc6xAM2B.s 			page 20


 1080 0060 04       		.uleb128 0x4
 1081 0061 04       		.byte	0x4
 1082 0062 05       		.byte	0x5
 1083 0063 696E7400 		.ascii	"int\000"
 1084 0067 02       		.uleb128 0x2
 1085 0068 04       		.byte	0x4
 1086 0069 07       		.byte	0x7
 1087 006a F9000000 		.4byte	.LASF8
 1088 006e 03       		.uleb128 0x3
 1089 006f 1D010000 		.4byte	.LASF10
 1090 0073 02       		.byte	0x2
 1091 0074 18       		.byte	0x18
 1092 0075 24000000 		.4byte	0x24
 1093 0079 05       		.uleb128 0x5
 1094 007a 91000000 		.4byte	0x91
 1095 007e 8A000000 		.4byte	0x8a
 1096 0082 06       		.uleb128 0x6
 1097 0083 8A000000 		.4byte	0x8a
 1098 0087 BB03     		.2byte	0x3bb
 1099 0089 00       		.byte	0
 1100 008a 02       		.uleb128 0x2
 1101 008b 04       		.byte	0x4
 1102 008c 07       		.byte	0x7
 1103 008d 48010000 		.4byte	.LASF11
 1104 0091 07       		.uleb128 0x7
 1105 0092 6E000000 		.4byte	0x6e
 1106 0096 08       		.uleb128 0x8
 1107 0097 E7000000 		.4byte	.LASF12
 1108 009b 03       		.byte	0x3
 1109 009c 1F       		.byte	0x1f
 1110 009d A7000000 		.4byte	0xa7
 1111 00a1 05       		.uleb128 0x5
 1112 00a2 03       		.byte	0x3
 1113 00a3 00000000 		.4byte	cy_meta_configecc
 1114 00a7 07       		.uleb128 0x7
 1115 00a8 79000000 		.4byte	0x79
 1116 00ac 05       		.uleb128 0x5
 1117 00ad 91000000 		.4byte	0x91
 1118 00b1 BC000000 		.4byte	0xbc
 1119 00b5 09       		.uleb128 0x9
 1120 00b6 8A000000 		.4byte	0x8a
 1121 00ba 03       		.byte	0x3
 1122 00bb 00       		.byte	0
 1123 00bc 08       		.uleb128 0x8
 1124 00bd D7000000 		.4byte	.LASF13
 1125 00c1 03       		.byte	0x3
 1126 00c2 A4       		.byte	0xa4
 1127 00c3 CD000000 		.4byte	0xcd
 1128 00c7 05       		.uleb128 0x5
 1129 00c8 03       		.byte	0x3
 1130 00c9 00000000 		.4byte	cy_meta_custnvl
 1131 00cd 07       		.uleb128 0x7
 1132 00ce AC000000 		.4byte	0xac
 1133 00d2 08       		.uleb128 0x8
 1134 00d3 3A010000 		.4byte	.LASF14
 1135 00d7 03       		.byte	0x3
 1136 00d8 B2       		.byte	0xb2
ARM GAS  C:\Users\Louis\AppData\Local\Temp\cc6xAM2B.s 			page 21


 1137 00d9 E3000000 		.4byte	0xe3
 1138 00dd 05       		.uleb128 0x5
 1139 00de 03       		.byte	0x3
 1140 00df 00000000 		.4byte	cy_meta_wonvl
 1141 00e3 07       		.uleb128 0x7
 1142 00e4 AC000000 		.4byte	0xac
 1143 00e8 05       		.uleb128 0x5
 1144 00e9 91000000 		.4byte	0x91
 1145 00ed F8000000 		.4byte	0xf8
 1146 00f1 09       		.uleb128 0x9
 1147 00f2 8A000000 		.4byte	0x8a
 1148 00f6 FF       		.byte	0xff
 1149 00f7 00       		.byte	0
 1150 00f8 08       		.uleb128 0x8
 1151 00f9 25010000 		.4byte	.LASF15
 1152 00fd 03       		.byte	0x3
 1153 00fe C0       		.byte	0xc0
 1154 00ff 09010000 		.4byte	0x109
 1155 0103 05       		.uleb128 0x5
 1156 0104 03       		.byte	0x3
 1157 0105 00000000 		.4byte	cy_meta_flashprotect
 1158 0109 07       		.uleb128 0x7
 1159 010a E8000000 		.4byte	0xe8
 1160 010e 05       		.uleb128 0x5
 1161 010f 91000000 		.4byte	0x91
 1162 0113 1E010000 		.4byte	0x11e
 1163 0117 09       		.uleb128 0x9
 1164 0118 8A000000 		.4byte	0x8a
 1165 011c 0B       		.byte	0xb
 1166 011d 00       		.byte	0
 1167 011e 08       		.uleb128 0x8
 1168 011f 0A000000 		.4byte	.LASF16
 1169 0123 03       		.byte	0x3
 1170 0124 ED       		.byte	0xed
 1171 0125 2F010000 		.4byte	0x12f
 1172 0129 05       		.uleb128 0x5
 1173 012a 03       		.byte	0x3
 1174 012b 00000000 		.4byte	cy_metadata
 1175 012f 07       		.uleb128 0x7
 1176 0130 0E010000 		.4byte	0x10e
 1177 0134 00       		.byte	0
 1178              		.section	.debug_abbrev,"",%progbits
 1179              	.Ldebug_abbrev0:
 1180 0000 01       		.uleb128 0x1
 1181 0001 11       		.uleb128 0x11
 1182 0002 01       		.byte	0x1
 1183 0003 25       		.uleb128 0x25
 1184 0004 0E       		.uleb128 0xe
 1185 0005 13       		.uleb128 0x13
 1186 0006 0B       		.uleb128 0xb
 1187 0007 03       		.uleb128 0x3
 1188 0008 0E       		.uleb128 0xe
 1189 0009 1B       		.uleb128 0x1b
 1190 000a 0E       		.uleb128 0xe
 1191 000b 10       		.uleb128 0x10
 1192 000c 17       		.uleb128 0x17
 1193 000d 00       		.byte	0
ARM GAS  C:\Users\Louis\AppData\Local\Temp\cc6xAM2B.s 			page 22


 1194 000e 00       		.byte	0
 1195 000f 02       		.uleb128 0x2
 1196 0010 24       		.uleb128 0x24
 1197 0011 00       		.byte	0
 1198 0012 0B       		.uleb128 0xb
 1199 0013 0B       		.uleb128 0xb
 1200 0014 3E       		.uleb128 0x3e
 1201 0015 0B       		.uleb128 0xb
 1202 0016 03       		.uleb128 0x3
 1203 0017 0E       		.uleb128 0xe
 1204 0018 00       		.byte	0
 1205 0019 00       		.byte	0
 1206 001a 03       		.uleb128 0x3
 1207 001b 16       		.uleb128 0x16
 1208 001c 00       		.byte	0
 1209 001d 03       		.uleb128 0x3
 1210 001e 0E       		.uleb128 0xe
 1211 001f 3A       		.uleb128 0x3a
 1212 0020 0B       		.uleb128 0xb
 1213 0021 3B       		.uleb128 0x3b
 1214 0022 0B       		.uleb128 0xb
 1215 0023 49       		.uleb128 0x49
 1216 0024 13       		.uleb128 0x13
 1217 0025 00       		.byte	0
 1218 0026 00       		.byte	0
 1219 0027 04       		.uleb128 0x4
 1220 0028 24       		.uleb128 0x24
 1221 0029 00       		.byte	0
 1222 002a 0B       		.uleb128 0xb
 1223 002b 0B       		.uleb128 0xb
 1224 002c 3E       		.uleb128 0x3e
 1225 002d 0B       		.uleb128 0xb
 1226 002e 03       		.uleb128 0x3
 1227 002f 08       		.uleb128 0x8
 1228 0030 00       		.byte	0
 1229 0031 00       		.byte	0
 1230 0032 05       		.uleb128 0x5
 1231 0033 01       		.uleb128 0x1
 1232 0034 01       		.byte	0x1
 1233 0035 49       		.uleb128 0x49
 1234 0036 13       		.uleb128 0x13
 1235 0037 01       		.uleb128 0x1
 1236 0038 13       		.uleb128 0x13
 1237 0039 00       		.byte	0
 1238 003a 00       		.byte	0
 1239 003b 06       		.uleb128 0x6
 1240 003c 21       		.uleb128 0x21
 1241 003d 00       		.byte	0
 1242 003e 49       		.uleb128 0x49
 1243 003f 13       		.uleb128 0x13
 1244 0040 2F       		.uleb128 0x2f
 1245 0041 05       		.uleb128 0x5
 1246 0042 00       		.byte	0
 1247 0043 00       		.byte	0
 1248 0044 07       		.uleb128 0x7
 1249 0045 26       		.uleb128 0x26
 1250 0046 00       		.byte	0
ARM GAS  C:\Users\Louis\AppData\Local\Temp\cc6xAM2B.s 			page 23


 1251 0047 49       		.uleb128 0x49
 1252 0048 13       		.uleb128 0x13
 1253 0049 00       		.byte	0
 1254 004a 00       		.byte	0
 1255 004b 08       		.uleb128 0x8
 1256 004c 34       		.uleb128 0x34
 1257 004d 00       		.byte	0
 1258 004e 03       		.uleb128 0x3
 1259 004f 0E       		.uleb128 0xe
 1260 0050 3A       		.uleb128 0x3a
 1261 0051 0B       		.uleb128 0xb
 1262 0052 3B       		.uleb128 0x3b
 1263 0053 0B       		.uleb128 0xb
 1264 0054 49       		.uleb128 0x49
 1265 0055 13       		.uleb128 0x13
 1266 0056 3F       		.uleb128 0x3f
 1267 0057 19       		.uleb128 0x19
 1268 0058 02       		.uleb128 0x2
 1269 0059 18       		.uleb128 0x18
 1270 005a 00       		.byte	0
 1271 005b 00       		.byte	0
 1272 005c 09       		.uleb128 0x9
 1273 005d 21       		.uleb128 0x21
 1274 005e 00       		.byte	0
 1275 005f 49       		.uleb128 0x49
 1276 0060 13       		.uleb128 0x13
 1277 0061 2F       		.uleb128 0x2f
 1278 0062 0B       		.uleb128 0xb
 1279 0063 00       		.byte	0
 1280 0064 00       		.byte	0
 1281 0065 00       		.byte	0
 1282              		.section	.debug_aranges,"",%progbits
 1283 0000 14000000 		.4byte	0x14
 1284 0004 0200     		.2byte	0x2
 1285 0006 00000000 		.4byte	.Ldebug_info0
 1286 000a 04       		.byte	0x4
 1287 000b 00       		.byte	0
 1288 000c 0000     		.2byte	0
 1289 000e 0000     		.2byte	0
 1290 0010 00000000 		.4byte	0
 1291 0014 00000000 		.4byte	0
 1292              		.section	.debug_line,"",%progbits
 1293              	.Ldebug_line0:
 1294 0000 3D010000 		.section	.debug_str,"MS",%progbits,1
 1294      02003701 
 1294      00000201 
 1294      FB0E0D00 
 1294      01010101 
 1295              	.LASF9:
 1296 0000 5F5F7569 		.ascii	"__uint8_t\000"
 1296      6E74385F 
 1296      7400
 1297              	.LASF16:
 1298 000a 63795F6D 		.ascii	"cy_metadata\000"
 1298      65746164 
 1298      61746100 
 1299              	.LASF1:
ARM GAS  C:\Users\Louis\AppData\Local\Temp\cc6xAM2B.s 			page 24


 1300 0016 756E7369 		.ascii	"unsigned char\000"
 1300      676E6564 
 1300      20636861 
 1300      7200
 1301              	.LASF17:
 1302 0024 474E5520 		.ascii	"GNU C11 5.4.1 20160609 (release) [ARM/embedded-5-br"
 1302      43313120 
 1302      352E342E 
 1302      31203230 
 1302      31363036 
 1303 0057 616E6368 		.ascii	"anch revision 237715] -mcpu=cortex-m3 -mthumb -g -O"
 1303      20726576 
 1303      6973696F 
 1303      6E203233 
 1303      37373135 
 1304 008a 67202D66 		.ascii	"g -ffunction-sections -ffat-lto-objects\000"
 1304      66756E63 
 1304      74696F6E 
 1304      2D736563 
 1304      74696F6E 
 1305              	.LASF5:
 1306 00b2 6C6F6E67 		.ascii	"long unsigned int\000"
 1306      20756E73 
 1306      69676E65 
 1306      6420696E 
 1306      7400
 1307              	.LASF3:
 1308 00c4 73686F72 		.ascii	"short unsigned int\000"
 1308      7420756E 
 1308      7369676E 
 1308      65642069 
 1308      6E7400
 1309              	.LASF13:
 1310 00d7 63795F6D 		.ascii	"cy_meta_custnvl\000"
 1310      6574615F 
 1310      63757374 
 1310      6E766C00 
 1311              	.LASF12:
 1312 00e7 63795F6D 		.ascii	"cy_meta_configecc\000"
 1312      6574615F 
 1312      636F6E66 
 1312      69676563 
 1312      6300
 1313              	.LASF8:
 1314 00f9 756E7369 		.ascii	"unsigned int\000"
 1314      676E6564 
 1314      20696E74 
 1314      00
 1315              	.LASF7:
 1316 0106 6C6F6E67 		.ascii	"long long unsigned int\000"
 1316      206C6F6E 
 1316      6720756E 
 1316      7369676E 
 1316      65642069 
 1317              	.LASF10:
 1318 011d 75696E74 		.ascii	"uint8_t\000"
 1318      385F7400 
ARM GAS  C:\Users\Louis\AppData\Local\Temp\cc6xAM2B.s 			page 25


 1319              	.LASF15:
 1320 0125 63795F6D 		.ascii	"cy_meta_flashprotect\000"
 1320      6574615F 
 1320      666C6173 
 1320      6870726F 
 1320      74656374 
 1321              	.LASF14:
 1322 013a 63795F6D 		.ascii	"cy_meta_wonvl\000"
 1322      6574615F 
 1322      776F6E76 
 1322      6C00
 1323              	.LASF11:
 1324 0148 73697A65 		.ascii	"sizetype\000"
 1324      74797065 
 1324      00
 1325              	.LASF6:
 1326 0151 6C6F6E67 		.ascii	"long long int\000"
 1326      206C6F6E 
 1326      6720696E 
 1326      7400
 1327              	.LASF2:
 1328 015f 73686F72 		.ascii	"short int\000"
 1328      7420696E 
 1328      7400
 1329              	.LASF4:
 1330 0169 6C6F6E67 		.ascii	"long int\000"
 1330      20696E74 
 1330      00
 1331              	.LASF0:
 1332 0172 7369676E 		.ascii	"signed char\000"
 1332      65642063 
 1332      68617200 
 1333              	.LASF19:
 1334 017e 433A5C61 		.ascii	"C:\\ase\\gfv\\PRJ3\\Ultrasonic\\Ultrasonic4sensor.c"
 1334      73655C67 
 1334      66765C50 
 1334      524A335C 
 1334      556C7472 
 1335 01ac 7964736E 		.ascii	"ydsn\000"
 1335      00
 1336              	.LASF18:
 1337 01b1 47656E65 		.ascii	"Generated_Source\\PSoC5\\cymetadata.c\000"
 1337      72617465 
 1337      645F536F 
 1337      75726365 
 1337      5C50536F 
 1338              		.ident	"GCC: (GNU Tools for ARM Embedded Processors) 5.4.1 20160609 (release) [ARM/embedded-5-bran
