ARM GAS  C:\Users\KRISTI~1\AppData\Local\Temp\ccaUeYxd.s 			page 1


   1              		.syntax unified
   2              		.cpu cortex-m3
   3              		.fpu softvfp
   4              		.eabi_attribute 20, 1
   5              		.eabi_attribute 21, 1
   6              		.eabi_attribute 23, 3
   7              		.eabi_attribute 24, 1
   8              		.eabi_attribute 25, 1
   9              		.eabi_attribute 26, 1
  10              		.eabi_attribute 30, 1
  11              		.eabi_attribute 34, 1
  12              		.eabi_attribute 18, 4
  13              		.thumb
  14              		.syntax unified
  15              		.file	"cymetadata.c"
  16              		.text
  17              	.Ltext0:
  18              		.cfi_sections	.debug_frame
  19              		.global	cy_metadata
  20              		.global	cy_meta_flashprotect
  21              		.global	cy_meta_wonvl
  22              		.global	cy_meta_custnvl
  23              		.global	cy_meta_configecc
  24              		.section	.cyconfigecc,"a",%progbits
  25              		.align	2
  26              		.type	cy_meta_configecc, %object
  27              		.size	cy_meta_configecc, 1432
  28              	cy_meta_configecc:
  29 0000 01       		.byte	1
  30 0001 45       		.byte	69
  31 0002 00       		.byte	0
  32 0003 40       		.byte	64
  33 0004 01       		.byte	1
  34 0005 52       		.byte	82
  35 0006 00       		.byte	0
  36 0007 40       		.byte	64
  37 0008 03       		.byte	3
  38 0009 64       		.byte	100
  39 000a 00       		.byte	0
  40 000b 40       		.byte	64
  41 000c 02       		.byte	2
  42 000d 65       		.byte	101
  43 000e 00       		.byte	0
  44 000f 40       		.byte	64
  45 0010 50       		.byte	80
  46 0011 08       		.byte	8
  47 0012 01       		.byte	1
  48 0013 40       		.byte	64
  49 0014 40       		.byte	64
  50 0015 09       		.byte	9
  51 0016 01       		.byte	1
  52 0017 40       		.byte	64
  53 0018 56       		.byte	86
  54 0019 0A       		.byte	10
  55 001a 01       		.byte	1
  56 001b 40       		.byte	64
  57 001c 32       		.byte	50
ARM GAS  C:\Users\KRISTI~1\AppData\Local\Temp\ccaUeYxd.s 			page 2


  58 001d 0B       		.byte	11
  59 001e 01       		.byte	1
  60 001f 40       		.byte	64
  61 0020 01       		.byte	1
  62 0021 17       		.byte	23
  63 0022 01       		.byte	1
  64 0023 40       		.byte	64
  65 0024 16       		.byte	22
  66 0025 18       		.byte	24
  67 0026 01       		.byte	1
  68 0027 40       		.byte	64
  69 0028 49       		.byte	73
  70 0029 19       		.byte	25
  71 002a 01       		.byte	1
  72 002b 40       		.byte	64
  73 002c 53       		.byte	83
  74 002d 1A       		.byte	26
  75 002e 01       		.byte	1
  76 002f 40       		.byte	64
  77 0030 4C       		.byte	76
  78 0031 1B       		.byte	27
  79 0032 01       		.byte	1
  80 0033 40       		.byte	64
  81 0034 03       		.byte	3
  82 0035 40       		.byte	64
  83 0036 01       		.byte	1
  84 0037 40       		.byte	64
  85 0038 02       		.byte	2
  86 0039 41       		.byte	65
  87 003a 01       		.byte	1
  88 003b 40       		.byte	64
  89 003c 02       		.byte	2
  90 003d 42       		.byte	66
  91 003e 01       		.byte	1
  92 003f 40       		.byte	64
  93 0040 02       		.byte	2
  94 0041 43       		.byte	67
  95 0042 01       		.byte	1
  96 0043 40       		.byte	64
  97 0044 03       		.byte	3
  98 0045 45       		.byte	69
  99 0046 01       		.byte	1
 100 0047 40       		.byte	64
 101 0048 04       		.byte	4
 102 0049 46       		.byte	70
 103 004a 01       		.byte	1
 104 004b 40       		.byte	64
 105 004c 02       		.byte	2
 106 004d 47       		.byte	71
 107 004e 01       		.byte	1
 108 004f 40       		.byte	64
 109 0050 04       		.byte	4
 110 0051 48       		.byte	72
 111 0052 01       		.byte	1
 112 0053 40       		.byte	64
 113 0054 03       		.byte	3
 114 0055 49       		.byte	73
ARM GAS  C:\Users\KRISTI~1\AppData\Local\Temp\ccaUeYxd.s 			page 3


 115 0056 01       		.byte	1
 116 0057 40       		.byte	64
 117 0058 07       		.byte	7
 118 0059 4D       		.byte	77
 119 005a 01       		.byte	1
 120 005b 40       		.byte	64
 121 005c 04       		.byte	4
 122 005d 50       		.byte	80
 123 005e 01       		.byte	1
 124 005f 40       		.byte	64
 125 0060 01       		.byte	1
 126 0061 51       		.byte	81
 127 0062 01       		.byte	1
 128 0063 40       		.byte	64
 129 0064 1C       		.byte	28
 130 0065 01       		.byte	1
 131 0066 10       		.byte	16
 132 0067 04       		.byte	4
 133 0068 88       		.byte	-120
 134 0069 72       		.byte	114
 135 006a 8A       		.byte	-118
 136 006b 0D       		.byte	13
 137 006c 8B       		.byte	-117
 138 006d 0D       		.byte	13
 139 006e 88       		.byte	-120
 140 006f 38       		.byte	56
 141 0070 8A       		.byte	-118
 142 0071 0F       		.byte	15
 143 0072 01       		.byte	1
 144 0073 08       		.byte	8
 145 0074 05       		.byte	5
 146 0075 04       		.byte	4
 147 0076 08       		.byte	8
 148 0077 04       		.byte	4
 149 0078 09       		.byte	9
 150 0079 0C       		.byte	12
 151 007a 0D       		.byte	13
 152 007b 03       		.byte	3
 153 007c 0F       		.byte	15
 154 007d 0C       		.byte	12
 155 007e 10       		.byte	16
 156 007f 02       		.byte	2
 157 0080 11       		.byte	17
 158 0081 03       		.byte	3
 159 0082 15       		.byte	21
 160 0083 0F       		.byte	15
 161 0084 16       		.byte	22
 162 0085 02       		.byte	2
 163 0086 18       		.byte	24
 164 0087 01       		.byte	1
 165 0088 19       		.byte	25
 166 0089 02       		.byte	2
 167 008a 20       		.byte	32
 168 008b 02       		.byte	2
 169 008c 23       		.byte	35
 170 008d 03       		.byte	3
 171 008e 25       		.byte	37
ARM GAS  C:\Users\KRISTI~1\AppData\Local\Temp\ccaUeYxd.s 			page 4


 172 008f 01       		.byte	1
 173 0090 28       		.byte	40
 174 0091 01       		.byte	1
 175 0092 29       		.byte	41
 176 0093 0C       		.byte	12
 177 0094 2B       		.byte	43
 178 0095 03       		.byte	3
 179 0096 2C       		.byte	44
 180 0097 01       		.byte	1
 181 0098 2D       		.byte	45
 182 0099 0F       		.byte	15
 183 009a 32       		.byte	50
 184 009b 06       		.byte	6
 185 009c 33       		.byte	51
 186 009d 0F       		.byte	15
 187 009e 36       		.byte	54
 188 009f 01       		.byte	1
 189 00a0 38       		.byte	56
 190 00a1 08       		.byte	8
 191 00a2 3B       		.byte	59
 192 00a3 08       		.byte	8
 193 00a4 40       		.byte	64
 194 00a5 30       		.byte	48
 195 00a6 41       		.byte	65
 196 00a7 04       		.byte	4
 197 00a8 45       		.byte	69
 198 00a9 D0       		.byte	-48
 199 00aa 46       		.byte	70
 200 00ab 02       		.byte	2
 201 00ac 47       		.byte	71
 202 00ad 01       		.byte	1
 203 00ae 48       		.byte	72
 204 00af 16       		.byte	22
 205 00b0 49       		.byte	73
 206 00b1 FF       		.byte	-1
 207 00b2 4A       		.byte	74
 208 00b3 FF       		.byte	-1
 209 00b4 4B       		.byte	75
 210 00b5 FF       		.byte	-1
 211 00b6 4D       		.byte	77
 212 00b7 A0       		.byte	-96
 213 00b8 4F       		.byte	79
 214 00b9 04       		.byte	4
 215 00ba 50       		.byte	80
 216 00bb 18       		.byte	24
 217 00bc 56       		.byte	86
 218 00bd 02       		.byte	2
 219 00be 57       		.byte	87
 220 00bf 11       		.byte	17
 221 00c0 58       		.byte	88
 222 00c1 04       		.byte	4
 223 00c2 59       		.byte	89
 224 00c3 04       		.byte	4
 225 00c4 5A       		.byte	90
 226 00c5 04       		.byte	4
 227 00c6 5B       		.byte	91
 228 00c7 04       		.byte	4
ARM GAS  C:\Users\KRISTI~1\AppData\Local\Temp\ccaUeYxd.s 			page 5


 229 00c8 5C       		.byte	92
 230 00c9 11       		.byte	17
 231 00ca 5D       		.byte	93
 232 00cb 12       		.byte	18
 233 00cc 5F       		.byte	95
 234 00cd 01       		.byte	1
 235 00ce 60       		.byte	96
 236 00cf 40       		.byte	64
 237 00d0 62       		.byte	98
 238 00d1 C0       		.byte	-64
 239 00d2 64       		.byte	100
 240 00d3 40       		.byte	64
 241 00d4 65       		.byte	101
 242 00d5 40       		.byte	64
 243 00d6 66       		.byte	102
 244 00d7 C0       		.byte	-64
 245 00d8 68       		.byte	104
 246 00d9 C0       		.byte	-64
 247 00da 6A       		.byte	106
 248 00db C0       		.byte	-64
 249 00dc 6C       		.byte	108
 250 00dd C0       		.byte	-64
 251 00de 6E       		.byte	110
 252 00df C0       		.byte	-64
 253 00e0 83       		.byte	-125
 254 00e1 03       		.byte	3
 255 00e2 86       		.byte	-122
 256 00e3 02       		.byte	2
 257 00e4 8A       		.byte	-118
 258 00e5 01       		.byte	1
 259 00e6 8D       		.byte	-115
 260 00e7 0C       		.byte	12
 261 00e8 8F       		.byte	-113
 262 00e9 11       		.byte	17
 263 00ea 92       		.byte	-110
 264 00eb 03       		.byte	3
 265 00ec 95       		.byte	-107
 266 00ed 09       		.byte	9
 267 00ee 96       		.byte	-106
 268 00ef 06       		.byte	6
 269 00f0 97       		.byte	-105
 270 00f1 10       		.byte	16
 271 00f2 99       		.byte	-103
 272 00f3 10       		.byte	16
 273 00f4 9D       		.byte	-99
 274 00f5 14       		.byte	20
 275 00f6 9E       		.byte	-98
 276 00f7 05       		.byte	5
 277 00f8 A1       		.byte	-95
 278 00f9 10       		.byte	16
 279 00fa A3       		.byte	-93
 280 00fb 0C       		.byte	12
 281 00fc A4       		.byte	-92
 282 00fd 06       		.byte	6
 283 00fe A5       		.byte	-91
 284 00ff 1C       		.byte	28
 285 0100 A6       		.byte	-90
ARM GAS  C:\Users\KRISTI~1\AppData\Local\Temp\ccaUeYxd.s 			page 6


 286 0101 01       		.byte	1
 287 0102 A7       		.byte	-89
 288 0103 02       		.byte	2
 289 0104 B0       		.byte	-80
 290 0105 07       		.byte	7
 291 0106 B1       		.byte	-79
 292 0107 1F       		.byte	31
 293 0108 BA       		.byte	-70
 294 0109 02       		.byte	2
 295 010a D8       		.byte	-40
 296 010b 04       		.byte	4
 297 010c D9       		.byte	-39
 298 010d 04       		.byte	4
 299 010e DC       		.byte	-36
 300 010f 11       		.byte	17
 301 0110 DF       		.byte	-33
 302 0111 01       		.byte	1
 303 0112 00       		.byte	0
 304 0113 10       		.byte	16
 305 0114 02       		.byte	2
 306 0115 20       		.byte	32
 307 0116 04       		.byte	4
 308 0117 10       		.byte	16
 309 0118 08       		.byte	8
 310 0119 80       		.byte	-128
 311 011a 09       		.byte	9
 312 011b 08       		.byte	8
 313 011c 0A       		.byte	10
 314 011d 40       		.byte	64
 315 011e 0E       		.byte	14
 316 011f 44       		.byte	68
 317 0120 0F       		.byte	15
 318 0121 20       		.byte	32
 319 0122 10       		.byte	16
 320 0123 10       		.byte	16
 321 0124 14       		.byte	20
 322 0125 80       		.byte	-128
 323 0126 15       		.byte	21
 324 0127 50       		.byte	80
 325 0128 18       		.byte	24
 326 0129 80       		.byte	-128
 327 012a 1A       		.byte	26
 328 012b 40       		.byte	64
 329 012c 1C       		.byte	28
 330 012d 02       		.byte	2
 331 012e 1D       		.byte	29
 332 012f 08       		.byte	8
 333 0130 1F       		.byte	31
 334 0131 40       		.byte	64
 335 0132 21       		.byte	33
 336 0133 01       		.byte	1
 337 0134 23       		.byte	35
 338 0135 40       		.byte	64
 339 0136 26       		.byte	38
 340 0137 0C       		.byte	12
 341 0138 28       		.byte	40
 342 0139 90       		.byte	-112
ARM GAS  C:\Users\KRISTI~1\AppData\Local\Temp\ccaUeYxd.s 			page 7


 343 013a 2B       		.byte	43
 344 013b 10       		.byte	16
 345 013c 2D       		.byte	45
 346 013d 09       		.byte	9
 347 013e 2E       		.byte	46
 348 013f 10       		.byte	16
 349 0140 2F       		.byte	47
 350 0141 41       		.byte	65
 351 0142 30       		.byte	48
 352 0143 80       		.byte	-128
 353 0144 31       		.byte	49
 354 0145 08       		.byte	8
 355 0146 32       		.byte	50
 356 0147 20       		.byte	32
 357 0148 35       		.byte	53
 358 0149 10       		.byte	16
 359 014a 36       		.byte	54
 360 014b 01       		.byte	1
 361 014c 37       		.byte	55
 362 014d 04       		.byte	4
 363 014e 38       		.byte	56
 364 014f 80       		.byte	-128
 365 0150 39       		.byte	57
 366 0151 02       		.byte	2
 367 0152 3C       		.byte	60
 368 0153 40       		.byte	64
 369 0154 3E       		.byte	62
 370 0155 2A       		.byte	42
 371 0156 45       		.byte	69
 372 0157 04       		.byte	4
 373 0158 46       		.byte	70
 374 0159 40       		.byte	64
 375 015a 4F       		.byte	79
 376 015b 01       		.byte	1
 377 015c 56       		.byte	86
 378 015d 40       		.byte	64
 379 015e 57       		.byte	87
 380 015f 08       		.byte	8
 381 0160 5E       		.byte	94
 382 0161 20       		.byte	32
 383 0162 6D       		.byte	109
 384 0163 50       		.byte	80
 385 0164 6E       		.byte	110
 386 0165 04       		.byte	4
 387 0166 76       		.byte	118
 388 0167 2B       		.byte	43
 389 0168 77       		.byte	119
 390 0169 20       		.byte	32
 391 016a 8B       		.byte	-117
 392 016b 21       		.byte	33
 393 016c 92       		.byte	-110
 394 016d 01       		.byte	1
 395 016e 93       		.byte	-109
 396 016f 02       		.byte	2
 397 0170 97       		.byte	-105
 398 0171 01       		.byte	1
 399 0172 99       		.byte	-103
ARM GAS  C:\Users\KRISTI~1\AppData\Local\Temp\ccaUeYxd.s 			page 8


 400 0173 01       		.byte	1
 401 0174 9D       		.byte	-99
 402 0175 04       		.byte	4
 403 0176 9E       		.byte	-98
 404 0177 40       		.byte	64
 405 0178 9F       		.byte	-97
 406 0179 04       		.byte	4
 407 017a A1       		.byte	-95
 408 017b 04       		.byte	4
 409 017c A6       		.byte	-90
 410 017d 04       		.byte	4
 411 017e A7       		.byte	-89
 412 017f 08       		.byte	8
 413 0180 B4       		.byte	-76
 414 0181 04       		.byte	4
 415 0182 C0       		.byte	-64
 416 0183 46       		.byte	70
 417 0184 C2       		.byte	-62
 418 0185 7D       		.byte	125
 419 0186 C4       		.byte	-60
 420 0187 D4       		.byte	-44
 421 0188 CA       		.byte	-54
 422 0189 F3       		.byte	-13
 423 018a CC       		.byte	-52
 424 018b EE       		.byte	-18
 425 018c CE       		.byte	-50
 426 018d F9       		.byte	-7
 427 018e D0       		.byte	-48
 428 018f C0       		.byte	-64
 429 0190 D6       		.byte	-42
 430 0191 20       		.byte	32
 431 0192 02       		.byte	2
 432 0193 02       		.byte	2
 433 0194 1A       		.byte	26
 434 0195 02       		.byte	2
 435 0196 1B       		.byte	27
 436 0197 03       		.byte	3
 437 0198 23       		.byte	35
 438 0199 02       		.byte	2
 439 019a 26       		.byte	38
 440 019b 04       		.byte	4
 441 019c 2D       		.byte	45
 442 019d 01       		.byte	1
 443 019e 2E       		.byte	46
 444 019f 01       		.byte	1
 445 01a0 30       		.byte	48
 446 01a1 04       		.byte	4
 447 01a2 31       		.byte	49
 448 01a3 01       		.byte	1
 449 01a4 34       		.byte	52
 450 01a5 02       		.byte	2
 451 01a6 35       		.byte	53
 452 01a7 02       		.byte	2
 453 01a8 36       		.byte	54
 454 01a9 01       		.byte	1
 455 01aa 3E       		.byte	62
 456 01ab 10       		.byte	16
ARM GAS  C:\Users\KRISTI~1\AppData\Local\Temp\ccaUeYxd.s 			page 9


 457 01ac 40       		.byte	64
 458 01ad 10       		.byte	16
 459 01ae 41       		.byte	65
 460 01af 02       		.byte	2
 461 01b0 49       		.byte	73
 462 01b1 FF       		.byte	-1
 463 01b2 4A       		.byte	74
 464 01b3 FF       		.byte	-1
 465 01b4 4B       		.byte	75
 466 01b5 FF       		.byte	-1
 467 01b6 4D       		.byte	77
 468 01b7 A0       		.byte	-96
 469 01b8 4F       		.byte	79
 470 01b9 04       		.byte	4
 471 01ba 50       		.byte	80
 472 01bb 18       		.byte	24
 473 01bc 52       		.byte	82
 474 01bd 80       		.byte	-128
 475 01be 54       		.byte	84
 476 01bf 05       		.byte	5
 477 01c0 58       		.byte	88
 478 01c1 04       		.byte	4
 479 01c2 59       		.byte	89
 480 01c3 04       		.byte	4
 481 01c4 5A       		.byte	90
 482 01c5 04       		.byte	4
 483 01c6 5B       		.byte	91
 484 01c7 04       		.byte	4
 485 01c8 5F       		.byte	95
 486 01c9 01       		.byte	1
 487 01ca 60       		.byte	96
 488 01cb 40       		.byte	64
 489 01cc 62       		.byte	98
 490 01cd C0       		.byte	-64
 491 01ce 64       		.byte	100
 492 01cf 40       		.byte	64
 493 01d0 65       		.byte	101
 494 01d1 40       		.byte	64
 495 01d2 66       		.byte	102
 496 01d3 C0       		.byte	-64
 497 01d4 68       		.byte	104
 498 01d5 C0       		.byte	-64
 499 01d6 6A       		.byte	106
 500 01d7 C0       		.byte	-64
 501 01d8 6C       		.byte	108
 502 01d9 C0       		.byte	-64
 503 01da 6E       		.byte	110
 504 01db C0       		.byte	-64
 505 01dc 80       		.byte	-128
 506 01dd 02       		.byte	2
 507 01de 86       		.byte	-122
 508 01df 02       		.byte	2
 509 01e0 87       		.byte	-121
 510 01e1 02       		.byte	2
 511 01e2 8F       		.byte	-113
 512 01e3 01       		.byte	1
 513 01e4 91       		.byte	-111
ARM GAS  C:\Users\KRISTI~1\AppData\Local\Temp\ccaUeYxd.s 			page 10


 514 01e5 08       		.byte	8
 515 01e6 98       		.byte	-104
 516 01e7 02       		.byte	2
 517 01e8 A2       		.byte	-94
 518 01e9 01       		.byte	1
 519 01ea A6       		.byte	-90
 520 01eb 02       		.byte	2
 521 01ec AA       		.byte	-86
 522 01ed 01       		.byte	1
 523 01ee AB       		.byte	-85
 524 01ef 0E       		.byte	14
 525 01f0 B1       		.byte	-79
 526 01f1 08       		.byte	8
 527 01f2 B3       		.byte	-77
 528 01f3 01       		.byte	1
 529 01f4 B4       		.byte	-76
 530 01f5 01       		.byte	1
 531 01f6 B5       		.byte	-75
 532 01f7 02       		.byte	2
 533 01f8 B6       		.byte	-74
 534 01f9 02       		.byte	2
 535 01fa B7       		.byte	-73
 536 01fb 04       		.byte	4
 537 01fc B8       		.byte	-72
 538 01fd 80       		.byte	-128
 539 01fe BA       		.byte	-70
 540 01ff 02       		.byte	2
 541 0200 BE       		.byte	-66
 542 0201 10       		.byte	16
 543 0202 C0       		.byte	-64
 544 0203 50       		.byte	80
 545 0204 C1       		.byte	-63
 546 0205 02       		.byte	2
 547 0206 C5       		.byte	-59
 548 0207 D1       		.byte	-47
 549 0208 C6       		.byte	-58
 550 0209 20       		.byte	32
 551 020a C8       		.byte	-56
 552 020b 0B       		.byte	11
 553 020c C9       		.byte	-55
 554 020d FF       		.byte	-1
 555 020e CA       		.byte	-54
 556 020f FF       		.byte	-1
 557 0210 CB       		.byte	-53
 558 0211 FF       		.byte	-1
 559 0212 CD       		.byte	-51
 560 0213 AF       		.byte	-81
 561 0214 CE       		.byte	-50
 562 0215 0F       		.byte	15
 563 0216 CF       		.byte	-49
 564 0217 04       		.byte	4
 565 0218 D0       		.byte	-48
 566 0219 18       		.byte	24
 567 021a D2       		.byte	-46
 568 021b 80       		.byte	-128
 569 021c D4       		.byte	-44
 570 021d 05       		.byte	5
ARM GAS  C:\Users\KRISTI~1\AppData\Local\Temp\ccaUeYxd.s 			page 11


 571 021e D8       		.byte	-40
 572 021f 04       		.byte	4
 573 0220 D9       		.byte	-39
 574 0221 04       		.byte	4
 575 0222 DA       		.byte	-38
 576 0223 04       		.byte	4
 577 0224 DB       		.byte	-37
 578 0225 04       		.byte	4
 579 0226 DC       		.byte	-36
 580 0227 21       		.byte	33
 581 0228 DD       		.byte	-35
 582 0229 20       		.byte	32
 583 022a DF       		.byte	-33
 584 022b 01       		.byte	1
 585 022c E0       		.byte	-32
 586 022d 40       		.byte	64
 587 022e E2       		.byte	-30
 588 022f C0       		.byte	-64
 589 0230 E4       		.byte	-28
 590 0231 40       		.byte	64
 591 0232 E5       		.byte	-27
 592 0233 40       		.byte	64
 593 0234 E6       		.byte	-26
 594 0235 C0       		.byte	-64
 595 0236 E8       		.byte	-24
 596 0237 C0       		.byte	-64
 597 0238 EA       		.byte	-22
 598 0239 C0       		.byte	-64
 599 023a EC       		.byte	-20
 600 023b C0       		.byte	-64
 601 023c EE       		.byte	-18
 602 023d C0       		.byte	-64
 603 023e 00       		.byte	0
 604 023f 01       		.byte	1
 605 0240 05       		.byte	5
 606 0241 05       		.byte	5
 607 0242 09       		.byte	9
 608 0243 20       		.byte	32
 609 0244 0E       		.byte	14
 610 0245 08       		.byte	8
 611 0246 10       		.byte	16
 612 0247 22       		.byte	34
 613 0248 16       		.byte	22
 614 0249 40       		.byte	64
 615 024a 17       		.byte	23
 616 024b 14       		.byte	20
 617 024c 18       		.byte	24
 618 024d 01       		.byte	1
 619 024e 1A       		.byte	26
 620 024f 04       		.byte	4
 621 0250 1B       		.byte	27
 622 0251 41       		.byte	65
 623 0252 1C       		.byte	28
 624 0253 04       		.byte	4
 625 0254 1D       		.byte	29
 626 0255 01       		.byte	1
 627 0256 1E       		.byte	30
ARM GAS  C:\Users\KRISTI~1\AppData\Local\Temp\ccaUeYxd.s 			page 12


 628 0257 01       		.byte	1
 629 0258 1F       		.byte	31
 630 0259 01       		.byte	1
 631 025a 22       		.byte	34
 632 025b 02       		.byte	2
 633 025c 23       		.byte	35
 634 025d 04       		.byte	4
 635 025e 24       		.byte	36
 636 025f 48       		.byte	72
 637 0260 25       		.byte	37
 638 0261 04       		.byte	4
 639 0262 27       		.byte	39
 640 0263 11       		.byte	17
 641 0264 2B       		.byte	43
 642 0265 41       		.byte	65
 643 0266 2F       		.byte	47
 644 0267 08       		.byte	8
 645 0268 30       		.byte	48
 646 0269 20       		.byte	32
 647 026a 37       		.byte	55
 648 026b 01       		.byte	1
 649 026c 3D       		.byte	61
 650 026d 08       		.byte	8
 651 026e 3E       		.byte	62
 652 026f 80       		.byte	-128
 653 0270 40       		.byte	64
 654 0271 01       		.byte	1
 655 0272 41       		.byte	65
 656 0273 20       		.byte	32
 657 0274 45       		.byte	69
 658 0275 20       		.byte	32
 659 0276 49       		.byte	73
 660 0277 80       		.byte	-128
 661 0278 4A       		.byte	74
 662 0279 02       		.byte	2
 663 027a 4C       		.byte	76
 664 027b 20       		.byte	32
 665 027c 4D       		.byte	77
 666 027d 02       		.byte	2
 667 027e 4F       		.byte	79
 668 027f 80       		.byte	-128
 669 0280 55       		.byte	85
 670 0281 20       		.byte	32
 671 0282 59       		.byte	89
 672 0283 82       		.byte	-126
 673 0284 5A       		.byte	90
 674 0285 04       		.byte	4
 675 0286 5C       		.byte	92
 676 0287 44       		.byte	68
 677 0288 5F       		.byte	95
 678 0289 01       		.byte	1
 679 028a 70       		.byte	112
 680 028b 02       		.byte	2
 681 028c 76       		.byte	118
 682 028d 80       		.byte	-128
 683 028e 8B       		.byte	-117
 684 028f 04       		.byte	4
ARM GAS  C:\Users\KRISTI~1\AppData\Local\Temp\ccaUeYxd.s 			page 13


 685 0290 C0       		.byte	-64
 686 0291 38       		.byte	56
 687 0292 C2       		.byte	-62
 688 0293 42       		.byte	66
 689 0294 C4       		.byte	-60
 690 0295 75       		.byte	117
 691 0296 CA       		.byte	-54
 692 0297 29       		.byte	41
 693 0298 CC       		.byte	-52
 694 0299 84       		.byte	-124
 695 029a CE       		.byte	-50
 696 029b 50       		.byte	80
 697 029c D0       		.byte	-48
 698 029d 2C       		.byte	44
 699 029e D2       		.byte	-46
 700 029f 10       		.byte	16
 701 02a0 D6       		.byte	-42
 702 02a1 DB       		.byte	-37
 703 02a2 E2       		.byte	-30
 704 02a3 08       		.byte	8
 705 02a4 95       		.byte	-107
 706 02a5 01       		.byte	1
 707 02a6 B3       		.byte	-77
 708 02a7 01       		.byte	1
 709 02a8 BF       		.byte	-65
 710 02a9 04       		.byte	4
 711 02aa C0       		.byte	-64
 712 02ab 43       		.byte	67
 713 02ac C1       		.byte	-63
 714 02ad 05       		.byte	5
 715 02ae C5       		.byte	-59
 716 02af 0C       		.byte	12
 717 02b0 C6       		.byte	-58
 718 02b1 0B       		.byte	11
 719 02b2 C7       		.byte	-57
 720 02b3 0E       		.byte	14
 721 02b4 C8       		.byte	-56
 722 02b5 15       		.byte	21
 723 02b6 C9       		.byte	-55
 724 02b7 FF       		.byte	-1
 725 02b8 CA       		.byte	-54
 726 02b9 FF       		.byte	-1
 727 02ba CB       		.byte	-53
 728 02bb FF       		.byte	-1
 729 02bc CE       		.byte	-50
 730 02bd F0       		.byte	-16
 731 02be CF       		.byte	-49
 732 02bf 44       		.byte	68
 733 02c0 D0       		.byte	-48
 734 02c1 0C       		.byte	12
 735 02c2 D9       		.byte	-39
 736 02c3 04       		.byte	4
 737 02c4 DA       		.byte	-38
 738 02c5 04       		.byte	4
 739 02c6 DD       		.byte	-35
 740 02c7 01       		.byte	1
 741 02c8 DF       		.byte	-33
ARM GAS  C:\Users\KRISTI~1\AppData\Local\Temp\ccaUeYxd.s 			page 14


 742 02c9 01       		.byte	1
 743 02ca E6       		.byte	-26
 744 02cb C0       		.byte	-64
 745 02cc EA       		.byte	-22
 746 02cd 40       		.byte	64
 747 02ce EB       		.byte	-21
 748 02cf 02       		.byte	2
 749 02d0 04       		.byte	4
 750 02d1 20       		.byte	32
 751 02d2 05       		.byte	5
 752 02d3 19       		.byte	25
 753 02d4 07       		.byte	7
 754 02d5 01       		.byte	1
 755 02d6 09       		.byte	9
 756 02d7 40       		.byte	64
 757 02d8 0B       		.byte	11
 758 02d9 01       		.byte	1
 759 02da 0D       		.byte	13
 760 02db 20       		.byte	32
 761 02dc 0E       		.byte	14
 762 02dd 52       		.byte	82
 763 02de 15       		.byte	21
 764 02df 41       		.byte	65
 765 02e0 16       		.byte	22
 766 02e1 09       		.byte	9
 767 02e2 17       		.byte	23
 768 02e3 04       		.byte	4
 769 02e4 1D       		.byte	29
 770 02e5 84       		.byte	-124
 771 02e6 1E       		.byte	30
 772 02e7 10       		.byte	16
 773 02e8 22       		.byte	34
 774 02e9 04       		.byte	4
 775 02ea 25       		.byte	37
 776 02eb 42       		.byte	66
 777 02ec 27       		.byte	39
 778 02ed 14       		.byte	20
 779 02ee 2D       		.byte	45
 780 02ef 01       		.byte	1
 781 02f0 2E       		.byte	46
 782 02f1 50       		.byte	80
 783 02f2 2F       		.byte	47
 784 02f3 20       		.byte	32
 785 02f4 31       		.byte	49
 786 02f5 01       		.byte	1
 787 02f6 32       		.byte	50
 788 02f7 01       		.byte	1
 789 02f8 33       		.byte	51
 790 02f9 08       		.byte	8
 791 02fa 35       		.byte	53
 792 02fb 01       		.byte	1
 793 02fc 36       		.byte	54
 794 02fd 80       		.byte	-128
 795 02fe 37       		.byte	55
 796 02ff 24       		.byte	36
 797 0300 3D       		.byte	61
 798 0301 60       		.byte	96
ARM GAS  C:\Users\KRISTI~1\AppData\Local\Temp\ccaUeYxd.s 			page 15


 799 0302 3E       		.byte	62
 800 0303 09       		.byte	9
 801 0304 40       		.byte	64
 802 0305 90       		.byte	-112
 803 0306 41       		.byte	65
 804 0307 05       		.byte	5
 805 0308 44       		.byte	68
 806 0309 20       		.byte	32
 807 030a 45       		.byte	69
 808 030b 82       		.byte	-126
 809 030c 48       		.byte	72
 810 030d 20       		.byte	32
 811 030e 49       		.byte	73
 812 030f 80       		.byte	-128
 813 0310 4E       		.byte	78
 814 0311 89       		.byte	-119
 815 0312 50       		.byte	80
 816 0313 80       		.byte	-128
 817 0314 53       		.byte	83
 818 0315 08       		.byte	8
 819 0316 57       		.byte	87
 820 0317 20       		.byte	32
 821 0318 59       		.byte	89
 822 0319 20       		.byte	32
 823 031a 5B       		.byte	91
 824 031b 10       		.byte	16
 825 031c 5C       		.byte	92
 826 031d 01       		.byte	1
 827 031e 65       		.byte	101
 828 031f 20       		.byte	32
 829 0320 67       		.byte	103
 830 0321 81       		.byte	-127
 831 0322 87       		.byte	-121
 832 0323 40       		.byte	64
 833 0324 8E       		.byte	-114
 834 0325 48       		.byte	72
 835 0326 90       		.byte	-112
 836 0327 80       		.byte	-128
 837 0328 91       		.byte	-111
 838 0329 11       		.byte	17
 839 032a 92       		.byte	-110
 840 032b 05       		.byte	5
 841 032c 93       		.byte	-109
 842 032d 40       		.byte	64
 843 032e 94       		.byte	-108
 844 032f 10       		.byte	16
 845 0330 96       		.byte	-106
 846 0331 10       		.byte	16
 847 0332 99       		.byte	-103
 848 0333 01       		.byte	1
 849 0334 9A       		.byte	-102
 850 0335 09       		.byte	9
 851 0336 9B       		.byte	-101
 852 0337 21       		.byte	33
 853 0338 9C       		.byte	-100
 854 0339 80       		.byte	-128
 855 033a 9D       		.byte	-99
ARM GAS  C:\Users\KRISTI~1\AppData\Local\Temp\ccaUeYxd.s 			page 16


 856 033b 1C       		.byte	28
 857 033c 9F       		.byte	-97
 858 033d 04       		.byte	4
 859 033e A0       		.byte	-96
 860 033f 01       		.byte	1
 861 0340 A1       		.byte	-95
 862 0341 08       		.byte	8
 863 0342 A2       		.byte	-94
 864 0343 0C       		.byte	12
 865 0344 A4       		.byte	-92
 866 0345 80       		.byte	-128
 867 0346 A6       		.byte	-90
 868 0347 31       		.byte	49
 869 0348 A7       		.byte	-89
 870 0349 10       		.byte	16
 871 034a B4       		.byte	-76
 872 034b 40       		.byte	64
 873 034c B6       		.byte	-74
 874 034d 04       		.byte	4
 875 034e C0       		.byte	-64
 876 034f F0       		.byte	-16
 877 0350 C2       		.byte	-62
 878 0351 F0       		.byte	-16
 879 0352 C4       		.byte	-60
 880 0353 F0       		.byte	-16
 881 0354 CA       		.byte	-54
 882 0355 F0       		.byte	-16
 883 0356 CC       		.byte	-52
 884 0357 F2       		.byte	-14
 885 0358 CE       		.byte	-50
 886 0359 F0       		.byte	-16
 887 035a D0       		.byte	-48
 888 035b D3       		.byte	-45
 889 035c D2       		.byte	-46
 890 035d 38       		.byte	56
 891 035e D6       		.byte	-42
 892 035f 80       		.byte	-128
 893 0360 D8       		.byte	-40
 894 0361 B0       		.byte	-80
 895 0362 01       		.byte	1
 896 0363 07       		.byte	7
 897 0364 03       		.byte	3
 898 0365 18       		.byte	24
 899 0366 04       		.byte	4
 900 0367 0C       		.byte	12
 901 0368 06       		.byte	6
 902 0369 03       		.byte	3
 903 036a 07       		.byte	7
 904 036b 0B       		.byte	11
 905 036c 0A       		.byte	10
 906 036d 0C       		.byte	12
 907 036e 0C       		.byte	12
 908 036f 01       		.byte	1
 909 0370 0E       		.byte	14
 910 0371 0E       		.byte	14
 911 0372 10       		.byte	16
 912 0373 10       		.byte	16
ARM GAS  C:\Users\KRISTI~1\AppData\Local\Temp\ccaUeYxd.s 			page 17


 913 0374 17       		.byte	23
 914 0375 10       		.byte	16
 915 0376 19       		.byte	25
 916 0377 06       		.byte	6
 917 0378 1B       		.byte	27
 918 0379 09       		.byte	9
 919 037a 1C       		.byte	28
 920 037b 01       		.byte	1
 921 037c 1E       		.byte	30
 922 037d 06       		.byte	6
 923 037e 25       		.byte	37
 924 037f 14       		.byte	20
 925 0380 26       		.byte	38
 926 0381 08       		.byte	8
 927 0382 27       		.byte	39
 928 0383 09       		.byte	9
 929 0384 2A       		.byte	42
 930 0385 03       		.byte	3
 931 0386 2D       		.byte	45
 932 0387 07       		.byte	7
 933 0388 2F       		.byte	47
 934 0389 08       		.byte	8
 935 038a 30       		.byte	48
 936 038b 10       		.byte	16
 937 038c 31       		.byte	49
 938 038d 1E       		.byte	30
 939 038e 34       		.byte	52
 940 038f 0F       		.byte	15
 941 0390 37       		.byte	55
 942 0391 01       		.byte	1
 943 0392 3A       		.byte	58
 944 0393 20       		.byte	32
 945 0394 3B       		.byte	59
 946 0395 02       		.byte	2
 947 0396 3E       		.byte	62
 948 0397 01       		.byte	1
 949 0398 3F       		.byte	63
 950 0399 40       		.byte	64
 951 039a 40       		.byte	64
 952 039b 01       		.byte	1
 953 039c 46       		.byte	70
 954 039d 40       		.byte	64
 955 039e 49       		.byte	73
 956 039f FF       		.byte	-1
 957 03a0 4A       		.byte	74
 958 03a1 07       		.byte	7
 959 03a2 4B       		.byte	75
 960 03a3 FF       		.byte	-1
 961 03a4 4C       		.byte	76
 962 03a5 40       		.byte	64
 963 03a6 4D       		.byte	77
 964 03a7 20       		.byte	32
 965 03a8 4E       		.byte	78
 966 03a9 F0       		.byte	-16
 967 03aa 4F       		.byte	79
 968 03ab 05       		.byte	5
 969 03ac 50       		.byte	80
ARM GAS  C:\Users\KRISTI~1\AppData\Local\Temp\ccaUeYxd.s 			page 18


 970 03ad 08       		.byte	8
 971 03ae 54       		.byte	84
 972 03af 01       		.byte	1
 973 03b0 58       		.byte	88
 974 03b1 04       		.byte	4
 975 03b2 59       		.byte	89
 976 03b3 04       		.byte	4
 977 03b4 5A       		.byte	90
 978 03b5 04       		.byte	4
 979 03b6 5B       		.byte	91
 980 03b7 04       		.byte	4
 981 03b8 5C       		.byte	92
 982 03b9 11       		.byte	17
 983 03ba 5D       		.byte	93
 984 03bb 11       		.byte	17
 985 03bc 5F       		.byte	95
 986 03bd 01       		.byte	1
 987 03be 60       		.byte	96
 988 03bf 40       		.byte	64
 989 03c0 61       		.byte	97
 990 03c1 A8       		.byte	-88
 991 03c2 62       		.byte	98
 992 03c3 40       		.byte	64
 993 03c4 63       		.byte	99
 994 03c5 20       		.byte	32
 995 03c6 80       		.byte	-128
 996 03c7 04       		.byte	4
 997 03c8 83       		.byte	-125
 998 03c9 0C       		.byte	12
 999 03ca 84       		.byte	-124
 1000 03cb 04       		.byte	4
 1001 03cc 85       		.byte	-123
 1002 03cd 73       		.byte	115
 1003 03ce 88       		.byte	-120
 1004 03cf 04       		.byte	4
 1005 03d0 89       		.byte	-119
 1006 03d1 73       		.byte	115
 1007 03d2 8C       		.byte	-116
 1008 03d3 03       		.byte	3
 1009 03d4 8D       		.byte	-115
 1010 03d5 4A       		.byte	74
 1011 03d6 8F       		.byte	-113
 1012 03d7 11       		.byte	17
 1013 03d8 91       		.byte	-111
 1014 03d9 1C       		.byte	28
 1015 03da 93       		.byte	-109
 1016 03db 60       		.byte	96
 1017 03dc 94       		.byte	-108
 1018 03dd 02       		.byte	2
 1019 03de 95       		.byte	-107
 1020 03df 0C       		.byte	12
 1021 03e0 98       		.byte	-104
 1022 03e1 04       		.byte	4
 1023 03e2 9B       		.byte	-101
 1024 03e3 0C       		.byte	12
 1025 03e4 A0       		.byte	-96
 1026 03e5 03       		.byte	3
ARM GAS  C:\Users\KRISTI~1\AppData\Local\Temp\ccaUeYxd.s 			page 19


 1027 03e6 A5       		.byte	-91
 1028 03e7 25       		.byte	37
 1029 03e8 A6       		.byte	-90
 1030 03e9 01       		.byte	1
 1031 03ea A7       		.byte	-89
 1032 03eb 92       		.byte	-110
 1033 03ec AB       		.byte	-85
 1034 03ed 0C       		.byte	12
 1035 03ee AD       		.byte	-83
 1036 03ef 0C       		.byte	12
 1037 03f0 B1       		.byte	-79
 1038 03f1 70       		.byte	112
 1039 03f2 B2       		.byte	-78
 1040 03f3 04       		.byte	4
 1041 03f4 B3       		.byte	-77
 1042 03f5 03       		.byte	3
 1043 03f6 B5       		.byte	-75
 1044 03f7 80       		.byte	-128
 1045 03f8 B6       		.byte	-74
 1046 03f9 03       		.byte	3
 1047 03fa B7       		.byte	-73
 1048 03fb 0C       		.byte	12
 1049 03fc B8       		.byte	-72
 1050 03fd 80       		.byte	-128
 1051 03fe BE       		.byte	-66
 1052 03ff 44       		.byte	68
 1053 0400 D8       		.byte	-40
 1054 0401 04       		.byte	4
 1055 0402 D9       		.byte	-39
 1056 0403 04       		.byte	4
 1057 0404 DC       		.byte	-36
 1058 0405 10       		.byte	16
 1059 0406 DF       		.byte	-33
 1060 0407 01       		.byte	1
 1061 0408 00       		.byte	0
 1062 0409 04       		.byte	4
 1063 040a 01       		.byte	1
 1064 040b 80       		.byte	-128
 1065 040c 02       		.byte	2
 1066 040d 08       		.byte	8
 1067 040e 04       		.byte	4
 1068 040f 80       		.byte	-128
 1069 0410 05       		.byte	5
 1070 0411 95       		.byte	-107
 1071 0412 06       		.byte	6
 1072 0413 A0       		.byte	-96
 1073 0414 07       		.byte	7
 1074 0415 04       		.byte	4
 1075 0416 0A       		.byte	10
 1076 0417 02       		.byte	2
 1077 0418 0B       		.byte	11
 1078 0419 40       		.byte	64
 1079 041a 0E       		.byte	14
 1080 041b 08       		.byte	8
 1081 041c 0F       		.byte	15
 1082 041d 20       		.byte	32
 1083 041e 10       		.byte	16
ARM GAS  C:\Users\KRISTI~1\AppData\Local\Temp\ccaUeYxd.s 			page 20


 1084 041f 08       		.byte	8
 1085 0420 12       		.byte	18
 1086 0421 20       		.byte	32
 1087 0422 15       		.byte	21
 1088 0423 0A       		.byte	10
 1089 0424 18       		.byte	24
 1090 0425 04       		.byte	4
 1091 0426 1B       		.byte	27
 1092 0427 11       		.byte	17
 1093 0428 1D       		.byte	29
 1094 0429 80       		.byte	-128
 1095 042a 1E       		.byte	30
 1096 042b 20       		.byte	32
 1097 042c 21       		.byte	33
 1098 042d 01       		.byte	1
 1099 042e 22       		.byte	34
 1100 042f 41       		.byte	65
 1101 0430 24       		.byte	36
 1102 0431 21       		.byte	33
 1103 0432 25       		.byte	37
 1104 0433 20       		.byte	32
 1105 0434 26       		.byte	38
 1106 0435 01       		.byte	1
 1107 0436 29       		.byte	41
 1108 0437 80       		.byte	-128
 1109 0438 2B       		.byte	43
 1110 0439 10       		.byte	16
 1111 043a 2D       		.byte	45
 1112 043b 08       		.byte	8
 1113 043c 2E       		.byte	46
 1114 043d A0       		.byte	-96
 1115 043e 30       		.byte	48
 1116 043f 30       		.byte	48
 1117 0440 31       		.byte	49
 1118 0441 08       		.byte	8
 1119 0442 32       		.byte	50
 1120 0443 08       		.byte	8
 1121 0444 35       		.byte	53
 1122 0445 10       		.byte	16
 1123 0446 36       		.byte	54
 1124 0447 05       		.byte	5
 1125 0448 39       		.byte	57
 1126 0449 0A       		.byte	10
 1127 044a 3C       		.byte	60
 1128 044b 02       		.byte	2
 1129 044c 3D       		.byte	61
 1130 044d 10       		.byte	16
 1131 044e 3E       		.byte	62
 1132 044f 04       		.byte	4
 1133 0450 3F       		.byte	63
 1134 0451 80       		.byte	-128
 1135 0452 41       		.byte	65
 1136 0453 80       		.byte	-128
 1137 0454 50       		.byte	80
 1138 0455 08       		.byte	8
 1139 0456 51       		.byte	81
 1140 0457 04       		.byte	4
ARM GAS  C:\Users\KRISTI~1\AppData\Local\Temp\ccaUeYxd.s 			page 21


 1141 0458 52       		.byte	82
 1142 0459 20       		.byte	32
 1143 045a 58       		.byte	88
 1144 045b 12       		.byte	18
 1145 045c 5A       		.byte	90
 1146 045d 88       		.byte	-120
 1147 045e 87       		.byte	-121
 1148 045f 01       		.byte	1
 1149 0460 89       		.byte	-119
 1150 0461 08       		.byte	8
 1151 0462 8C       		.byte	-116
 1152 0463 10       		.byte	16
 1153 0464 8F       		.byte	-113
 1154 0465 40       		.byte	64
 1155 0466 90       		.byte	-112
 1156 0467 80       		.byte	-128
 1157 0468 91       		.byte	-111
 1158 0469 10       		.byte	16
 1159 046a 92       		.byte	-110
 1160 046b 0C       		.byte	12
 1161 046c 93       		.byte	-109
 1162 046d 40       		.byte	64
 1163 046e 94       		.byte	-108
 1164 046f 21       		.byte	33
 1165 0470 95       		.byte	-107
 1166 0471 0A       		.byte	10
 1167 0472 98       		.byte	-104
 1168 0473 02       		.byte	2
 1169 0474 99       		.byte	-103
 1170 0475 05       		.byte	5
 1171 0476 9B       		.byte	-101
 1172 0477 04       		.byte	4
 1173 0478 9D       		.byte	-99
 1174 0479 88       		.byte	-120
 1175 047a A0       		.byte	-96
 1176 047b 21       		.byte	33
 1177 047c A1       		.byte	-95
 1178 047d 08       		.byte	8
 1179 047e A2       		.byte	-94
 1180 047f 04       		.byte	4
 1181 0480 A5       		.byte	-91
 1182 0481 20       		.byte	32
 1183 0482 A6       		.byte	-90
 1184 0483 31       		.byte	49
 1185 0484 A7       		.byte	-89
 1186 0485 10       		.byte	16
 1187 0486 A8       		.byte	-88
 1188 0487 02       		.byte	2
 1189 0488 AB       		.byte	-85
 1190 0489 08       		.byte	8
 1191 048a B0       		.byte	-80
 1192 048b 21       		.byte	33
 1193 048c B5       		.byte	-75
 1194 048d 12       		.byte	18
 1195 048e C0       		.byte	-64
 1196 048f F7       		.byte	-9
 1197 0490 C2       		.byte	-62
ARM GAS  C:\Users\KRISTI~1\AppData\Local\Temp\ccaUeYxd.s 			page 22


 1198 0491 69       		.byte	105
 1199 0492 C4       		.byte	-60
 1200 0493 36       		.byte	54
 1201 0494 CA       		.byte	-54
 1202 0495 7A       		.byte	122
 1203 0496 CC       		.byte	-52
 1204 0497 E6       		.byte	-26
 1205 0498 CE       		.byte	-50
 1206 0499 F3       		.byte	-13
 1207 049a D0       		.byte	-48
 1208 049b 08       		.byte	8
 1209 049c D6       		.byte	-42
 1210 049d 0F       		.byte	15
 1211 049e E4       		.byte	-28
 1212 049f 08       		.byte	8
 1213 04a0 32       		.byte	50
 1214 04a1 40       		.byte	64
 1215 04a2 35       		.byte	53
 1216 04a3 80       		.byte	-128
 1217 04a4 CC       		.byte	-52
 1218 04a5 30       		.byte	48
 1219 04a6 96       		.byte	-106
 1220 04a7 80       		.byte	-128
 1221 04a8 9D       		.byte	-99
 1222 04a9 80       		.byte	-128
 1223 04aa 96       		.byte	-106
 1224 04ab 80       		.byte	-128
 1225 04ac 9D       		.byte	-99
 1226 04ad 80       		.byte	-128
 1227 04ae 96       		.byte	-106
 1228 04af 80       		.byte	-128
 1229 04b0 9D       		.byte	-99
 1230 04b1 80       		.byte	-128
 1231 04b2 52       		.byte	82
 1232 04b3 20       		.byte	32
 1233 04b4 56       		.byte	86
 1234 04b5 80       		.byte	-128
 1235 04b6 D4       		.byte	-44
 1236 04b7 06       		.byte	6
 1237 04b8 8A       		.byte	-118
 1238 04b9 80       		.byte	-128
 1239 04ba 9E       		.byte	-98
 1240 04bb 80       		.byte	-128
 1241 04bc A6       		.byte	-90
 1242 04bd 20       		.byte	32
 1243 04be E4       		.byte	-28
 1244 04bf 04       		.byte	4
 1245 04c0 B6       		.byte	-74
 1246 04c1 20       		.byte	32
 1247 04c2 E8       		.byte	-24
 1248 04c3 08       		.byte	8
 1249 04c4 85       		.byte	-123
 1250 04c5 80       		.byte	-128
 1251 04c6 96       		.byte	-106
 1252 04c7 80       		.byte	-128
 1253 04c8 9D       		.byte	-99
 1254 04c9 80       		.byte	-128
ARM GAS  C:\Users\KRISTI~1\AppData\Local\Temp\ccaUeYxd.s 			page 23


 1255 04ca E2       		.byte	-30
 1256 04cb 10       		.byte	16
 1257 04cc 0A       		.byte	10
 1258 04cd 80       		.byte	-128
 1259 04ce 96       		.byte	-106
 1260 04cf 80       		.byte	-128
 1261 04d0 C2       		.byte	-62
 1262 04d1 10       		.byte	16
 1263 04d2 10       		.byte	16
 1264 04d3 40       		.byte	64
 1265 04d4 74       		.byte	116
 1266 04d5 01       		.byte	1
 1267 04d6 84       		.byte	-124
 1268 04d7 01       		.byte	1
 1269 04d8 88       		.byte	-120
 1270 04d9 40       		.byte	64
 1271 04da C4       		.byte	-60
 1272 04db 08       		.byte	8
 1273 04dc DE       		.byte	-34
 1274 04dd 04       		.byte	4
 1275 04de E2       		.byte	-30
 1276 04df 01       		.byte	1
 1277 04e0 00       		.byte	0
 1278 04e1 07       		.byte	7
 1279 04e2 0C       		.byte	12
 1280 04e3 07       		.byte	7
 1281 04e4 10       		.byte	16
 1282 04e5 02       		.byte	2
 1283 04e6 1C       		.byte	28
 1284 04e7 02       		.byte	2
 1285 04e8 00       		.byte	0
 1286 04e9 0F       		.byte	15
 1287 04ea 00       		.byte	0
 1288 04eb 00       		.byte	0
 1289 04ec 80       		.byte	-128
 1290 04ed 80       		.byte	-128
 1291 04ee 00       		.byte	0
 1292 04ef 00       		.byte	0
 1293 04f0 40       		.byte	64
 1294 04f1 00       		.byte	0
 1295 04f2 00       		.byte	0
 1296 04f3 00       		.byte	0
 1297 04f4 1F       		.byte	31
 1298 04f5 00       		.byte	0
 1299 04f6 00       		.byte	0
 1300 04f7 08       		.byte	8
 1301 04f8 04       		.byte	4
 1302 04f9 02       		.byte	2
 1303 04fa 40       		.byte	64
 1304 04fb 00       		.byte	0
 1305 04fc 00       		.byte	0
 1306 04fd 00       		.byte	0
 1307 04fe 40       		.byte	64
 1308 04ff 10       		.byte	16
 1309 0500 18       		.byte	24
 1310 0501 04       		.byte	4
 1311 0502 00       		.byte	0
ARM GAS  C:\Users\KRISTI~1\AppData\Local\Temp\ccaUeYxd.s 			page 24


 1312 0503 00       		.byte	0
 1313 0504 07       		.byte	7
 1314 0505 27       		.byte	39
 1315 0506 18       		.byte	24
 1316 0507 00       		.byte	0
 1317 0508 1C       		.byte	28
 1318 0509 06       		.byte	6
 1319 050a 02       		.byte	2
 1320 050b 21       		.byte	33
 1321 050c 00       		.byte	0
 1322 050d 06       		.byte	6
 1323 050e 04       		.byte	4
 1324 050f 00       		.byte	0
 1325 0510 00       		.byte	0
 1326 0511 00       		.byte	0
 1327 0512 20       		.byte	32
 1328 0513 08       		.byte	8
 1329 0514 00       		.byte	0
 1330 0515 00       		.byte	0
 1331 0516 03       		.byte	3
 1332 0517 21       		.byte	33
 1333 0518 1C       		.byte	28
 1334 0519 00       		.byte	0
 1335 051a 01       		.byte	1
 1336 051b 10       		.byte	16
 1337 051c 08       		.byte	8
 1338 051d 07       		.byte	7
 1339 051e 00       		.byte	0
 1340 051f 20       		.byte	32
 1341 0520 10       		.byte	16
 1342 0521 21       		.byte	33
 1343 0522 00       		.byte	0
 1344 0523 06       		.byte	6
 1345 0524 00       		.byte	0
 1346 0525 07       		.byte	7
 1347 0526 1F       		.byte	31
 1348 0527 08       		.byte	8
 1349 0528 00       		.byte	0
 1350 0529 26       		.byte	38
 1351 052a 60       		.byte	96
 1352 052b 10       		.byte	16
 1353 052c 00       		.byte	0
 1354 052d 00       		.byte	0
 1355 052e 08       		.byte	8
 1356 052f 20       		.byte	32
 1357 0530 00       		.byte	0
 1358 0531 00       		.byte	0
 1359 0532 40       		.byte	64
 1360 0533 44       		.byte	68
 1361 0534 63       		.byte	99
 1362 0535 05       		.byte	5
 1363 0536 04       		.byte	4
 1364 0537 00       		.byte	0
 1365 0538 01       		.byte	1
 1366 0539 E0       		.byte	-32
 1367 053a C0       		.byte	-64
 1368 053b 00       		.byte	0
ARM GAS  C:\Users\KRISTI~1\AppData\Local\Temp\ccaUeYxd.s 			page 25


 1369 053c 0A       		.byte	10
 1370 053d FF       		.byte	-1
 1371 053e FF       		.byte	-1
 1372 053f FF       		.byte	-1
 1373 0540 62       		.byte	98
 1374 0541 A0       		.byte	-96
 1375 0542 F0       		.byte	-16
 1376 0543 41       		.byte	65
 1377 0544 0C       		.byte	12
 1378 0545 00       		.byte	0
 1379 0546 00       		.byte	0
 1380 0547 00       		.byte	0
 1381 0548 18       		.byte	24
 1382 0549 00       		.byte	0
 1383 054a 04       		.byte	4
 1384 054b 00       		.byte	0
 1385 054c 04       		.byte	4
 1386 054d 04       		.byte	4
 1387 054e 04       		.byte	4
 1388 054f 04       		.byte	4
 1389 0550 11       		.byte	17
 1390 0551 11       		.byte	17
 1391 0552 00       		.byte	0
 1392 0553 01       		.byte	1
 1393 0554 00       		.byte	0
 1394 0555 00       		.byte	0
 1395 0556 00       		.byte	0
 1396 0557 00       		.byte	0
 1397 0558 00       		.byte	0
 1398 0559 00       		.byte	0
 1399 055a 40       		.byte	64
 1400 055b 02       		.byte	2
 1401 055c 00       		.byte	0
 1402 055d 10       		.byte	16
 1403 055e 30       		.byte	48
 1404 055f 10       		.byte	16
 1405 0560 00       		.byte	0
 1406 0561 10       		.byte	16
 1407 0562 10       		.byte	16
 1408 0563 12       		.byte	18
 1409 0564 00       		.byte	0
 1410 0565 00       		.byte	0
 1411 0566 00       		.byte	0
 1412 0567 00       		.byte	0
 1413 0568 00       		.byte	0
 1414 0569 00       		.byte	0
 1415 056a 00       		.byte	0
 1416 056b 00       		.byte	0
 1417 056c 00       		.byte	0
 1418 056d 00       		.byte	0
 1419 056e 00       		.byte	0
 1420 056f 00       		.byte	0
 1421 0570 00       		.byte	0
 1422 0571 00       		.byte	0
 1423 0572 00       		.byte	0
 1424 0573 00       		.byte	0
 1425 0574 80       		.byte	-128
ARM GAS  C:\Users\KRISTI~1\AppData\Local\Temp\ccaUeYxd.s 			page 26


 1426 0575 00       		.byte	0
 1427 0576 40       		.byte	64
 1428 0577 80       		.byte	-128
 1429 0578 80       		.byte	-128
 1430 0579 00       		.byte	0
 1431 057a 80       		.byte	-128
 1432 057b 00       		.byte	0
 1433 057c 00       		.byte	0
 1434 057d 00       		.byte	0
 1435 057e 00       		.byte	0
 1436 057f 00       		.byte	0
 1437 0580 00       		.byte	0
 1438 0581 CB       		.byte	-53
 1439 0582 CB       		.byte	-53
 1440 0583 00       		.byte	0
 1441 0584 00       		.byte	0
 1442 0585 00       		.byte	0
 1443 0586 00       		.byte	0
 1444 0587 00       		.byte	0
 1445 0588 81       		.byte	-127
 1446 0589 46       		.byte	70
 1447 058a 46       		.byte	70
 1448 058b 00       		.byte	0
 1449 058c 06       		.byte	6
 1450 058d 00       		.byte	0
 1451 058e 00       		.byte	0
 1452 058f 00       		.byte	0
 1453 0590 90       		.byte	-112
 1454 0591 40       		.byte	64
 1455 0592 40       		.byte	64
 1456 0593 00       		.byte	0
 1457 0594 00       		.byte	0
 1458 0595 00       		.byte	0
 1459 0596 00       		.byte	0
 1460 0597 00       		.byte	0
 1461              		.section	.cywolatch,"a",%progbits
 1462              		.align	2
 1463              		.type	cy_meta_wonvl, %object
 1464              		.size	cy_meta_wonvl, 4
 1465              	cy_meta_wonvl:
 1466 0000 BC       		.byte	-68
 1467 0001 90       		.byte	-112
 1468 0002 AC       		.byte	-84
 1469 0003 AF       		.byte	-81
 1470              		.section	.cycustnvl,"a",%progbits
 1471              		.align	2
 1472              		.type	cy_meta_custnvl, %object
 1473              		.size	cy_meta_custnvl, 4
 1474              	cy_meta_custnvl:
 1475 0000 00       		.byte	0
 1476 0001 00       		.byte	0
 1477 0002 40       		.byte	64
 1478 0003 05       		.byte	5
 1479              		.section	.cymeta,"a",%progbits
 1480              		.align	2
 1481              		.type	cy_metadata, %object
 1482              		.size	cy_metadata, 12
ARM GAS  C:\Users\KRISTI~1\AppData\Local\Temp\ccaUeYxd.s 			page 27


 1483              	cy_metadata:
 1484 0000 00       		.byte	0
 1485 0001 01       		.byte	1
 1486 0002 2E       		.byte	46
 1487 0003 16       		.byte	22
 1488 0004 10       		.byte	16
 1489 0005 69       		.byte	105
 1490 0006 00       		.byte	0
 1491 0007 01       		.byte	1
 1492 0008 00       		.byte	0
 1493 0009 00       		.byte	0
 1494 000a 00       		.byte	0
 1495 000b 00       		.byte	0
 1496              		.section	.cyflashprotect,"a",%progbits
 1497              		.align	2
 1498              		.type	cy_meta_flashprotect, %object
 1499              		.size	cy_meta_flashprotect, 256
 1500              	cy_meta_flashprotect:
 1501 0000 00000000 		.space	256
 1501      00000000 
 1501      00000000 
 1501      00000000 
 1501      00000000 
 1502              		.text
 1503              	.Letext0:
 1504              		.file 1 "c:\\program files (x86)\\cypress\\psoc creator\\4.3\\psoc creator\\import\\gnu\\arm\\5.4.
 1505              		.file 2 "c:\\program files (x86)\\cypress\\psoc creator\\4.3\\psoc creator\\import\\gnu\\arm\\5.4.
 1506              		.file 3 "Generated_Source\\PSoC5\\cymetadata.c"
 1507              		.section	.debug_info,"",%progbits
 1508              	.Ldebug_info0:
 1509 0000 32010000 		.4byte	0x132
 1510 0004 0400     		.2byte	0x4
 1511 0006 00000000 		.4byte	.Ldebug_abbrev0
 1512 000a 04       		.byte	0x4
 1513 000b 01       		.uleb128 0x1
 1514 000c 24000000 		.4byte	.LASF17
 1515 0010 0C       		.byte	0xc
 1516 0011 B7010000 		.4byte	.LASF18
 1517 0015 25010000 		.4byte	.LASF19
 1518 0019 00000000 		.4byte	.Ldebug_line0
 1519 001d 02       		.uleb128 0x2
 1520 001e 01       		.byte	0x1
 1521 001f 06       		.byte	0x6
 1522 0020 AB010000 		.4byte	.LASF0
 1523 0024 03       		.uleb128 0x3
 1524 0025 00000000 		.4byte	.LASF9
 1525 0029 01       		.byte	0x1
 1526 002a 1D       		.byte	0x1d
 1527 002b 2F000000 		.4byte	0x2f
 1528 002f 02       		.uleb128 0x2
 1529 0030 01       		.byte	0x1
 1530 0031 08       		.byte	0x8
 1531 0032 16000000 		.4byte	.LASF1
 1532 0036 02       		.uleb128 0x2
 1533 0037 02       		.byte	0x2
 1534 0038 05       		.byte	0x5
 1535 0039 98010000 		.4byte	.LASF2
ARM GAS  C:\Users\KRISTI~1\AppData\Local\Temp\ccaUeYxd.s 			page 28


 1536 003d 02       		.uleb128 0x2
 1537 003e 02       		.byte	0x2
 1538 003f 07       		.byte	0x7
 1539 0040 C4000000 		.4byte	.LASF3
 1540 0044 02       		.uleb128 0x2
 1541 0045 04       		.byte	0x4
 1542 0046 05       		.byte	0x5
 1543 0047 A2010000 		.4byte	.LASF4
 1544 004b 02       		.uleb128 0x2
 1545 004c 04       		.byte	0x4
 1546 004d 07       		.byte	0x7
 1547 004e B2000000 		.4byte	.LASF5
 1548 0052 02       		.uleb128 0x2
 1549 0053 08       		.byte	0x8
 1550 0054 05       		.byte	0x5
 1551 0055 8A010000 		.4byte	.LASF6
 1552 0059 02       		.uleb128 0x2
 1553 005a 08       		.byte	0x8
 1554 005b 07       		.byte	0x7
 1555 005c 06010000 		.4byte	.LASF7
 1556 0060 04       		.uleb128 0x4
 1557 0061 04       		.byte	0x4
 1558 0062 05       		.byte	0x5
 1559 0063 696E7400 		.ascii	"int\000"
 1560 0067 02       		.uleb128 0x2
 1561 0068 04       		.byte	0x4
 1562 0069 07       		.byte	0x7
 1563 006a F9000000 		.4byte	.LASF8
 1564 006e 03       		.uleb128 0x3
 1565 006f 1D010000 		.4byte	.LASF10
 1566 0073 02       		.byte	0x2
 1567 0074 18       		.byte	0x18
 1568 0075 24000000 		.4byte	0x24
 1569 0079 05       		.uleb128 0x5
 1570 007a 91000000 		.4byte	0x91
 1571 007e 8A000000 		.4byte	0x8a
 1572 0082 06       		.uleb128 0x6
 1573 0083 8A000000 		.4byte	0x8a
 1574 0087 9705     		.2byte	0x597
 1575 0089 00       		.byte	0
 1576 008a 02       		.uleb128 0x2
 1577 008b 04       		.byte	0x4
 1578 008c 07       		.byte	0x7
 1579 008d 81010000 		.4byte	.LASF11
 1580 0091 07       		.uleb128 0x7
 1581 0092 6E000000 		.4byte	0x6e
 1582 0096 08       		.uleb128 0x8
 1583 0097 E7000000 		.4byte	.LASF12
 1584 009b 03       		.byte	0x3
 1585 009c 1F       		.byte	0x1f
 1586 009d A7000000 		.4byte	0xa7
 1587 00a1 05       		.uleb128 0x5
 1588 00a2 03       		.byte	0x3
 1589 00a3 00000000 		.4byte	cy_meta_configecc
 1590 00a7 07       		.uleb128 0x7
 1591 00a8 79000000 		.4byte	0x79
 1592 00ac 05       		.uleb128 0x5
ARM GAS  C:\Users\KRISTI~1\AppData\Local\Temp\ccaUeYxd.s 			page 29


 1593 00ad 91000000 		.4byte	0x91
 1594 00b1 BC000000 		.4byte	0xbc
 1595 00b5 09       		.uleb128 0x9
 1596 00b6 8A000000 		.4byte	0x8a
 1597 00ba 03       		.byte	0x3
 1598 00bb 00       		.byte	0
 1599 00bc 08       		.uleb128 0x8
 1600 00bd D7000000 		.4byte	.LASF13
 1601 00c1 03       		.byte	0x3
 1602 00c2 DF       		.byte	0xdf
 1603 00c3 CD000000 		.4byte	0xcd
 1604 00c7 05       		.uleb128 0x5
 1605 00c8 03       		.byte	0x3
 1606 00c9 00000000 		.4byte	cy_meta_custnvl
 1607 00cd 07       		.uleb128 0x7
 1608 00ce AC000000 		.4byte	0xac
 1609 00d2 08       		.uleb128 0x8
 1610 00d3 73010000 		.4byte	.LASF14
 1611 00d7 03       		.byte	0x3
 1612 00d8 ED       		.byte	0xed
 1613 00d9 E3000000 		.4byte	0xe3
 1614 00dd 05       		.uleb128 0x5
 1615 00de 03       		.byte	0x3
 1616 00df 00000000 		.4byte	cy_meta_wonvl
 1617 00e3 07       		.uleb128 0x7
 1618 00e4 AC000000 		.4byte	0xac
 1619 00e8 05       		.uleb128 0x5
 1620 00e9 91000000 		.4byte	0x91
 1621 00ed F8000000 		.4byte	0xf8
 1622 00f1 09       		.uleb128 0x9
 1623 00f2 8A000000 		.4byte	0x8a
 1624 00f6 FF       		.byte	0xff
 1625 00f7 00       		.byte	0
 1626 00f8 08       		.uleb128 0x8
 1627 00f9 5E010000 		.4byte	.LASF15
 1628 00fd 03       		.byte	0x3
 1629 00fe FB       		.byte	0xfb
 1630 00ff 09010000 		.4byte	0x109
 1631 0103 05       		.uleb128 0x5
 1632 0104 03       		.byte	0x3
 1633 0105 00000000 		.4byte	cy_meta_flashprotect
 1634 0109 07       		.uleb128 0x7
 1635 010a E8000000 		.4byte	0xe8
 1636 010e 05       		.uleb128 0x5
 1637 010f 91000000 		.4byte	0x91
 1638 0113 1E010000 		.4byte	0x11e
 1639 0117 09       		.uleb128 0x9
 1640 0118 8A000000 		.4byte	0x8a
 1641 011c 0B       		.byte	0xb
 1642 011d 00       		.byte	0
 1643 011e 0A       		.uleb128 0xa
 1644 011f 0A000000 		.4byte	.LASF16
 1645 0123 03       		.byte	0x3
 1646 0124 2801     		.2byte	0x128
 1647 0126 30010000 		.4byte	0x130
 1648 012a 05       		.uleb128 0x5
 1649 012b 03       		.byte	0x3
ARM GAS  C:\Users\KRISTI~1\AppData\Local\Temp\ccaUeYxd.s 			page 30


 1650 012c 00000000 		.4byte	cy_metadata
 1651 0130 07       		.uleb128 0x7
 1652 0131 0E010000 		.4byte	0x10e
 1653 0135 00       		.byte	0
 1654              		.section	.debug_abbrev,"",%progbits
 1655              	.Ldebug_abbrev0:
 1656 0000 01       		.uleb128 0x1
 1657 0001 11       		.uleb128 0x11
 1658 0002 01       		.byte	0x1
 1659 0003 25       		.uleb128 0x25
 1660 0004 0E       		.uleb128 0xe
 1661 0005 13       		.uleb128 0x13
 1662 0006 0B       		.uleb128 0xb
 1663 0007 03       		.uleb128 0x3
 1664 0008 0E       		.uleb128 0xe
 1665 0009 1B       		.uleb128 0x1b
 1666 000a 0E       		.uleb128 0xe
 1667 000b 10       		.uleb128 0x10
 1668 000c 17       		.uleb128 0x17
 1669 000d 00       		.byte	0
 1670 000e 00       		.byte	0
 1671 000f 02       		.uleb128 0x2
 1672 0010 24       		.uleb128 0x24
 1673 0011 00       		.byte	0
 1674 0012 0B       		.uleb128 0xb
 1675 0013 0B       		.uleb128 0xb
 1676 0014 3E       		.uleb128 0x3e
 1677 0015 0B       		.uleb128 0xb
 1678 0016 03       		.uleb128 0x3
 1679 0017 0E       		.uleb128 0xe
 1680 0018 00       		.byte	0
 1681 0019 00       		.byte	0
 1682 001a 03       		.uleb128 0x3
 1683 001b 16       		.uleb128 0x16
 1684 001c 00       		.byte	0
 1685 001d 03       		.uleb128 0x3
 1686 001e 0E       		.uleb128 0xe
 1687 001f 3A       		.uleb128 0x3a
 1688 0020 0B       		.uleb128 0xb
 1689 0021 3B       		.uleb128 0x3b
 1690 0022 0B       		.uleb128 0xb
 1691 0023 49       		.uleb128 0x49
 1692 0024 13       		.uleb128 0x13
 1693 0025 00       		.byte	0
 1694 0026 00       		.byte	0
 1695 0027 04       		.uleb128 0x4
 1696 0028 24       		.uleb128 0x24
 1697 0029 00       		.byte	0
 1698 002a 0B       		.uleb128 0xb
 1699 002b 0B       		.uleb128 0xb
 1700 002c 3E       		.uleb128 0x3e
 1701 002d 0B       		.uleb128 0xb
 1702 002e 03       		.uleb128 0x3
 1703 002f 08       		.uleb128 0x8
 1704 0030 00       		.byte	0
 1705 0031 00       		.byte	0
 1706 0032 05       		.uleb128 0x5
ARM GAS  C:\Users\KRISTI~1\AppData\Local\Temp\ccaUeYxd.s 			page 31


 1707 0033 01       		.uleb128 0x1
 1708 0034 01       		.byte	0x1
 1709 0035 49       		.uleb128 0x49
 1710 0036 13       		.uleb128 0x13
 1711 0037 01       		.uleb128 0x1
 1712 0038 13       		.uleb128 0x13
 1713 0039 00       		.byte	0
 1714 003a 00       		.byte	0
 1715 003b 06       		.uleb128 0x6
 1716 003c 21       		.uleb128 0x21
 1717 003d 00       		.byte	0
 1718 003e 49       		.uleb128 0x49
 1719 003f 13       		.uleb128 0x13
 1720 0040 2F       		.uleb128 0x2f
 1721 0041 05       		.uleb128 0x5
 1722 0042 00       		.byte	0
 1723 0043 00       		.byte	0
 1724 0044 07       		.uleb128 0x7
 1725 0045 26       		.uleb128 0x26
 1726 0046 00       		.byte	0
 1727 0047 49       		.uleb128 0x49
 1728 0048 13       		.uleb128 0x13
 1729 0049 00       		.byte	0
 1730 004a 00       		.byte	0
 1731 004b 08       		.uleb128 0x8
 1732 004c 34       		.uleb128 0x34
 1733 004d 00       		.byte	0
 1734 004e 03       		.uleb128 0x3
 1735 004f 0E       		.uleb128 0xe
 1736 0050 3A       		.uleb128 0x3a
 1737 0051 0B       		.uleb128 0xb
 1738 0052 3B       		.uleb128 0x3b
 1739 0053 0B       		.uleb128 0xb
 1740 0054 49       		.uleb128 0x49
 1741 0055 13       		.uleb128 0x13
 1742 0056 3F       		.uleb128 0x3f
 1743 0057 19       		.uleb128 0x19
 1744 0058 02       		.uleb128 0x2
 1745 0059 18       		.uleb128 0x18
 1746 005a 00       		.byte	0
 1747 005b 00       		.byte	0
 1748 005c 09       		.uleb128 0x9
 1749 005d 21       		.uleb128 0x21
 1750 005e 00       		.byte	0
 1751 005f 49       		.uleb128 0x49
 1752 0060 13       		.uleb128 0x13
 1753 0061 2F       		.uleb128 0x2f
 1754 0062 0B       		.uleb128 0xb
 1755 0063 00       		.byte	0
 1756 0064 00       		.byte	0
 1757 0065 0A       		.uleb128 0xa
 1758 0066 34       		.uleb128 0x34
 1759 0067 00       		.byte	0
 1760 0068 03       		.uleb128 0x3
 1761 0069 0E       		.uleb128 0xe
 1762 006a 3A       		.uleb128 0x3a
 1763 006b 0B       		.uleb128 0xb
ARM GAS  C:\Users\KRISTI~1\AppData\Local\Temp\ccaUeYxd.s 			page 32


 1764 006c 3B       		.uleb128 0x3b
 1765 006d 05       		.uleb128 0x5
 1766 006e 49       		.uleb128 0x49
 1767 006f 13       		.uleb128 0x13
 1768 0070 3F       		.uleb128 0x3f
 1769 0071 19       		.uleb128 0x19
 1770 0072 02       		.uleb128 0x2
 1771 0073 18       		.uleb128 0x18
 1772 0074 00       		.byte	0
 1773 0075 00       		.byte	0
 1774 0076 00       		.byte	0
 1775              		.section	.debug_aranges,"",%progbits
 1776 0000 14000000 		.4byte	0x14
 1777 0004 0200     		.2byte	0x2
 1778 0006 00000000 		.4byte	.Ldebug_info0
 1779 000a 04       		.byte	0x4
 1780 000b 00       		.byte	0
 1781 000c 0000     		.2byte	0
 1782 000e 0000     		.2byte	0
 1783 0010 00000000 		.4byte	0
 1784 0014 00000000 		.4byte	0
 1785              		.section	.debug_line,"",%progbits
 1786              	.Ldebug_line0:
 1787 0000 3D010000 		.section	.debug_str,"MS",%progbits,1
 1787      02003701 
 1787      00000201 
 1787      FB0E0D00 
 1787      01010101 
 1788              	.LASF9:
 1789 0000 5F5F7569 		.ascii	"__uint8_t\000"
 1789      6E74385F 
 1789      7400
 1790              	.LASF16:
 1791 000a 63795F6D 		.ascii	"cy_metadata\000"
 1791      65746164 
 1791      61746100 
 1792              	.LASF1:
 1793 0016 756E7369 		.ascii	"unsigned char\000"
 1793      676E6564 
 1793      20636861 
 1793      7200
 1794              	.LASF17:
 1795 0024 474E5520 		.ascii	"GNU C11 5.4.1 20160609 (release) [ARM/embedded-5-br"
 1795      43313120 
 1795      352E342E 
 1795      31203230 
 1795      31363036 
 1796 0057 616E6368 		.ascii	"anch revision 237715] -mcpu=cortex-m3 -mthumb -g -O"
 1796      20726576 
 1796      6973696F 
 1796      6E203233 
 1796      37373135 
 1797 008a 67202D66 		.ascii	"g -ffunction-sections -ffat-lto-objects\000"
 1797      66756E63 
 1797      74696F6E 
 1797      2D736563 
 1797      74696F6E 
ARM GAS  C:\Users\KRISTI~1\AppData\Local\Temp\ccaUeYxd.s 			page 33


 1798              	.LASF5:
 1799 00b2 6C6F6E67 		.ascii	"long unsigned int\000"
 1799      20756E73 
 1799      69676E65 
 1799      6420696E 
 1799      7400
 1800              	.LASF3:
 1801 00c4 73686F72 		.ascii	"short unsigned int\000"
 1801      7420756E 
 1801      7369676E 
 1801      65642069 
 1801      6E7400
 1802              	.LASF13:
 1803 00d7 63795F6D 		.ascii	"cy_meta_custnvl\000"
 1803      6574615F 
 1803      63757374 
 1803      6E766C00 
 1804              	.LASF12:
 1805 00e7 63795F6D 		.ascii	"cy_meta_configecc\000"
 1805      6574615F 
 1805      636F6E66 
 1805      69676563 
 1805      6300
 1806              	.LASF8:
 1807 00f9 756E7369 		.ascii	"unsigned int\000"
 1807      676E6564 
 1807      20696E74 
 1807      00
 1808              	.LASF7:
 1809 0106 6C6F6E67 		.ascii	"long long unsigned int\000"
 1809      206C6F6E 
 1809      6720756E 
 1809      7369676E 
 1809      65642069 
 1810              	.LASF10:
 1811 011d 75696E74 		.ascii	"uint8_t\000"
 1811      385F7400 
 1812              	.LASF19:
 1813 0125 5C5C4D61 		.ascii	"\\\\Mac\\Home\\Documents\\Projekt\\BilProjekt\\BilP"
 1813      635C486F 
 1813      6D655C44 
 1813      6F63756D 
 1813      656E7473 
 1814 0151 726F6A65 		.ascii	"rojekt.cydsn\000"
 1814      6B742E63 
 1814      7964736E 
 1814      00
 1815              	.LASF15:
 1816 015e 63795F6D 		.ascii	"cy_meta_flashprotect\000"
 1816      6574615F 
 1816      666C6173 
 1816      6870726F 
 1816      74656374 
 1817              	.LASF14:
 1818 0173 63795F6D 		.ascii	"cy_meta_wonvl\000"
 1818      6574615F 
 1818      776F6E76 
ARM GAS  C:\Users\KRISTI~1\AppData\Local\Temp\ccaUeYxd.s 			page 34


 1818      6C00
 1819              	.LASF11:
 1820 0181 73697A65 		.ascii	"sizetype\000"
 1820      74797065 
 1820      00
 1821              	.LASF6:
 1822 018a 6C6F6E67 		.ascii	"long long int\000"
 1822      206C6F6E 
 1822      6720696E 
 1822      7400
 1823              	.LASF2:
 1824 0198 73686F72 		.ascii	"short int\000"
 1824      7420696E 
 1824      7400
 1825              	.LASF4:
 1826 01a2 6C6F6E67 		.ascii	"long int\000"
 1826      20696E74 
 1826      00
 1827              	.LASF0:
 1828 01ab 7369676E 		.ascii	"signed char\000"
 1828      65642063 
 1828      68617200 
 1829              	.LASF18:
 1830 01b7 47656E65 		.ascii	"Generated_Source\\PSoC5\\cymetadata.c\000"
 1830      72617465 
 1830      645F536F 
 1830      75726365 
 1830      5C50536F 
 1831              		.ident	"GCC: (GNU Tools for ARM Embedded Processors) 5.4.1 20160609 (release) [ARM/embedded-5-bran
