ARM GAS  C:\Users\KRISTI~1\AppData\Local\Temp\cc1fahUr.s 			page 1


   1              		.syntax unified
   2              		.cpu cortex-m3
   3              		.fpu softvfp
   4              		.eabi_attribute 20, 1
   5              		.eabi_attribute 21, 1
   6              		.eabi_attribute 23, 3
   7              		.eabi_attribute 24, 1
   8              		.eabi_attribute 25, 1
   9              		.eabi_attribute 26, 1
  10              		.eabi_attribute 30, 1
  11              		.eabi_attribute 34, 1
  12              		.eabi_attribute 18, 4
  13              		.thumb
  14              		.syntax unified
  15              		.file	"servoControl.c"
  16              		.text
  17              	.Ltext0:
  18              		.cfi_sections	.debug_frame
  19              		.section	.text.turnWheelsRight,"ax",%progbits
  20              		.align	2
  21              		.global	turnWheelsRight
  22              		.thumb
  23              		.thumb_func
  24              		.type	turnWheelsRight, %function
  25              	turnWheelsRight:
  26              	.LFB63:
  27              		.file 1 "servoControl.c"
   1:servoControl.c **** /* ========================================
   2:servoControl.c ****  *
   3:servoControl.c ****  * Copyright YOUR COMPANY, THE YEAR
   4:servoControl.c ****  * All Rights Reserved
   5:servoControl.c ****  * UNPUBLISHED, LICENSED SOFTWARE.
   6:servoControl.c ****  *
   7:servoControl.c ****  * CONFIDENTIAL AND PROPRIETARY INFORMATION
   8:servoControl.c ****  * WHICH IS THE PROPERTY OF your company.
   9:servoControl.c ****  *
  10:servoControl.c ****  * ========================================
  11:servoControl.c **** */
  12:servoControl.c **** 
  13:servoControl.c **** #include "project.h"
  14:servoControl.c **** #include "servoControl.h"
  15:servoControl.c **** 
  16:servoControl.c **** void turnWheelsRight()
  17:servoControl.c **** {
  28              		.loc 1 17 0
  29              		.cfi_startproc
  30              		@ args = 0, pretend = 0, frame = 0
  31              		@ frame_needed = 0, uses_anonymous_args = 0
  32 0000 08B5     		push	{r3, lr}
  33              		.cfi_def_cfa_offset 8
  34              		.cfi_offset 3, -8
  35              		.cfi_offset 14, -4
  18:servoControl.c ****     PWM_Servo_WriteCompare(1000);
  36              		.loc 1 18 0
  37 0002 4FF47A70 		mov	r0, #1000
  38 0006 FFF7FEFF 		bl	PWM_Servo_WriteCompare
  39              	.LVL0:
ARM GAS  C:\Users\KRISTI~1\AppData\Local\Temp\cc1fahUr.s 			page 2


  40 000a 08BD     		pop	{r3, pc}
  41              		.cfi_endproc
  42              	.LFE63:
  43              		.size	turnWheelsRight, .-turnWheelsRight
  44              		.section	.text.turnWheelsLeft,"ax",%progbits
  45              		.align	2
  46              		.global	turnWheelsLeft
  47              		.thumb
  48              		.thumb_func
  49              		.type	turnWheelsLeft, %function
  50              	turnWheelsLeft:
  51              	.LFB64:
  19:servoControl.c **** }
  20:servoControl.c **** 
  21:servoControl.c **** void turnWheelsLeft()
  22:servoControl.c **** {
  52              		.loc 1 22 0
  53              		.cfi_startproc
  54              		@ args = 0, pretend = 0, frame = 0
  55              		@ frame_needed = 0, uses_anonymous_args = 0
  56 0000 08B5     		push	{r3, lr}
  57              		.cfi_def_cfa_offset 8
  58              		.cfi_offset 3, -8
  59              		.cfi_offset 14, -4
  23:servoControl.c ****     PWM_Servo_WriteCompare(2000);
  60              		.loc 1 23 0
  61 0002 4FF4FA60 		mov	r0, #2000
  62 0006 FFF7FEFF 		bl	PWM_Servo_WriteCompare
  63              	.LVL1:
  64 000a 08BD     		pop	{r3, pc}
  65              		.cfi_endproc
  66              	.LFE64:
  67              		.size	turnWheelsLeft, .-turnWheelsLeft
  68              		.section	.text.middlePos,"ax",%progbits
  69              		.align	2
  70              		.global	middlePos
  71              		.thumb
  72              		.thumb_func
  73              		.type	middlePos, %function
  74              	middlePos:
  75              	.LFB65:
  24:servoControl.c **** }
  25:servoControl.c **** 
  26:servoControl.c **** void middlePos()
  27:servoControl.c **** {
  76              		.loc 1 27 0
  77              		.cfi_startproc
  78              		@ args = 0, pretend = 0, frame = 0
  79              		@ frame_needed = 0, uses_anonymous_args = 0
  80 0000 08B5     		push	{r3, lr}
  81              		.cfi_def_cfa_offset 8
  82              		.cfi_offset 3, -8
  83              		.cfi_offset 14, -4
  28:servoControl.c ****     PWM_Servo_WriteCompare(1500);
  84              		.loc 1 28 0
  85 0002 40F2DC50 		movw	r0, #1500
  86 0006 FFF7FEFF 		bl	PWM_Servo_WriteCompare
ARM GAS  C:\Users\KRISTI~1\AppData\Local\Temp\cc1fahUr.s 			page 3


  87              	.LVL2:
  88 000a 08BD     		pop	{r3, pc}
  89              		.cfi_endproc
  90              	.LFE65:
  91              		.size	middlePos, .-middlePos
  92              		.text
  93              	.Letext0:
  94              		.file 2 "c:\\program files (x86)\\cypress\\psoc creator\\4.3\\psoc creator\\import\\gnu\\arm\\5.4.
  95              		.file 3 "c:\\program files (x86)\\cypress\\psoc creator\\4.3\\psoc creator\\import\\gnu\\arm\\5.4.
  96              		.file 4 "Generated_Source\\PSoC5/core_cm3.h"
  97              		.file 5 "Generated_Source\\PSoC5/PWM_Servo.h"
  98              		.section	.debug_info,"",%progbits
  99              	.Ldebug_info0:
 100 0000 32010000 		.4byte	0x132
 101 0004 0400     		.2byte	0x4
 102 0006 00000000 		.4byte	.Ldebug_abbrev0
 103 000a 04       		.byte	0x4
 104 000b 01       		.uleb128 0x1
 105 000c 2E000000 		.4byte	.LASF19
 106 0010 0C       		.byte	0xc
 107 0011 A6010000 		.4byte	.LASF20
 108 0015 BC000000 		.4byte	.LASF21
 109 0019 00000000 		.4byte	.Ldebug_ranges0+0
 110 001d 00000000 		.4byte	0
 111 0021 00000000 		.4byte	.Ldebug_line0
 112 0025 02       		.uleb128 0x2
 113 0026 01       		.byte	0x1
 114 0027 06       		.byte	0x6
 115 0028 8E010000 		.4byte	.LASF0
 116 002c 02       		.uleb128 0x2
 117 002d 01       		.byte	0x1
 118 002e 08       		.byte	0x8
 119 002f 45010000 		.4byte	.LASF1
 120 0033 02       		.uleb128 0x2
 121 0034 02       		.byte	0x2
 122 0035 05       		.byte	0x5
 123 0036 C5010000 		.4byte	.LASF2
 124 003a 02       		.uleb128 0x2
 125 003b 02       		.byte	0x2
 126 003c 07       		.byte	0x7
 127 003d 0E000000 		.4byte	.LASF3
 128 0041 03       		.uleb128 0x3
 129 0042 B5010000 		.4byte	.LASF9
 130 0046 02       		.byte	0x2
 131 0047 3F       		.byte	0x3f
 132 0048 4C000000 		.4byte	0x4c
 133 004c 02       		.uleb128 0x2
 134 004d 04       		.byte	0x4
 135 004e 05       		.byte	0x5
 136 004f 71010000 		.4byte	.LASF4
 137 0053 02       		.uleb128 0x2
 138 0054 04       		.byte	0x4
 139 0055 07       		.byte	0x7
 140 0056 F5000000 		.4byte	.LASF5
 141 005a 02       		.uleb128 0x2
 142 005b 08       		.byte	0x8
 143 005c 05       		.byte	0x5
ARM GAS  C:\Users\KRISTI~1\AppData\Local\Temp\cc1fahUr.s 			page 4


 144 005d 00000000 		.4byte	.LASF6
 145 0061 02       		.uleb128 0x2
 146 0062 08       		.byte	0x8
 147 0063 07       		.byte	0x7
 148 0064 07010000 		.4byte	.LASF7
 149 0068 04       		.uleb128 0x4
 150 0069 04       		.byte	0x4
 151 006a 05       		.byte	0x5
 152 006b 696E7400 		.ascii	"int\000"
 153 006f 02       		.uleb128 0x2
 154 0070 04       		.byte	0x4
 155 0071 07       		.byte	0x7
 156 0072 21000000 		.4byte	.LASF8
 157 0076 03       		.uleb128 0x3
 158 0077 CF010000 		.4byte	.LASF10
 159 007b 03       		.byte	0x3
 160 007c 2C       		.byte	0x2c
 161 007d 41000000 		.4byte	0x41
 162 0081 02       		.uleb128 0x2
 163 0082 04       		.byte	0x4
 164 0083 04       		.byte	0x4
 165 0084 BF010000 		.4byte	.LASF11
 166 0088 02       		.uleb128 0x2
 167 0089 08       		.byte	0x8
 168 008a 04       		.byte	0x4
 169 008b 7A010000 		.4byte	.LASF12
 170 008f 02       		.uleb128 0x2
 171 0090 01       		.byte	0x1
 172 0091 08       		.byte	0x8
 173 0092 62010000 		.4byte	.LASF13
 174 0096 02       		.uleb128 0x2
 175 0097 08       		.byte	0x8
 176 0098 04       		.byte	0x4
 177 0099 9A010000 		.4byte	.LASF14
 178 009d 02       		.uleb128 0x2
 179 009e 04       		.byte	0x4
 180 009f 07       		.byte	0x7
 181 00a0 D7010000 		.4byte	.LASF15
 182 00a4 05       		.uleb128 0x5
 183 00a5 35010000 		.4byte	.LASF16
 184 00a9 01       		.byte	0x1
 185 00aa 10       		.byte	0x10
 186 00ab 00000000 		.4byte	.LFB63
 187 00af 0C000000 		.4byte	.LFE63-.LFB63
 188 00b3 01       		.uleb128 0x1
 189 00b4 9C       		.byte	0x9c
 190 00b5 CB000000 		.4byte	0xcb
 191 00b9 06       		.uleb128 0x6
 192 00ba 0A000000 		.4byte	.LVL0
 193 00be 2A010000 		.4byte	0x12a
 194 00c2 07       		.uleb128 0x7
 195 00c3 01       		.uleb128 0x1
 196 00c4 50       		.byte	0x50
 197 00c5 03       		.uleb128 0x3
 198 00c6 0A       		.byte	0xa
 199 00c7 E803     		.2byte	0x3e8
 200 00c9 00       		.byte	0
ARM GAS  C:\Users\KRISTI~1\AppData\Local\Temp\cc1fahUr.s 			page 5


 201 00ca 00       		.byte	0
 202 00cb 05       		.uleb128 0x5
 203 00cc 53010000 		.4byte	.LASF17
 204 00d0 01       		.byte	0x1
 205 00d1 15       		.byte	0x15
 206 00d2 00000000 		.4byte	.LFB64
 207 00d6 0C000000 		.4byte	.LFE64-.LFB64
 208 00da 01       		.uleb128 0x1
 209 00db 9C       		.byte	0x9c
 210 00dc F2000000 		.4byte	0xf2
 211 00e0 06       		.uleb128 0x6
 212 00e1 0A000000 		.4byte	.LVL1
 213 00e5 2A010000 		.4byte	0x12a
 214 00e9 07       		.uleb128 0x7
 215 00ea 01       		.uleb128 0x1
 216 00eb 50       		.byte	0x50
 217 00ec 03       		.uleb128 0x3
 218 00ed 0A       		.byte	0xa
 219 00ee D007     		.2byte	0x7d0
 220 00f0 00       		.byte	0
 221 00f1 00       		.byte	0
 222 00f2 05       		.uleb128 0x5
 223 00f3 67010000 		.4byte	.LASF18
 224 00f7 01       		.byte	0x1
 225 00f8 1A       		.byte	0x1a
 226 00f9 00000000 		.4byte	.LFB65
 227 00fd 0C000000 		.4byte	.LFE65-.LFB65
 228 0101 01       		.uleb128 0x1
 229 0102 9C       		.byte	0x9c
 230 0103 19010000 		.4byte	0x119
 231 0107 06       		.uleb128 0x6
 232 0108 0A000000 		.4byte	.LVL2
 233 010c 2A010000 		.4byte	0x12a
 234 0110 07       		.uleb128 0x7
 235 0111 01       		.uleb128 0x1
 236 0112 50       		.byte	0x50
 237 0113 03       		.uleb128 0x3
 238 0114 0A       		.byte	0xa
 239 0115 DC05     		.2byte	0x5dc
 240 0117 00       		.byte	0
 241 0118 00       		.byte	0
 242 0119 08       		.uleb128 0x8
 243 011a 81010000 		.4byte	.LASF22
 244 011e 04       		.byte	0x4
 245 011f 1207     		.2byte	0x712
 246 0121 25010000 		.4byte	0x125
 247 0125 09       		.uleb128 0x9
 248 0126 76000000 		.4byte	0x76
 249 012a 0A       		.uleb128 0xa
 250 012b 1E010000 		.4byte	.LASF23
 251 012f 1E010000 		.4byte	.LASF23
 252 0133 05       		.byte	0x5
 253 0134 C3       		.byte	0xc3
 254 0135 00       		.byte	0
 255              		.section	.debug_abbrev,"",%progbits
 256              	.Ldebug_abbrev0:
 257 0000 01       		.uleb128 0x1
ARM GAS  C:\Users\KRISTI~1\AppData\Local\Temp\cc1fahUr.s 			page 6


 258 0001 11       		.uleb128 0x11
 259 0002 01       		.byte	0x1
 260 0003 25       		.uleb128 0x25
 261 0004 0E       		.uleb128 0xe
 262 0005 13       		.uleb128 0x13
 263 0006 0B       		.uleb128 0xb
 264 0007 03       		.uleb128 0x3
 265 0008 0E       		.uleb128 0xe
 266 0009 1B       		.uleb128 0x1b
 267 000a 0E       		.uleb128 0xe
 268 000b 55       		.uleb128 0x55
 269 000c 17       		.uleb128 0x17
 270 000d 11       		.uleb128 0x11
 271 000e 01       		.uleb128 0x1
 272 000f 10       		.uleb128 0x10
 273 0010 17       		.uleb128 0x17
 274 0011 00       		.byte	0
 275 0012 00       		.byte	0
 276 0013 02       		.uleb128 0x2
 277 0014 24       		.uleb128 0x24
 278 0015 00       		.byte	0
 279 0016 0B       		.uleb128 0xb
 280 0017 0B       		.uleb128 0xb
 281 0018 3E       		.uleb128 0x3e
 282 0019 0B       		.uleb128 0xb
 283 001a 03       		.uleb128 0x3
 284 001b 0E       		.uleb128 0xe
 285 001c 00       		.byte	0
 286 001d 00       		.byte	0
 287 001e 03       		.uleb128 0x3
 288 001f 16       		.uleb128 0x16
 289 0020 00       		.byte	0
 290 0021 03       		.uleb128 0x3
 291 0022 0E       		.uleb128 0xe
 292 0023 3A       		.uleb128 0x3a
 293 0024 0B       		.uleb128 0xb
 294 0025 3B       		.uleb128 0x3b
 295 0026 0B       		.uleb128 0xb
 296 0027 49       		.uleb128 0x49
 297 0028 13       		.uleb128 0x13
 298 0029 00       		.byte	0
 299 002a 00       		.byte	0
 300 002b 04       		.uleb128 0x4
 301 002c 24       		.uleb128 0x24
 302 002d 00       		.byte	0
 303 002e 0B       		.uleb128 0xb
 304 002f 0B       		.uleb128 0xb
 305 0030 3E       		.uleb128 0x3e
 306 0031 0B       		.uleb128 0xb
 307 0032 03       		.uleb128 0x3
 308 0033 08       		.uleb128 0x8
 309 0034 00       		.byte	0
 310 0035 00       		.byte	0
 311 0036 05       		.uleb128 0x5
 312 0037 2E       		.uleb128 0x2e
 313 0038 01       		.byte	0x1
 314 0039 3F       		.uleb128 0x3f
ARM GAS  C:\Users\KRISTI~1\AppData\Local\Temp\cc1fahUr.s 			page 7


 315 003a 19       		.uleb128 0x19
 316 003b 03       		.uleb128 0x3
 317 003c 0E       		.uleb128 0xe
 318 003d 3A       		.uleb128 0x3a
 319 003e 0B       		.uleb128 0xb
 320 003f 3B       		.uleb128 0x3b
 321 0040 0B       		.uleb128 0xb
 322 0041 11       		.uleb128 0x11
 323 0042 01       		.uleb128 0x1
 324 0043 12       		.uleb128 0x12
 325 0044 06       		.uleb128 0x6
 326 0045 40       		.uleb128 0x40
 327 0046 18       		.uleb128 0x18
 328 0047 9742     		.uleb128 0x2117
 329 0049 19       		.uleb128 0x19
 330 004a 01       		.uleb128 0x1
 331 004b 13       		.uleb128 0x13
 332 004c 00       		.byte	0
 333 004d 00       		.byte	0
 334 004e 06       		.uleb128 0x6
 335 004f 898201   		.uleb128 0x4109
 336 0052 01       		.byte	0x1
 337 0053 11       		.uleb128 0x11
 338 0054 01       		.uleb128 0x1
 339 0055 31       		.uleb128 0x31
 340 0056 13       		.uleb128 0x13
 341 0057 00       		.byte	0
 342 0058 00       		.byte	0
 343 0059 07       		.uleb128 0x7
 344 005a 8A8201   		.uleb128 0x410a
 345 005d 00       		.byte	0
 346 005e 02       		.uleb128 0x2
 347 005f 18       		.uleb128 0x18
 348 0060 9142     		.uleb128 0x2111
 349 0062 18       		.uleb128 0x18
 350 0063 00       		.byte	0
 351 0064 00       		.byte	0
 352 0065 08       		.uleb128 0x8
 353 0066 34       		.uleb128 0x34
 354 0067 00       		.byte	0
 355 0068 03       		.uleb128 0x3
 356 0069 0E       		.uleb128 0xe
 357 006a 3A       		.uleb128 0x3a
 358 006b 0B       		.uleb128 0xb
 359 006c 3B       		.uleb128 0x3b
 360 006d 05       		.uleb128 0x5
 361 006e 49       		.uleb128 0x49
 362 006f 13       		.uleb128 0x13
 363 0070 3F       		.uleb128 0x3f
 364 0071 19       		.uleb128 0x19
 365 0072 3C       		.uleb128 0x3c
 366 0073 19       		.uleb128 0x19
 367 0074 00       		.byte	0
 368 0075 00       		.byte	0
 369 0076 09       		.uleb128 0x9
 370 0077 35       		.uleb128 0x35
 371 0078 00       		.byte	0
ARM GAS  C:\Users\KRISTI~1\AppData\Local\Temp\cc1fahUr.s 			page 8


 372 0079 49       		.uleb128 0x49
 373 007a 13       		.uleb128 0x13
 374 007b 00       		.byte	0
 375 007c 00       		.byte	0
 376 007d 0A       		.uleb128 0xa
 377 007e 2E       		.uleb128 0x2e
 378 007f 00       		.byte	0
 379 0080 3F       		.uleb128 0x3f
 380 0081 19       		.uleb128 0x19
 381 0082 3C       		.uleb128 0x3c
 382 0083 19       		.uleb128 0x19
 383 0084 6E       		.uleb128 0x6e
 384 0085 0E       		.uleb128 0xe
 385 0086 03       		.uleb128 0x3
 386 0087 0E       		.uleb128 0xe
 387 0088 3A       		.uleb128 0x3a
 388 0089 0B       		.uleb128 0xb
 389 008a 3B       		.uleb128 0x3b
 390 008b 0B       		.uleb128 0xb
 391 008c 00       		.byte	0
 392 008d 00       		.byte	0
 393 008e 00       		.byte	0
 394              		.section	.debug_aranges,"",%progbits
 395 0000 2C000000 		.4byte	0x2c
 396 0004 0200     		.2byte	0x2
 397 0006 00000000 		.4byte	.Ldebug_info0
 398 000a 04       		.byte	0x4
 399 000b 00       		.byte	0
 400 000c 0000     		.2byte	0
 401 000e 0000     		.2byte	0
 402 0010 00000000 		.4byte	.LFB63
 403 0014 0C000000 		.4byte	.LFE63-.LFB63
 404 0018 00000000 		.4byte	.LFB64
 405 001c 0C000000 		.4byte	.LFE64-.LFB64
 406 0020 00000000 		.4byte	.LFB65
 407 0024 0C000000 		.4byte	.LFE65-.LFB65
 408 0028 00000000 		.4byte	0
 409 002c 00000000 		.4byte	0
 410              		.section	.debug_ranges,"",%progbits
 411              	.Ldebug_ranges0:
 412 0000 00000000 		.4byte	.LFB63
 413 0004 0C000000 		.4byte	.LFE63
 414 0008 00000000 		.4byte	.LFB64
 415 000c 0C000000 		.4byte	.LFE64
 416 0010 00000000 		.4byte	.LFB65
 417 0014 0C000000 		.4byte	.LFE65
 418 0018 00000000 		.4byte	0
 419 001c 00000000 		.4byte	0
 420              		.section	.debug_line,"",%progbits
 421              	.Ldebug_line0:
 422 0000 8C010000 		.section	.debug_str,"MS",%progbits,1
 422      02005601 
 422      00000201 
 422      FB0E0D00 
 422      01010101 
 423              	.LASF6:
 424 0000 6C6F6E67 		.ascii	"long long int\000"
ARM GAS  C:\Users\KRISTI~1\AppData\Local\Temp\cc1fahUr.s 			page 9


 424      206C6F6E 
 424      6720696E 
 424      7400
 425              	.LASF3:
 426 000e 73686F72 		.ascii	"short unsigned int\000"
 426      7420756E 
 426      7369676E 
 426      65642069 
 426      6E7400
 427              	.LASF8:
 428 0021 756E7369 		.ascii	"unsigned int\000"
 428      676E6564 
 428      20696E74 
 428      00
 429              	.LASF19:
 430 002e 474E5520 		.ascii	"GNU C11 5.4.1 20160609 (release) [ARM/embedded-5-br"
 430      43313120 
 430      352E342E 
 430      31203230 
 430      31363036 
 431 0061 616E6368 		.ascii	"anch revision 237715] -mcpu=cortex-m3 -mthumb -g -O"
 431      20726576 
 431      6973696F 
 431      6E203233 
 431      37373135 
 432 0094 67202D66 		.ascii	"g -ffunction-sections -ffat-lto-objects\000"
 432      66756E63 
 432      74696F6E 
 432      2D736563 
 432      74696F6E 
 433              	.LASF21:
 434 00bc 5C5C4D61 		.ascii	"\\\\Mac\\Home\\Documents\\Projekt\\BilProjekt\\BilP"
 434      635C486F 
 434      6D655C44 
 434      6F63756D 
 434      656E7473 
 435 00e8 726F6A65 		.ascii	"rojekt.cydsn\000"
 435      6B742E63 
 435      7964736E 
 435      00
 436              	.LASF5:
 437 00f5 6C6F6E67 		.ascii	"long unsigned int\000"
 437      20756E73 
 437      69676E65 
 437      6420696E 
 437      7400
 438              	.LASF7:
 439 0107 6C6F6E67 		.ascii	"long long unsigned int\000"
 439      206C6F6E 
 439      6720756E 
 439      7369676E 
 439      65642069 
 440              	.LASF23:
 441 011e 50574D5F 		.ascii	"PWM_Servo_WriteCompare\000"
 441      53657276 
 441      6F5F5772 
 441      69746543 
ARM GAS  C:\Users\KRISTI~1\AppData\Local\Temp\cc1fahUr.s 			page 10


 441      6F6D7061 
 442              	.LASF16:
 443 0135 7475726E 		.ascii	"turnWheelsRight\000"
 443      57686565 
 443      6C735269 
 443      67687400 
 444              	.LASF1:
 445 0145 756E7369 		.ascii	"unsigned char\000"
 445      676E6564 
 445      20636861 
 445      7200
 446              	.LASF17:
 447 0153 7475726E 		.ascii	"turnWheelsLeft\000"
 447      57686565 
 447      6C734C65 
 447      667400
 448              	.LASF13:
 449 0162 63686172 		.ascii	"char\000"
 449      00
 450              	.LASF18:
 451 0167 6D696464 		.ascii	"middlePos\000"
 451      6C65506F 
 451      7300
 452              	.LASF4:
 453 0171 6C6F6E67 		.ascii	"long int\000"
 453      20696E74 
 453      00
 454              	.LASF12:
 455 017a 646F7562 		.ascii	"double\000"
 455      6C6500
 456              	.LASF22:
 457 0181 49544D5F 		.ascii	"ITM_RxBuffer\000"
 457      52784275 
 457      66666572 
 457      00
 458              	.LASF0:
 459 018e 7369676E 		.ascii	"signed char\000"
 459      65642063 
 459      68617200 
 460              	.LASF14:
 461 019a 6C6F6E67 		.ascii	"long double\000"
 461      20646F75 
 461      626C6500 
 462              	.LASF20:
 463 01a6 73657276 		.ascii	"servoControl.c\000"
 463      6F436F6E 
 463      74726F6C 
 463      2E6300
 464              	.LASF9:
 465 01b5 5F5F696E 		.ascii	"__int32_t\000"
 465      7433325F 
 465      7400
 466              	.LASF11:
 467 01bf 666C6F61 		.ascii	"float\000"
 467      7400
 468              	.LASF2:
 469 01c5 73686F72 		.ascii	"short int\000"
ARM GAS  C:\Users\KRISTI~1\AppData\Local\Temp\cc1fahUr.s 			page 11


 469      7420696E 
 469      7400
 470              	.LASF10:
 471 01cf 696E7433 		.ascii	"int32_t\000"
 471      325F7400 
 472              	.LASF15:
 473 01d7 73697A65 		.ascii	"sizetype\000"
 473      74797065 
 473      00
 474              		.ident	"GCC: (GNU Tools for ARM Embedded Processors) 5.4.1 20160609 (release) [ARM/embedded-5-bran
