--------------- Build Started: 12/11/2020 16:42:55 Project: BilProjekt, Configuration: ARM GCC 5.4-2016-q2-update Debug ---------------
cydsfit.exe -.appdatapath "C:\Users\kristianbork\AppData\Local\Cypress Semiconductor\PSoC Creator\4.3" -.fdsnotice -.fdswarpdepfile=warp_dependencies.txt -.fdselabdepfile=elab_dependencies.txt -.fdsbldfile=generated_files.txt -.fdsreffile=referenced_files.txt -p \\Mac\Home\Documents\Projekt\BilProjekt\BilProjekt.cydsn\BilProjekt.cyprj -d CY8C5888LTI-LP097 -s \\Mac\Home\Documents\Projekt\BilProjekt\BilProjekt.cydsn\Generated_Source\PSoC5 -- -yv2 -q10 -ygs -o2 -v3 -.fftcfgtype=LE
Elaborating Design...
HDL Generation...
Synthesis...
Tech Mapping...
Analog Placement...
Analog Routing...
Analog Code Generation...
Digital Placement...
Digital Routing...
Bitstream Generation...
Bitstream Verification...
Static timing analysis...
API Generation...
Dependency Generation...
Cleanup...
arm-none-eabi-gcc.exe -mcpu=cortex-m3 -mthumb -I. -IGenerated_Source\PSoC5 -Wa,-alh=.\CortexM3\ARM_GCC_541\Debug/main.lst -g -D DEBUG -D CY_CORE_ID=0 -Wall -ffunction-sections -ffat-lto-objects -Og -c main.c -o .\CortexM3\ARM_GCC_541\Debug\main.o
arm-none-eabi-ar.exe -rs .\CortexM3\ARM_GCC_541\Debug\BilProjekt.a .\CortexM3\ARM_GCC_541\Debug\CyDmac.o .\CortexM3\ARM_GCC_541\Debug\CyFlash.o .\CortexM3\ARM_GCC_541\Debug\CyLib.o .\CortexM3\ARM_GCC_541\Debug\cyPm.o .\CortexM3\ARM_GCC_541\Debug\CySpc.o .\CortexM3\ARM_GCC_541\Debug\cyutils.o .\CortexM3\ARM_GCC_541\Debug\cy_em_eeprom.o .\CortexM3\ARM_GCC_541\Debug\UART_1.o .\CortexM3\ARM_GCC_541\Debug\UART_1_PM.o .\CortexM3\ARM_GCC_541\Debug\UART_1_INT.o .\CortexM3\ARM_GCC_541\Debug\UART_1_BOOT.o .\CortexM3\ARM_GCC_541\Debug\Pin_1_7.o .\CortexM3\ARM_GCC_541\Debug\Pin_1_6.o .\CortexM3\ARM_GCC_541\Debug\Clock_1.o .\CortexM3\ARM_GCC_541\Debug\isr_uart_rx.o .\CortexM3\ARM_GCC_541\Debug\UART_1_IntClock.o .\CortexM3\ARM_GCC_541\Debug\Pin_RPi.o .\CortexM3\ARM_GCC_541\Debug\Pin_SensorRight_Trig.o .\CortexM3\ARM_GCC_541\Debug\Pin_SensorRight_Echo.o .\CortexM3\ARM_GCC_541\Debug\PWM_DC.o .\CortexM3\ARM_GCC_541\Debug\PWM_DC_PM.o .\CortexM3\ARM_GCC_541\Debug\Pin_PWM_DC.o .\CortexM3\ARM_GCC_541\Debug\PWM_Servo.o .\CortexM3\ARM_GCC_541\Debug\PWM_Servo_PM.o .\CortexM3\ARM_GCC_541\Debug\Clock_2.o .\CortexM3\ARM_GCC_541\Debug\Pin_PWM_Servo.o .\CortexM3\ARM_GCC_541\Debug\Pin_SensorFront_Trig.o .\CortexM3\ARM_GCC_541\Debug\Pin_SensorFront_Echo.o .\CortexM3\ARM_GCC_541\Debug\CyBootAsmGnu.o
arm-none-eabi-ar.exe: creating .\CortexM3\ARM_GCC_541\Debug\BilProjekt.a
arm-none-eabi-gcc.exe -Wl,--start-group -o \\Mac\Home\Documents\Projekt\BilProjekt\BilProjekt.cydsn\CortexM3\ARM_GCC_541\Debug\BilProjekt.elf .\CortexM3\ARM_GCC_541\Debug\main.o .\CortexM3\ARM_GCC_541\Debug\distSensor.o .\CortexM3\ARM_GCC_541\Debug\DCControl.o .\CortexM3\ARM_GCC_541\Debug\servoControl.o .\CortexM3\ARM_GCC_541\Debug\cyfitter_cfg.o .\CortexM3\ARM_GCC_541\Debug\cymetadata.o .\CortexM3\ARM_GCC_541\Debug\Cm3Start.o .\CortexM3\ARM_GCC_541\Debug\BilProjekt.a "C:\Program Files (x86)\Cypress\PSoC Creator\4.3\PSoC Creator\psoc\content\cycomponentlibrary\CyComponentLibrary.cylib\CortexM3\ARM_GCC_541\Debug\CyComponentLibrary.a" -mcpu=cortex-m3 -mthumb -L Generated_Source\PSoC5 -Wl,-Map,.\CortexM3\ARM_GCC_541\Debug/BilProjekt.map -T Generated_Source\PSoC5\cm3gcc.ld -specs=nano.specs -Wl,--gc-sections -g -ffunction-sections -Og -ffat-lto-objects -Wl,--end-group
cyelftool.exe -C \\Mac\Home\Documents\Projekt\BilProjekt\BilProjekt.cydsn\CortexM3\ARM_GCC_541\Debug\BilProjekt.elf --flash_row_size 256 --flash_size 262144 --flash_offset 0x00000000
No ELF section .cychecksum found, creating one
Application checksum calculated and stored in ELF section .cychecksum
Checksum calculated and stored in ELF section .cymeta
cyelftool.exe -S \\Mac\Home\Documents\Projekt\BilProjekt\BilProjekt.cydsn\CortexM3\ARM_GCC_541\Debug\BilProjekt.elf
Flash used: 5358 of 262144 bytes (2.0%).
SRAM used: 2545 of 65536 bytes (3.9%). Stack: 2048 bytes. Heap: 128 bytes.
--------------- Build Succeeded: 12/11/2020 16:43:07 ---------------
