--------------- Clean Started: 12/11/2020 13:28:47 Project: BilProjekt, Configuration: ARM GCC 5.4-2016-q2-update Debug ---------------
Deleting file ".\CortexM3\ARM_GCC_541\Debug\main.o"
Deleting file ".\CortexM3\ARM_GCC_541\Debug\distSensor.o"
Deleting file ".\CortexM3\ARM_GCC_541\Debug\DCControl.o"
Deleting file ".\CortexM3\ARM_GCC_541\Debug\servoControl.o"
Deleting file ".\CortexM3\ARM_GCC_541\Debug\cyfitter_cfg.o"
Deleting file ".\CortexM3\ARM_GCC_541\Debug\cymetadata.o"
Deleting file ".\CortexM3\ARM_GCC_541\Debug\Cm3Start.o"
Deleting file ".\CortexM3\ARM_GCC_541\Debug\CyBootAsmGnu.o"
Deleting file ".\CortexM3\ARM_GCC_541\Debug\CyDmac.o"
Deleting file ".\CortexM3\ARM_GCC_541\Debug\CyFlash.o"
Deleting file ".\CortexM3\ARM_GCC_541\Debug\CyLib.o"
Deleting file ".\CortexM3\ARM_GCC_541\Debug\cyPm.o"
Deleting file ".\CortexM3\ARM_GCC_541\Debug\CySpc.o"
Deleting file ".\CortexM3\ARM_GCC_541\Debug\cyutils.o"
Deleting file ".\CortexM3\ARM_GCC_541\Debug\cy_em_eeprom.o"
Deleting file ".\CortexM3\ARM_GCC_541\Debug\UART_1.o"
Deleting file ".\CortexM3\ARM_GCC_541\Debug\UART_1_PM.o"
Deleting file ".\CortexM3\ARM_GCC_541\Debug\UART_1_INT.o"
Deleting file ".\CortexM3\ARM_GCC_541\Debug\UART_1_BOOT.o"
Deleting file ".\CortexM3\ARM_GCC_541\Debug\Pin_1_7.o"
Deleting file ".\CortexM3\ARM_GCC_541\Debug\Pin_1_6.o"
Deleting file ".\CortexM3\ARM_GCC_541\Debug\Clock_1.o"
Deleting file ".\CortexM3\ARM_GCC_541\Debug\isr_uart_rx.o"
Deleting file ".\CortexM3\ARM_GCC_541\Debug\UART_1_IntClock.o"
Deleting file ".\CortexM3\ARM_GCC_541\Debug\Pin_RPi.o"
Deleting file ".\CortexM3\ARM_GCC_541\Debug\Pin_SensorRight_Trig.o"
Deleting file ".\CortexM3\ARM_GCC_541\Debug\Pin_SensorRight_Echo.o"
Deleting file ".\CortexM3\ARM_GCC_541\Debug\PWM_DC.o"
Deleting file ".\CortexM3\ARM_GCC_541\Debug\PWM_DC_PM.o"
Deleting file ".\CortexM3\ARM_GCC_541\Debug\Pin_PWM_DC.o"
Deleting file ".\CortexM3\ARM_GCC_541\Debug\PWM_Servo.o"
Deleting file ".\CortexM3\ARM_GCC_541\Debug\PWM_Servo_PM.o"
Deleting file ".\CortexM3\ARM_GCC_541\Debug\Clock_2.o"
Deleting file ".\CortexM3\ARM_GCC_541\Debug\Pin_PWM_Servo.o"
Deleting file ".\CortexM3\ARM_GCC_541\Debug\BilProjekt.hex"
Deleting file ".\CortexM3\ARM_GCC_541\Debug\BilProjekt.elf"
Deleting file ".\CortexM3\ARM_GCC_541\Debug\BilProjekt.map"
Deleting file ".\BilProjekt.cycdx"
Deleting file ".\BilProjekt.svd"
Deleting file ".\BilProjekt.rpt"
Deleting file ".\BilProjekt_timing.html"
Deleting file ".\CortexM3\ARM_GCC_541\Debug\.deps\SOURCE_C__ARM_GCC_GENERIC.P"
Deleting file ".\CortexM3\ARM_GCC_541\Debug\.deps\SOURCE_ASM__ARM_GCC_GENERIC.P"
--------------- Clean Succeeded: 12/11/2020 13:28:47 ---------------
