2020-08-31 14:03:38 GUI:ViewModeSwitch:Unexistent->Windowed
2020-08-31 14:03:38 DspStat:0:VMS_STOPPED
2020-08-31 14:03:39 DspStat:1101:VMS_STARTING
2020-08-31 14:05:04 DspStat:1101:VMS_RUNNING
2020-08-31 14:05:04 GUI:ViewModeSwitch:Windowed->Unexistent
2020-08-31 14:05:04 DspStat:1101:VMS_SUSPENDING
2020-08-31 14:05:07 DspStat:1101:VMS_SUSPENDING
2020-08-31 14:05:07 DspStat:1101:VMS_SUSPENDING_SYNC
2020-08-31 14:05:24 DspStat:0:VMS_SUSPENDED
2020-08-31 14:05:27 DspStat:1133:VMS_RESUMING
2020-08-31 14:05:28 GUI:ViewModeSwitch:Unexistent->Windowed
2020-08-31 14:05:38 DspStat:1133:VMS_RUNNING
2020-08-31 14:05:38 DspStat:1133:VMS_SUSPENDING
2020-08-31 14:05:40 DspStat:1133:VMS_SUSPENDING
2020-08-31 14:05:40 DspStat:1133:VMS_SUSPENDING_SYNC
2020-08-31 14:05:53 GUI:ViewModeSwitch:Windowed->Unexistent
2020-08-31 15:22:02 GUI:ViewModeSwitch:Unexistent->Windowed
2020-08-31 15:22:02 DspStat:0:VMS_SUSPENDED
2020-08-31 15:22:09 DspStat:2318:VMS_RESUMING
2020-08-31 15:22:24 DspStat:2318:VMS_RUNNING
2020-08-31 15:22:24 DspStat:2318:VMS_SUSPENDING
2020-08-31 15:22:24 GUI:ViewModeSwitch:Windowed->Unexistent
2020-08-31 15:22:27 DspStat:2318:VMS_SUSPENDING
2020-08-31 15:22:27 DspStat:2318:VMS_SUSPENDING_SYNC
2020-08-31 15:22:29 GUI:ViewModeSwitch:Unexistent->Windowed
2020-08-31 15:22:29 DspStat:0:VMS_SUSPENDED
2020-08-31 15:22:32 DspStat:2331:VMS_RESUMING
2020-08-31 15:30:38 GUI:ViewModeSwitch:Windowed->Full Screen
2020-08-31 15:37:58 DspStat:2331:VMS_RUNNING
2020-08-31 15:37:58 DspStat:2331:VMS_RESETTING
2020-08-31 15:42:04 DspStat:2331:VMS_RUNNING
2020-08-31 15:42:04 DspStat:2331:VMS_RESETTING
2020-08-31 15:52:19 DspStat:2331:VMS_RUNNING
2020-08-31 15:52:19 DspStat:2331:VMS_SUSPENDING
2020-08-31 15:52:19 GUI:ViewModeSwitch:Full Screen->Unexistent
2020-08-31 15:52:22 DspStat:2331:VMS_SUSPENDING
2020-08-31 15:52:22 DspStat:2331:VMS_SUSPENDING_SYNC
2020-08-31 16:07:07 GUI:ViewModeSwitch:Unexistent->Full Screen
2020-08-31 16:07:08 DspStat:0:VMS_SUSPENDED
2020-08-31 16:07:11 DspStat:2987:VMS_RESUMING
2020-08-31 16:08:59 DspStat:2987:VMS_RUNNING
2020-08-31 16:08:59 DspStat:2987:VMS_RESETTING
2020-08-31 16:35:01 DspStat:2987:VMS_RUNNING
2020-08-31 16:35:01 DspStat:2987:VMS_RESETTING
2020-08-31 16:40:55 DspStat:2987:VMS_RUNNING
2020-08-31 16:40:55 DspStat:2987:VMS_RESETTING
2020-08-31 16:42:38 DspStat:2987:VMS_RUNNING
2020-08-31 16:42:38 DspStat:2987:VMS_RESETTING
2020-08-31 16:43:34 DspStat:2987:VMS_RUNNING
2020-08-31 16:43:34 DspStat:2987:VMS_SUSPENDING
2020-08-31 16:43:34 GUI:ViewModeSwitch:Full Screen->Unexistent
2020-08-31 16:43:36 DspStat:2987:VMS_SUSPENDING
2020-08-31 16:43:36 DspStat:2987:VMS_SUSPENDING_SYNC
2020-09-01 10:47:16 DspStat:0:VMS_SUSPENDED
2020-09-01 10:47:23 DspStat:5516:VMS_RESUMING
2020-09-01 10:47:24 GUI:ViewModeSwitch:Unexistent->Full Screen
2020-09-01 10:47:38 DspStat:5516:VMS_RUNNING
2020-09-01 10:47:38 DspStat:5516:VMS_SUSPENDING
2020-09-01 10:47:39 GUI:ViewModeSwitch:Full Screen->Unexistent
2020-09-01 10:47:41 DspStat:5516:VMS_SUSPENDING
2020-09-01 10:47:41 DspStat:5516:VMS_SUSPENDING_SYNC
2020-09-01 14:22:50 GUI:ViewModeSwitch:Unexistent->Full Screen
2020-09-01 14:22:51 DspStat:0:VMS_SUSPENDED
2020-09-01 14:22:57 DspStat:7719:VMS_RESUMING
2020-09-01 14:37:47 DspStat:7719:VMS_RUNNING
2020-09-01 14:37:47 DspStat:7719:VMS_SUSPENDING
2020-09-01 14:37:47 GUI:ViewModeSwitch:Full Screen->Unexistent
2020-09-01 14:37:49 DspStat:7719:VMS_SUSPENDING
2020-09-01 14:37:50 DspStat:7719:VMS_SUSPENDING_SYNC
2020-09-03 09:07:22 DspStat:0:VMS_SUSPENDED
2020-09-03 09:07:26 DspStat:12661:VMS_RESUMING
2020-09-03 09:07:26 GUI:ViewModeSwitch:Unexistent->Full Screen
2020-09-03 13:13:08 DspStat:12661:VMS_RUNNING
2020-09-03 13:13:08 DspStat:12661:VMS_SUSPENDING
2020-09-03 13:13:08 GUI:ViewModeSwitch:Full Screen->Unexistent
2020-09-03 13:13:10 DspStat:12661:VMS_SUSPENDING
2020-09-03 13:13:10 DspStat:12661:VMS_SUSPENDING_SYNC
2020-09-08 13:31:34 GUI:ViewModeSwitch:Unexistent->Full Screen
2020-09-08 13:31:36 DspStat:0:VMS_SUSPENDED
2020-09-08 13:31:42 DspStat:34799:VMS_RESUMING
2020-09-08 13:49:24 DspStat:34799:VMS_RUNNING
2020-09-08 13:49:24 DspStat:34799:VMS_SUSPENDING
2020-09-08 13:49:24 GUI:ViewModeSwitch:Full Screen->Unexistent
2020-09-08 13:49:26 DspStat:34799:VMS_SUSPENDING
2020-09-08 13:49:26 DspStat:34799:VMS_SUSPENDING_SYNC
2020-09-09 22:33:52 GUI:ViewModeSwitch:Unexistent->Full Screen
2020-09-09 22:33:54 DspStat:0:VMS_SUSPENDED
2020-09-09 22:34:00 DspStat:43789:VMS_RESUMING
2020-09-10 09:11:15 DspStat:43789:VMS_RUNNING
2020-09-10 09:11:15 DspStat:43789:VMS_SUSPENDING
2020-09-10 09:11:15 GUI:ViewModeSwitch:Full Screen->Unexistent
2020-09-10 09:11:18 DspStat:43789:VMS_SUSPENDING
2020-09-10 09:11:19 DspStat:43789:VMS_SUSPENDING_SYNC
2020-09-10 09:11:32 GUI:ViewModeSwitch:Unexistent->Full Screen
2020-09-10 09:11:32 DspStat:0:VMS_SUSPENDED
2020-09-10 09:11:36 DspStat:47720:VMS_RESUMING
2020-09-10 09:21:12 DspStat:47720:VMS_RUNNING
2020-09-10 09:21:12 DspStat:47720:VMS_SUSPENDING
2020-09-10 09:21:12 GUI:ViewModeSwitch:Full Screen->Unexistent
2020-09-10 09:21:14 DspStat:47720:VMS_SUSPENDING
2020-09-10 09:21:14 DspStat:47720:VMS_SUSPENDING_SYNC
2020-09-10 09:21:15 GUI:ViewModeSwitch:Unexistent->Full Screen
2020-09-10 09:21:16 DspStat:0:VMS_SUSPENDED
2020-09-10 09:21:18 DspStat:47771:VMS_RESUMING
2020-09-10 12:44:04 DspStat:47771:VMS_RUNNING
2020-09-10 12:44:04 DspStat:47771:VMS_SUSPENDING
2020-09-10 12:44:04 GUI:ViewModeSwitch:Full Screen->Unexistent
2020-09-10 12:44:08 DspStat:47771:VMS_SUSPENDING
2020-09-10 12:44:08 DspStat:47771:VMS_SUSPENDING_SYNC
2020-09-15 12:30:38 DspStat:0:VMS_SUSPENDED
2020-09-15 12:30:45 DspStat:6047:VMS_RESUMING
2020-09-15 12:30:45 GUI:ViewModeSwitch:Unexistent->Full Screen
2020-09-15 15:05:05 PTIAgent:installation:started:lin
2020-09-15 15:05:05 GuestOSDetails: OSVersion: Ubuntu 20.04.1 LTS; OSArch: 64
2020-09-15 15:08:41 DspStat:6047:VMS_RUNNING
2020-09-15 15:08:41 DspStat:6047:VMS_STOPPING
2020-09-15 15:08:42 DspStat:6047:VMS_STOPPING
2020-09-15 15:08:42 GUI:ViewModeSwitch:Full Screen->Unexistent
2020-09-15 15:09:05 DspStat:0:VMS_STOPPED
2020-09-15 15:09:06 DspStat:7428:VMS_STARTING
2020-09-15 15:09:06 GUI:ViewModeSwitch:Unexistent->Full Screen
2020-09-15 15:09:23 GuestOSDetails: OSVersion: Ubuntu 20.04.1 LTS; OSArch: 64
2020-09-15 15:14:09 DspStat:7428:VMS_RUNNING
2020-09-15 15:14:09 DspStat:7428:VMS_SUSPENDING
2020-09-15 15:14:11 DspStat:7428:VMS_SUSPENDING
2020-09-15 15:14:11 DspStat:7428:VMS_SUSPENDING_SYNC
2020-09-15 15:14:26 DspStat:0:VMS_SUSPENDED
2020-09-15 15:14:28 GuestOSDetails: OSVersion: Ubuntu 20.04.1 LTS; OSArch: 64
2020-09-15 15:14:28 DspStat:7539:VMS_RESUMING
2020-09-15 15:16:47 DspStat:7539:VMS_RUNNING
2020-09-15 15:16:47 DspStat:7539:VMS_SUSPENDING
2020-09-15 15:16:49 DspStat:7539:VMS_SUSPENDING
2020-09-15 15:16:49 DspStat:7539:VMS_SUSPENDING_SYNC
2020-09-15 15:17:10 DspStat:0:VMS_SUSPENDED
2020-09-15 15:17:12 GuestOSDetails: OSVersion: Ubuntu 20.04.1 LTS; OSArch: 64
2020-09-15 15:17:12 DspStat:7571:VMS_RESUMING
2020-09-15 15:55:47 DspStat:7571:VMS_RUNNING
2020-09-15 15:55:47 DspStat:7571:VMS_SUSPENDING
2020-09-15 15:55:47 GUI:ViewModeSwitch:Full Screen->Unexistent
2020-09-15 15:55:49 DspStat:7571:VMS_SUSPENDING
2020-09-15 15:55:50 DspStat:7571:VMS_SUSPENDING_SYNC
2020-09-15 15:56:39 GUI:ViewModeSwitch:Unexistent->Full Screen
2020-09-15 15:56:40 DspStat:0:VMS_SUSPENDED
2020-09-15 15:56:43 GuestOSDetails: OSVersion: Ubuntu 20.04.1 LTS; OSArch: 64
2020-09-15 15:56:43 DspStat:7940:VMS_RESUMING
2020-09-15 15:56:52 DspStat:7940:VMS_RUNNING
2020-09-15 15:56:52 DspStat:7940:VMS_SUSPENDING
2020-09-15 15:56:52 GUI:ViewModeSwitch:Full Screen->Unexistent
2020-09-15 15:56:54 DspStat:7940:VMS_SUSPENDING
2020-09-15 15:56:55 DspStat:7940:VMS_SUSPENDING_SYNC
2020-09-16 10:49:36 GUI:ViewModeSwitch:Unexistent->Full Screen
2020-09-16 10:49:37 DspStat:0:VMS_SUSPENDED
2020-09-16 10:49:42 GuestOSDetails: OSVersion: Ubuntu 20.04.1 LTS; OSArch: 64
2020-09-16 10:49:45 DspStat:9801:VMS_RESUMING
2020-09-16 16:46:24 DspStat:9801:VMS_RUNNING
2020-09-16 16:46:24 DspStat:9801:VMS_SUSPENDING
2020-09-16 16:46:25 GUI:ViewModeSwitch:Full Screen->Unexistent
2020-09-16 16:46:30 DspStat:9801:VMS_SUSPENDING
2020-09-16 16:46:31 DspStat:9801:VMS_SUSPENDING_SYNC
2020-09-17 08:53:49 GUI:ViewModeSwitch:Unexistent->Full Screen
2020-09-17 08:53:51 DspStat:0:VMS_SUSPENDED
2020-09-17 08:53:59 GuestOSDetails: OSVersion: Ubuntu 20.04.1 LTS; OSArch: 64
2020-09-17 08:54:03 DspStat:14448:VMS_RESUMING
2020-09-17 08:57:34 PTIAgent:installation:started:lin
2020-09-17 08:57:34 GuestOSDetails: OSVersion: Ubuntu 20.04.1 LTS; OSArch: 64
2020-09-17 08:57:41 PTIAgent:installation:started:lin
2020-09-17 08:57:45 DspStat:14448:VMS_RUNNING
2020-09-17 08:57:45 DspStat:14448:VMS_RESETTING
2020-09-17 08:58:02 GuestOSDetails: OSVersion: Ubuntu 20.04.1 LTS; OSArch: 64
2020-09-17 11:03:04 DspStat:14448:VMS_RUNNING
2020-09-17 11:03:04 DspStat:14448:VMS_SUSPENDING
2020-09-17 11:03:05 GUI:ViewModeSwitch:Full Screen->Unexistent
2020-09-17 11:03:10 DspStat:14448:VMS_SUSPENDING
2020-09-17 11:03:11 DspStat:14448:VMS_SUSPENDING_SYNC
2020-09-21 11:54:41 GUI:ViewModeSwitch:Unexistent->Full Screen
2020-09-21 11:54:41 DspStat:0:VMS_SUSPENDED
2020-09-21 11:54:47 GuestOSDetails: OSVersion: Ubuntu 20.04.1 LTS; OSArch: 64
2020-09-21 11:54:51 DspStat:14412:VMS_RESUMING
2020-09-21 13:10:27 DspStat:14412:VMS_RUNNING
2020-09-21 13:10:27 DspStat:14412:VMS_SUSPENDING
2020-09-21 13:10:28 GUI:ViewModeSwitch:Full Screen->Unexistent
2020-09-21 13:10:32 DspStat:14412:VMS_SUSPENDING
2020-09-21 13:10:33 DspStat:14412:VMS_SUSPENDING_SYNC
2020-09-21 13:37:50 GUI:ViewModeSwitch:Unexistent->Full Screen
2020-09-21 13:37:51 DspStat:0:VMS_SUSPENDED
2020-09-21 13:37:59 GuestOSDetails: OSVersion: Ubuntu 20.04.1 LTS; OSArch: 64
2020-09-21 13:38:01 DspStat:15699:VMS_RESUMING
2020-09-21 16:58:55 DspStat:15699:VMS_RUNNING
2020-09-21 16:58:55 DspStat:15699:VMS_SUSPENDING
2020-09-21 16:58:55 GUI:ViewModeSwitch:Full Screen->Unexistent
2020-09-21 16:59:00 DspStat:15699:VMS_SUSPENDING
2020-09-21 16:59:01 DspStat:15699:VMS_SUSPENDING_SYNC
2020-09-22 13:13:17 DspStat:0:VMS_SUSPENDED
2020-09-22 13:13:22 GuestOSDetails: OSVersion: Ubuntu 20.04.1 LTS; OSArch: 64
2020-09-22 13:13:25 DspStat:24555:VMS_RESUMING
2020-09-22 13:13:25 GUI:ViewModeSwitch:Unexistent->Full Screen
2020-09-22 22:15:39 DspStat:24555:VMS_RUNNING
2020-09-22 22:15:39 DspStat:24555:VMS_SUSPENDING
2020-09-22 22:15:40 GUI:ViewModeSwitch:Full Screen->Unexistent
2020-09-22 22:15:44 DspStat:24555:VMS_SUSPENDING
2020-09-22 22:15:45 DspStat:24555:VMS_SUSPENDING_SYNC
2020-09-23 12:57:19 GUI:ViewModeSwitch:Unexistent->Full Screen
2020-09-23 12:57:20 DspStat:0:VMS_SUSPENDED
2020-09-23 12:57:27 GuestOSDetails: OSVersion: Ubuntu 20.04.1 LTS; OSArch: 64
2020-09-23 12:57:30 DspStat:35954:VMS_RESUMING
2020-09-23 15:53:50 DspStat:35954:VMS_RUNNING
2020-09-23 15:53:50 DspStat:35954:VMS_SUSPENDING
2020-09-23 15:53:50 GUI:ViewModeSwitch:Full Screen->Unexistent
2020-09-23 15:53:53 DspStat:35954:VMS_SUSPENDING
2020-09-23 15:53:53 DspStat:35954:VMS_SUSPENDING_SYNC
2020-09-24 09:49:02 DspStat:0:VMS_SUSPENDED
2020-09-24 09:49:08 GuestOSDetails: OSVersion: Ubuntu 20.04.1 LTS; OSArch: 64
2020-09-24 09:49:12 DspStat:41656:VMS_RESUMING
2020-09-24 09:49:12 GUI:ViewModeSwitch:Unexistent->Full Screen
2020-09-24 15:41:24 DspStat:41656:VMS_RUNNING
2020-09-24 15:41:24 DspStat:41656:VMS_SUSPENDING
2020-09-24 15:41:24 GUI:ViewModeSwitch:Full Screen->Unexistent
2020-09-24 15:41:27 DspStat:41656:VMS_SUSPENDING
2020-09-24 15:41:28 DspStat:41656:VMS_SUSPENDING_SYNC
2020-09-25 09:27:00 GUI:ViewModeSwitch:Unexistent->Full Screen
2020-09-25 09:27:01 DspStat:0:VMS_SUSPENDED
2020-09-25 09:27:04 GuestOSDetails: OSVersion: Ubuntu 20.04.1 LTS; OSArch: 64
2020-09-25 09:27:05 DspStat:51056:VMS_RESUMING
2020-09-25 12:40:25 DspStat:51056:VMS_RUNNING
2020-09-25 12:40:26 DspStat:51056:VMS_SUSPENDING
2020-09-25 12:40:26 GUI:ViewModeSwitch:Full Screen->Unexistent
2020-09-25 12:40:30 DspStat:51056:VMS_SUSPENDING
2020-09-25 12:40:30 DspStat:51056:VMS_SUSPENDING_SYNC
2020-09-27 21:42:43 DspStat:0:VMS_SUSPENDED
2020-09-27 21:42:51 GuestOSDetails: OSVersion: Ubuntu 20.04.1 LTS; OSArch: 64
2020-09-27 21:42:56 DspStat:63354:VMS_RESUMING
2020-09-27 21:42:56 GUI:ViewModeSwitch:Unexistent->Full Screen
2020-09-27 21:44:38 DspStat:63354:VMS_RUNNING
2020-09-27 21:44:38 DspStat:63354:VMS_SUSPENDING
2020-09-27 21:44:38 GUI:ViewModeSwitch:Full Screen->Unexistent
2020-09-27 21:44:41 DspStat:63354:VMS_SUSPENDING
2020-09-27 21:44:41 DspStat:63354:VMS_SUSPENDING_SYNC
2020-09-28 09:26:39 GUI:ViewModeSwitch:Unexistent->Full Screen
2020-09-28 09:26:41 DspStat:0:VMS_SUSPENDED
2020-09-28 09:26:49 GuestOSDetails: OSVersion: Ubuntu 20.04.1 LTS; OSArch: 64
2020-09-28 09:26:53 DspStat:67332:VMS_RESUMING
2020-09-28 12:19:08 DspStat:67332:VMS_RUNNING
2020-09-28 12:19:08 DspStat:67332:VMS_SUSPENDING
2020-09-28 12:19:09 GUI:ViewModeSwitch:Full Screen->Unexistent
2020-09-28 12:19:13 DspStat:67332:VMS_SUSPENDING
2020-09-28 12:19:13 DspStat:67332:VMS_SUSPENDING_SYNC
2020-09-28 14:53:36 GUI:ViewModeSwitch:Unexistent->Full Screen
2020-09-28 14:53:38 DspStat:0:VMS_SUSPENDED
2020-09-28 14:53:44 GuestOSDetails: OSVersion: Ubuntu 20.04.1 LTS; OSArch: 64
2020-09-28 14:53:47 DspStat:70131:VMS_RESUMING
2020-09-28 22:09:26 DspStat:70131:VMS_RUNNING
2020-09-28 22:09:26 DspStat:70131:VMS_SUSPENDING
2020-09-28 22:09:26 GUI:ViewModeSwitch:Full Screen->Unexistent
2020-09-28 22:09:33 DspStat:70131:VMS_SUSPENDING
2020-09-28 22:09:34 DspStat:70131:VMS_SUSPENDING_SYNC
2020-09-29 18:47:25 DspStat:0:VMS_SUSPENDED
2020-09-29 18:47:30 GuestOSDetails: OSVersion: Ubuntu 20.04.1 LTS; OSArch: 64
2020-09-29 18:47:33 DspStat:86109:VMS_RESUMING
2020-09-29 18:47:33 GUI:ViewModeSwitch:Unexistent->Full Screen
2020-09-29 20:55:23 DspStat:86109:VMS_RUNNING
2020-09-29 20:55:23 DspStat:86109:VMS_SUSPENDING
2020-09-29 20:55:24 GUI:ViewModeSwitch:Full Screen->Unexistent
2020-09-29 20:55:27 DspStat:86109:VMS_SUSPENDING
2020-09-29 20:55:27 DspStat:86109:VMS_SUSPENDING_SYNC
2020-10-02 12:30:39 DspStat:0:VMS_SUSPENDED
2020-10-02 12:30:46 GuestOSDetails: OSVersion: Ubuntu 20.04.1 LTS; OSArch: 64
2020-10-02 12:30:50 DspStat:96810:VMS_RESUMING
2020-10-02 12:30:50 GUI:ViewModeSwitch:Unexistent->Full Screen
2020-10-02 12:58:57 DspStat:96810:VMS_RUNNING
2020-10-02 12:58:57 DspStat:96810:VMS_SUSPENDING
2020-10-02 12:58:58 GUI:ViewModeSwitch:Full Screen->Unexistent
2020-10-02 12:59:02 DspStat:96810:VMS_SUSPENDING
2020-10-02 12:59:02 DspStat:96810:VMS_SUSPENDING_SYNC
2020-10-05 08:35:20 DspStat:0:VMS_SUSPENDED
2020-10-05 08:35:27 GuestOSDetails: OSVersion: Ubuntu 20.04.1 LTS; OSArch: 64
2020-10-05 08:35:31 DspStat:5745:VMS_RESUMING
2020-10-05 08:35:32 GUI:ViewModeSwitch:Unexistent->Full Screen
2020-10-05 13:31:58 DspStat:5745:VMS_RUNNING
2020-10-05 13:31:58 DspStat:5745:VMS_SUSPENDING
2020-10-05 13:31:58 GUI:ViewModeSwitch:Full Screen->Unexistent
2020-10-05 13:32:01 DspStat:5745:VMS_SUSPENDING
2020-10-05 13:32:01 DspStat:5745:VMS_SUSPENDING_SYNC
2020-10-07 09:23:51 DspStat:0:VMS_SUSPENDED
2020-10-07 09:23:56 GuestOSDetails: OSVersion: Ubuntu 20.04.1 LTS; OSArch: 64
2020-10-07 09:23:59 DspStat:17583:VMS_RESUMING
2020-10-07 09:23:59 GUI:ViewModeSwitch:Unexistent->Full Screen
2020-10-07 09:40:15 DspStat:17583:VMS_RUNNING
2020-10-07 09:40:15 DspStat:17583:VMS_SUSPENDING
2020-10-07 09:40:16 GUI:ViewModeSwitch:Full Screen->Unexistent
2020-10-07 09:40:19 DspStat:17583:VMS_SUSPENDING
2020-10-07 09:40:19 DspStat:17583:VMS_SUSPENDING_SYNC
2020-10-07 09:40:54 GUI:ViewModeSwitch:Unexistent->Full Screen
2020-10-07 09:40:55 DspStat:0:VMS_SUSPENDED
2020-10-07 09:40:58 GuestOSDetails: OSVersion: Ubuntu 20.04.1 LTS; OSArch: 64
2020-10-07 09:40:59 DspStat:17852:VMS_RESUMING
2020-10-07 13:04:17 DspStat:17852:VMS_RUNNING
2020-10-07 13:04:17 DspStat:17852:VMS_SUSPENDING
2020-10-07 13:04:18 GUI:ViewModeSwitch:Full Screen->Unexistent
2020-10-07 13:04:22 DspStat:17852:VMS_SUSPENDING
2020-10-07 13:04:22 DspStat:17852:VMS_SUSPENDING_SYNC
2020-10-26 10:30:01 DspStat:0:VMS_SUSPENDED
2020-10-26 10:30:06 GuestOSDetails: OSVersion: Ubuntu 20.04.1 LTS; OSArch: 64
2020-10-26 10:30:10 DspStat:69190:VMS_RESUMING
2020-10-26 10:30:10 GUI:ViewModeSwitch:Unexistent->Full Screen
2020-10-26 16:33:51 DspStat:69190:VMS_RUNNING
2020-10-26 16:33:51 DspStat:69190:VMS_SUSPENDING
2020-10-26 16:33:52 GUI:ViewModeSwitch:Full Screen->Unexistent
2020-10-26 16:33:55 DspStat:69190:VMS_SUSPENDING
2020-10-26 16:33:55 DspStat:69190:VMS_SUSPENDING_SYNC
2020-10-26 16:51:14 GUI:ViewModeSwitch:Unexistent->Full Screen
2020-10-26 16:51:14 DspStat:0:VMS_SUSPENDED
2020-10-26 16:51:19 GuestOSDetails: OSVersion: Ubuntu 20.04.1 LTS; OSArch: 64
2020-10-26 16:51:21 DspStat:2893:VMS_RESUMING
2020-10-26 17:00:39 PTIAgent:installation:started:lin
2020-10-26 17:00:40 GuestOSDetails: OSVersion: Ubuntu 20.04.1 LTS; OSArch: 64
2020-10-26 17:02:40 PTIAgent:installation:started:lin
2020-10-26 17:04:13 DspStat:2893:VMS_RUNNING
2020-10-26 17:04:13 DspStat:2893:VMS_RESETTING
2020-10-26 17:04:34 GuestOSDetails: OSVersion: Ubuntu 20.04.1 LTS; OSArch: 64
2020-10-26 17:26:30 DspStat:2893:VMS_RUNNING
2020-10-26 17:26:30 DspStat:2893:VMS_SUSPENDING
2020-10-26 17:26:30 GUI:ViewModeSwitch:Full Screen->Unexistent
2020-10-26 17:26:32 DspStat:2893:VMS_SUSPENDING
2020-10-26 17:26:32 DspStat:2893:VMS_SUSPENDING_SYNC
2020-10-26 17:26:36 DspStat:0:VMS_SUSPENDED
2020-10-26 17:26:39 GuestOSDetails: OSVersion: Ubuntu 20.04.1 LTS; OSArch: 64
2020-10-26 17:26:39 DspStat:3218:VMS_RESUMING
2020-10-26 17:26:39 GUI:ViewModeSwitch:Unexistent->Full Screen
2020-10-26 18:19:16 DspStat:3218:VMS_RUNNING
2020-10-26 18:19:16 DspStat:3218:VMS_SUSPENDING
2020-10-26 18:19:16 GUI:ViewModeSwitch:Full Screen->Unexistent
2020-10-26 18:19:18 DspStat:3218:VMS_SUSPENDING
2020-10-26 18:19:18 DspStat:3218:VMS_SUSPENDING_SYNC
2020-10-28 13:15:31 DspStat:0:VMS_SUSPENDED
2020-10-28 13:15:36 GuestOSDetails: OSVersion: Ubuntu 20.04.1 LTS; OSArch: 64
2020-10-28 13:15:37 DspStat:21516:VMS_RESUMING
2020-10-28 13:15:38 GUI:ViewModeSwitch:Unexistent->Full Screen
2020-10-28 17:55:11 DspStat:21516:VMS_RUNNING
2020-10-28 17:55:11 DspStat:21516:VMS_SUSPENDING
2020-10-28 17:55:11 GUI:ViewModeSwitch:Full Screen->Unexistent
2020-10-28 17:55:14 DspStat:21516:VMS_SUSPENDING
2020-10-28 17:55:15 DspStat:21516:VMS_SUSPENDING_SYNC
2020-11-09 10:27:22 DspStat:0:VMS_SUSPENDED
2020-11-09 10:27:26 GuestOSDetails: OSVersion: Ubuntu 20.04.1 LTS; OSArch: 64
2020-11-09 10:27:28 DspStat:75838:VMS_RESUMING
2020-11-09 10:27:29 GUI:ViewModeSwitch:Unexistent->Full Screen
2020-11-09 18:41:14 DspStat:75838:VMS_RUNNING
2020-11-09 18:41:14 GUI:ViewModeSwitch:Full Screen->Unexistent
2020-11-09 18:41:15 DspStat:75838:VMS_SUSPENDING
2020-11-09 18:41:18 DspStat:75838:VMS_SUSPENDING
2020-11-09 18:41:18 DspStat:75838:VMS_SUSPENDING_SYNC
2020-11-17 15:09:11 DspStat:0:VMS_SUSPENDED
2020-11-17 15:09:17 GuestOSDetails: OSVersion: Ubuntu 20.04.1 LTS; OSArch: 64
2020-11-17 15:09:22 DspStat:33327:VMS_RESUMING
2020-11-17 15:09:25 GUI:ViewModeSwitch:Unexistent->Full Screen
2020-11-17 15:29:59 DspStat:33327:VMS_RUNNING
2020-11-17 15:29:59 DspStat:33327:VMS_SUSPENDING
2020-11-17 15:30:03 GUI:ViewModeSwitch:Full Screen->Unexistent
2020-11-17 15:30:06 DspStat:33327:VMS_SUSPENDING
2020-11-17 15:30:06 DspStat:33327:VMS_SUSPENDING_SYNC
2020-11-19 11:34:45 DspStat:0:VMS_SUSPENDED
2020-11-19 11:34:50 GuestOSDetails: OSVersion: Ubuntu 20.04.1 LTS; OSArch: 64
2020-11-19 11:34:55 DspStat:3630:VMS_RESUMING
2020-11-19 11:34:56 GUI:ViewModeSwitch:Unexistent->Full Screen
2020-11-19 12:24:05 DspStat:3630:VMS_RUNNING
2020-11-19 12:24:05 DspStat:3630:VMS_SUSPENDING
2020-11-19 12:24:07 GUI:ViewModeSwitch:Full Screen->Unexistent
2020-11-19 12:24:10 DspStat:3630:VMS_SUSPENDING
2020-11-19 12:24:10 DspStat:3630:VMS_SUSPENDING_SYNC
2020-11-23 11:11:50 DspStat:0:VMS_SUSPENDED
2020-11-23 11:11:55 GuestOSDetails: OSVersion: Ubuntu 20.04.1 LTS; OSArch: 64
2020-11-23 11:11:55 DspStat:10940:VMS_RESUMING
2020-11-23 11:11:56 GUI:ViewModeSwitch:Unexistent->Full Screen
2020-11-23 15:11:12 DspStat:10940:VMS_RUNNING
2020-11-23 15:11:12 DspStat:10940:VMS_SUSPENDING
2020-11-23 15:11:13 GUI:ViewModeSwitch:Full Screen->Unexistent
2020-11-23 15:11:17 DspStat:10940:VMS_SUSPENDING
2020-11-23 15:11:17 DspStat:10940:VMS_SUSPENDING_SYNC
2020-11-23 15:32:30 DspStat:0:VMS_SUSPENDED
2020-11-23 15:32:39 GuestOSDetails: OSVersion: Ubuntu 20.04.1 LTS; OSArch: 64
2020-11-23 15:32:39 DspStat:4640:VMS_RESUMING
2020-11-23 15:32:40 GUI:ViewModeSwitch:Unexistent->Full Screen
2020-11-24 12:54:00 DspStat:4640:VMS_RUNNING
2020-11-24 12:54:00 DspStat:4640:VMS_SUSPENDING
2020-11-24 12:54:01 GUI:ViewModeSwitch:Full Screen->Unexistent
2020-11-24 12:54:08 DspStat:4640:VMS_SUSPENDING
2020-11-24 12:54:08 DspStat:4640:VMS_SUSPENDING_SYNC
2020-11-26 13:06:17 DspStat:0:VMS_SUSPENDED
2020-11-26 13:06:24 GuestOSDetails: OSVersion: Ubuntu 20.04.1 LTS; OSArch: 64
2020-11-26 13:06:24 DspStat:2322:VMS_RESUMING
2020-11-26 13:06:25 GUI:ViewModeSwitch:Unexistent->Full Screen
2020-11-26 13:13:45 PTIAgent:installation:started:lin
2020-11-26 13:13:45 GuestOSDetails: OSVersion: Ubuntu 20.04.1 LTS; OSArch: 64
2020-11-26 13:45:53 PTIAgent:installation:started:lin
2020-11-26 13:45:57 DspStat:2322:VMS_RUNNING
2020-11-26 13:45:57 DspStat:2322:VMS_RESETTING
2020-11-26 13:46:15 GuestOSDetails: OSVersion: Ubuntu 20.04.1 LTS; OSArch: 64
2020-11-26 15:01:42 DspStat:2322:VMS_RUNNING
2020-11-26 15:01:42 DspStat:2322:VMS_SUSPENDING
2020-11-26 15:01:43 GUI:ViewModeSwitch:Full Screen->Unexistent
2020-11-26 15:01:46 DspStat:2322:VMS_SUSPENDING
2020-11-26 15:01:47 DspStat:2322:VMS_SUSPENDING_SYNC
2020-11-26 15:01:48 DspStat:0:VMS_SUSPENDED
2020-11-26 15:01:51 GuestOSDetails: OSVersion: Ubuntu 20.04.1 LTS; OSArch: 64
2020-11-26 15:01:52 DspStat:3894:VMS_RESUMING
2020-11-26 15:01:53 GUI:ViewModeSwitch:Unexistent->Full Screen
2020-11-26 16:09:13 DspStat:3894:VMS_RUNNING
2020-11-26 16:09:13 DspStat:3894:VMS_SUSPENDING
2020-11-26 16:09:13 GUI:ViewModeSwitch:Full Screen->Unexistent
2020-11-26 16:09:16 DspStat:3894:VMS_SUSPENDING
2020-11-26 16:09:16 DspStat:3894:VMS_SUSPENDING_SYNC
2020-11-30 10:57:05 DspStat:0:VMS_SUSPENDED
2020-11-30 10:57:14 GuestOSDetails: OSVersion: Ubuntu 20.04.1 LTS; OSArch: 64
2020-11-30 10:57:15 DspStat:3453:VMS_RESUMING
2020-11-30 10:57:15 GUI:ViewModeSwitch:Unexistent->Full Screen
2020-11-30 13:38:12 DspStat:3453:VMS_RUNNING
2020-11-30 13:38:12 DspStat:3453:VMS_SUSPENDING
2020-11-30 13:38:13 GUI:ViewModeSwitch:Full Screen->Unexistent
2020-11-30 13:38:16 DspStat:3453:VMS_SUSPENDING
2020-11-30 13:38:17 DspStat:3453:VMS_SUSPENDING_SYNC
2020-12-07 01:34:27 DspStat:0:VMS_SUSPENDED
2020-12-07 01:34:31 GuestOSDetails: OSVersion: Ubuntu 20.04.1 LTS; OSArch: 64
2020-12-07 01:34:31 DspStat:32222:VMS_RESUMING
2020-12-07 01:34:32 GUI:ViewModeSwitch:Unexistent->Full Screen
2020-12-07 01:36:15 DspStat:32222:VMS_RUNNING
2020-12-07 01:36:16 DspStat:32222:VMS_STOPPING
2020-12-07 01:36:16 DspStat:32222:VMS_STOPPING
2020-12-07 01:36:17 GUI:ViewModeSwitch:Full Screen->Unexistent
